TN:
SF:src/constants.ts
FNF:0
FNH:0
DA:2,2
DA:10,2
DA:21,2
DA:28,2
DA:38,2
LF:5
LH:5
BRF:0
BRH:0
end_of_record
TN:
SF:src/index.ts
FN:2,(anonymous_5)
FNF:1
FNH:1
FNDA:10,(anonymous_5)
DA:2,11
DA:5,1
DA:8,1
DA:11,1
LF:4
LH:4
BRF:0
BRH:0
end_of_record
TN:
SF:src/theme.ts
FNF:0
FNH:0
DA:1,2
DA:53,2
LF:2
LH:2
BRF:0
BRH:0
end_of_record
TN:
SF:src/utils.ts
FN:2,(anonymous_0)
FN:10,(anonymous_1)
FN:15,(anonymous_2)
FNF:3
FNH:3
FNDA:11,(anonymous_0)
FNDA:20,(anonymous_1)
FNDA:17,(anonymous_2)
DA:2,1
DA:3,11
DA:4,11
DA:5,11
DA:6,11
DA:10,1
DA:11,20
DA:15,1
DA:17,17
DA:18,17
DA:19,17
DA:20,17
DA:21,17
DA:22,17
DA:26,1
DA:36,1
LF:16
LH:16
BRDA:2,0,0,6
BRDA:22,1,0,8
BRDA:22,1,1,9
BRF:3
BRH:3
end_of_record
