TN:
SF:src/ui/badge.tsx
FN:13,(anonymous_0)
FN:21,(anonymous_1)
FN:47,(anonymous_2)
FNF:3
FNH:3
FNDA:22,(anonymous_0)
FNDA:22,(anonymous_1)
FNDA:22,(anonymous_2)
DA:2,1
DA:13,1
DA:21,22
DA:22,22
DA:24,2
DA:29,3
DA:34,2
DA:40,15
DA:47,22
DA:48,22
DA:50,2
DA:56,3
DA:62,17
DA:70,22
DA:92,1
LF:15
LH:15
BRDA:15,0,0,13
BRDA:16,1,0,15
BRDA:22,2,0,2
BRDA:22,2,1,3
BRDA:22,2,2,2
BRDA:22,2,3,15
BRDA:48,3,0,2
BRDA:48,3,1,3
BRDA:48,3,2,17
BRF:9
BRH:9
end_of_record
TN:
SF:src/ui/button.tsx
FN:18,(anonymous_0)
FNF:1
FNH:1
FNDA:22,(anonymous_0)
DA:2,1
DA:18,1
DA:31,22
DA:34,22
DA:79,22
DA:98,22
DA:151,1
LF:7
LH:7
BRDA:21,0,0,14
BRDA:24,1,0,20
BRDA:31,2,0,22
BRDA:31,2,1,2
BRDA:44,3,0,4
BRDA:44,3,1,18
BRDA:44,4,0,22
BRDA:44,4,1,20
BRDA:45,5,0,2
BRDA:45,5,1,20
BRDA:46,6,0,22
BRDA:46,6,1,15
BRDA:47,7,0,22
BRDA:47,7,1,1
BRDA:48,8,0,22
BRDA:48,8,1,1
BRDA:49,9,0,22
BRDA:49,9,1,1
BRDA:55,10,0,22
BRDA:55,10,1,1
BRDA:56,11,0,22
BRDA:56,11,1,1
BRDA:62,12,0,22
BRDA:62,12,1,1
BRDA:63,13,0,22
BRDA:63,13,1,1
BRDA:68,14,0,22
BRDA:68,14,1,2
BRDA:68,14,2,1
BRDA:82,15,0,1
BRDA:82,15,1,21
BRDA:83,16,0,15
BRDA:83,16,1,6
BRDA:84,17,0,1
BRDA:84,17,1,5
BRDA:85,18,0,1
BRDA:85,18,1,4
BRDA:86,19,0,1
BRDA:86,19,1,3
BRDA:87,20,0,1
BRDA:87,20,1,2
BRDA:88,21,0,1
BRDA:88,21,1,1
BRDA:89,22,0,1
BRDA:89,22,1,0
BRDA:102,23,0,22
BRDA:102,23,1,20
BRDA:106,24,0,2
BRDA:106,24,1,20
BRDA:122,25,0,20
BRDA:122,25,1,2
BRDA:122,25,2,1
BRDA:125,26,0,2
BRDA:125,26,1,18
BRDA:128,27,0,1
BRDA:128,27,1,1
BRDA:129,28,0,2
BRDA:129,28,1,2
BRDA:129,28,2,1
BRDA:140,29,0,19
BRDA:140,29,1,1
BRF:61
BRH:60
end_of_record
TN:
SF:src/ui/card.tsx
FN:17,(anonymous_0)
FNF:1
FNH:1
FNDA:22,(anonymous_0)
DA:2,1
DA:17,1
DA:29,22
DA:49,1
LF:4
LH:4
BRDA:21,0,0,19
BRDA:22,1,0,19
BRDA:23,2,0,19
BRDA:24,3,0,21
BRDA:25,4,0,21
BRDA:35,5,0,21
BRDA:35,5,1,1
BRDA:36,6,0,4
BRDA:36,6,1,18
BRDA:42,7,0,4
BRDA:42,7,1,18
BRF:11
BRH:11
end_of_record
TN:
SF:src/ui/checkbox.tsx
FN:13,(anonymous_0)
FN:21,(anonymous_1)
FNF:2
FNH:2
FNDA:28,(anonymous_0)
FNDA:10,(anonymous_1)
DA:2,1
DA:13,1
DA:21,28
DA:22,10
DA:23,9
DA:27,28
DA:66,1
LF:7
LH:7
BRDA:14,0,0,19
BRDA:16,1,0,23
BRDA:22,2,0,9
BRDA:22,3,0,10
BRDA:22,3,1,9
BRDA:32,4,0,5
BRDA:32,4,1,23
BRDA:33,5,0,5
BRDA:33,5,1,23
BRDA:46,6,0,6
BRDA:46,6,1,22
BRDA:48,7,0,5
BRDA:48,7,1,23
BRDA:51,8,0,28
BRDA:51,8,1,6
BRF:15
BRH:15
end_of_record
TN:
SF:src/ui/divider.tsx
FN:13,(anonymous_0)
FNF:1
FNH:1
FNDA:28,(anonymous_0)
DA:2,1
DA:13,1
DA:21,28
DA:39,1
LF:4
LH:4
BRDA:14,0,0,21
BRDA:15,1,0,23
BRDA:16,2,0,17
BRDA:24,3,0,28
BRDA:24,3,1,21
BRDA:28,4,0,28
BRDA:28,4,1,7
BRF:7
BRH:7
end_of_record
TN:
SF:src/ui/input.tsx
FN:29,(anonymous_0)
FN:54,(anonymous_1)
FN:61,(anonymous_2)
FN:68,(anonymous_3)
FN:81,(anonymous_4)
FN:85,(anonymous_5)
FN:92,(anonymous_6)
FN:97,(anonymous_7)
FN:208,(anonymous_8)
FN:221,(anonymous_9)
FN:225,applyCpfMask
FN:233,applyCepMask
FN:239,applyPhoneMask
FN:246,applyBirthdateMask
FN:253,applyCurrencyMask
FNF:15
FNH:11
FNDA:28,(anonymous_0)
FNDA:0,(anonymous_1)
FNDA:0,(anonymous_2)
FNDA:7,(anonymous_3)
FNDA:0,(anonymous_4)
FNDA:28,(anonymous_5)
FNDA:28,(anonymous_6)
FNDA:0,(anonymous_7)
FNDA:7,(anonymous_8)
FNDA:2,(anonymous_9)
FNDA:1,applyCpfMask
FNDA:1,applyCepMask
FNDA:1,applyPhoneMask
FNDA:1,applyBirthdateMask
FNDA:1,applyCurrencyMask
DA:1,1
DA:2,1
DA:28,1
DA:51,28
DA:52,28
DA:54,28
DA:55,0
DA:56,0
DA:57,0
DA:61,28
DA:62,0
DA:63,0
DA:64,0
DA:68,28
DA:69,7
DA:71,7
DA:72,7
DA:74,7
DA:75,0
DA:78,7
DA:81,28
DA:82,0
DA:85,28
DA:86,28
DA:87,26
DA:88,25
DA:89,25
DA:92,28
DA:93,28
DA:94,26
DA:97,28
DA:98,0
DA:99,0
DA:102,28
DA:104,28
DA:205,1
DA:208,1
DA:209,7
DA:211,1
DA:213,1
DA:215,1
DA:217,1
DA:219,1
DA:221,2
DA:226,1
DA:234,1
DA:240,1
DA:247,1
DA:254,1
DA:255,1
DA:256,1
DA:262,1
LF:52
LH:42
BRDA:31,0,0,26
BRDA:37,1,0,23
BRDA:38,2,0,27
BRDA:39,3,0,26
BRDA:40,4,0,28
BRDA:56,5,0,0
BRDA:63,6,0,0
BRDA:69,7,0,0
BRDA:74,8,0,0
BRDA:74,9,0,7
BRDA:74,9,1,4
BRDA:86,10,0,2
BRDA:87,11,0,1
BRDA:88,12,0,0
BRDA:93,13,0,2
BRDA:98,14,0,0
BRDA:102,15,0,1
BRDA:102,15,1,27
BRDA:102,16,0,1
BRDA:102,16,1,0
BRDA:106,17,0,28
BRDA:106,17,1,1
BRDA:135,18,0,1
BRDA:135,18,1,27
BRDA:140,19,0,2
BRDA:140,19,1,26
BRDA:152,20,0,28
BRDA:152,20,1,1
BRDA:168,21,0,1
BRDA:168,21,1,0
BRDA:173,22,0,28
BRDA:173,22,1,1
BRDA:187,23,0,28
BRDA:187,23,1,1
BRDA:187,23,2,1
BRDA:209,24,0,1
BRDA:209,24,1,1
BRDA:209,24,2,1
BRDA:209,24,3,1
BRDA:209,24,4,1
BRDA:209,24,5,2
BRF:41
BRH:33
end_of_record
TN:
SF:src/ui/layout.tsx
FN:30,(anonymous_0)
FN:53,(anonymous_1)
FN:76,(anonymous_2)
FN:89,(anonymous_3)
FN:116,(anonymous_4)
FNF:5
FNH:5
FNDA:10,(anonymous_0)
FNDA:10,(anonymous_1)
FNDA:6,(anonymous_2)
FNDA:9,(anonymous_3)
FNDA:11,(anonymous_4)
DA:2,1
DA:30,1
DA:38,10
DA:53,1
DA:61,10
DA:76,1
DA:77,6
DA:89,1
DA:97,9
DA:116,1
DA:126,11
LF:11
LH:11
BRDA:34,0,0,9
BRDA:35,1,0,9
BRDA:36,2,0,9
BRDA:57,3,0,9
BRDA:58,4,0,9
BRDA:59,5,0,9
BRDA:93,6,0,8
BRDA:94,7,0,8
BRDA:95,8,0,8
BRDA:120,9,0,10
BRDA:121,10,0,10
BRDA:122,11,0,10
BRF:12
BRH:12
end_of_record
TN:
SF:src/ui/loader.tsx
FN:12,(anonymous_0)
FN:19,(anonymous_1)
FNF:2
FNH:2
FNDA:29,(anonymous_0)
FNDA:29,(anonymous_1)
DA:2,1
DA:12,1
DA:19,29
DA:20,29
DA:22,4
DA:24,4
DA:26,21
DA:30,29
DA:32,29
DA:49,1
LF:10
LH:10
BRDA:13,0,0,18
BRDA:14,1,0,23
BRDA:20,2,0,4
BRDA:20,2,1,4
BRDA:20,2,2,21
BRF:5
BRH:5
end_of_record
TN:
SF:src/ui/switch.tsx
FN:12,(anonymous_0)
FN:19,(anonymous_1)
FNF:2
FNH:2
FNDA:20,(anonymous_0)
FNDA:9,(anonymous_1)
DA:2,1
DA:12,1
DA:19,20
DA:20,9
DA:21,8
DA:25,20
DA:79,1
LF:7
LH:7
BRDA:13,0,0,11
BRDA:15,1,0,16
BRDA:20,2,0,8
BRDA:20,3,0,9
BRDA:20,3,1,8
BRDA:32,4,0,4
BRDA:32,4,1,16
BRDA:33,5,0,4
BRDA:33,5,1,16
BRDA:52,6,0,4
BRDA:52,6,1,16
BRDA:57,7,0,5
BRDA:57,7,1,15
BRDA:67,8,0,5
BRDA:67,8,1,15
BRF:15
BRH:15
end_of_record
TN:
SF:src/ui/text.tsx
FN:10,(anonymous_0)
FN:26,(anonymous_1)
FN:42,(anonymous_2)
FN:58,(anonymous_3)
FN:74,(anonymous_4)
FN:90,(anonymous_5)
FNF:6
FNH:6
FNDA:6,(anonymous_0)
FNDA:5,(anonymous_1)
FNDA:5,(anonymous_2)
FNDA:5,(anonymous_3)
FNDA:6,(anonymous_4)
FNDA:6,(anonymous_5)
DA:2,1
DA:10,1
DA:11,6
DA:26,1
DA:27,5
DA:42,1
DA:43,5
DA:58,1
DA:59,5
DA:74,1
DA:75,6
DA:90,1
DA:91,6
LF:13
LH:13
BRF:0
BRH:0
end_of_record
