{"/Users/joaovictordesousa/Projetos/s2mangas/kit_s2mangas/packages/native/src/index.ts": {"path":"/Users/joaovictordesousa/Projetos/s2mangas/kit_s2mangas/packages/native/src/index.ts","statementMap":{},"fnMap":{},"branchMap":{},"s":{},"f":{},"b":{}}
,"/Users/joaovictordesousa/Projetos/s2mangas/kit_s2mangas/packages/native/src/ui/avatar.tsx": {"path":"/Users/joaovictordesousa/Projetos/s2mangas/kit_s2mangas/packages/native/src/ui/avatar.tsx","statementMap":{"0":{"start":{"line":33,"column":38},"end":{"line":101,"column":1}},"1":{"start":{"line":51,"column":34},"end":{"line":51,"column":49}},"2":{"start":{"line":53,"column":36},"end":{"line":62,"column":3}},"3":{"start":{"line":64,"column":39},"end":{"line":68,"column":3}},"4":{"start":{"line":70,"column":39},"end":{"line":75,"column":3}},"5":{"start":{"line":77,"column":2},"end":{"line":100,"column":4}},"6":{"start":{"line":91,"column":27},"end":{"line":91,"column":44}}},"fnMap":{"0":{"name":"(anonymous_0)","decl":{"start":{"line":33,"column":38},"end":{"line":33,"column":39}},"loc":{"start":{"line":50,"column":6},"end":{"line":101,"column":1}},"line":50},"1":{"name":"(anonymous_1)","decl":{"start":{"line":91,"column":21},"end":{"line":91,"column":22}},"loc":{"start":{"line":91,"column":27},"end":{"line":91,"column":44}},"line":91}},"branchMap":{"0":{"loc":{"start":{"line":34,"column":2},"end":{"line":34,"column":12}},"type":"default-arg","locations":[{"start":{"line":34,"column":10},"end":{"line":34,"column":12}}],"line":34},"1":{"loc":{"start":{"line":35,"column":2},"end":{"line":35,"column":13}},"type":"default-arg","locations":[{"start":{"line":35,"column":11},"end":{"line":35,"column":13}}],"line":35},"2":{"loc":{"start":{"line":36,"column":2},"end":{"line":36,"column":29}},"type":"default-arg","locations":[{"start":{"line":36,"column":20},"end":{"line":36,"column":29}}],"line":36},"3":{"loc":{"start":{"line":46,"column":2},"end":{"line":46,"column":18}},"type":"default-arg","locations":[{"start":{"line":46,"column":13},"end":{"line":46,"column":18}}],"line":46},"4":{"loc":{"start":{"line":56,"column":18},"end":{"line":56,"column":71}},"type":"cond-expr","locations":[{"start":{"line":56,"column":39},"end":{"line":56,"column":41}},{"start":{"line":56,"column":44},"end":{"line":56,"column":71}}],"line":56},"5":{"loc":{"start":{"line":61,"column":13},"end":{"line":61,"column":31}},"type":"cond-expr","locations":[{"start":{"line":61,"column":24},"end":{"line":61,"column":27}},{"start":{"line":61,"column":30},"end":{"line":61,"column":31}}],"line":61},"6":{"loc":{"start":{"line":79,"column":7},"end":{"line":85,"column":7}},"type":"binary-expr","locations":[{"start":{"line":79,"column":7},"end":{"line":79,"column":14}},{"start":{"line":80,"column":8},"end":{"line":84,"column":10}}],"line":79},"7":{"loc":{"start":{"line":86,"column":119},"end":{"line":86,"column":147}},"type":"binary-expr","locations":[{"start":{"line":86,"column":119},"end":{"line":86,"column":136}},{"start":{"line":86,"column":140},"end":{"line":86,"column":147}}],"line":86},"8":{"loc":{"start":{"line":87,"column":9},"end":{"line":97,"column":9}},"type":"cond-expr","locations":[{"start":{"line":88,"column":10},"end":{"line":92,"column":12}},{"start":{"line":93,"column":12},"end":{"line":97,"column":9}}],"line":87},"9":{"loc":{"start":{"line":87,"column":9},"end":{"line":87,"column":25}},"type":"binary-expr","locations":[{"start":{"line":87,"column":9},"end":{"line":87,"column":18}},{"start":{"line":87,"column":22},"end":{"line":87,"column":25}}],"line":87},"10":{"loc":{"start":{"line":93,"column":12},"end":{"line":97,"column":9}},"type":"cond-expr","locations":[{"start":{"line":94,"column":10},"end":{"line":94,"column":59}},{"start":{"line":96,"column":10},"end":{"line":96,"column":14}}],"line":93}},"s":{"0":1,"1":0,"2":0,"3":0,"4":0,"5":0,"6":0},"f":{"0":0,"1":0},"b":{"0":[0],"1":[0],"2":[0],"3":[0],"4":[0,0],"5":[0,0],"6":[0,0],"7":[0,0],"8":[0,0],"9":[0,0],"10":[0,0]},"_coverageSchema":"1a1c01bbd47fc00a2c39e90264f33305004495a9","hash":"c4f18b709bf7bceed49bc3f5e06ed98500f2c73e"}
,"/Users/joaovictordesousa/Projetos/s2mangas/kit_s2mangas/packages/native/src/ui/badge.tsx": {"path":"/Users/joaovictordesousa/Projetos/s2mangas/kit_s2mangas/packages/native/src/ui/badge.tsx","statementMap":{"0":{"start":{"line":13,"column":43},"end":{"line":67,"column":1}},"1":{"start":{"line":21,"column":21},"end":{"line":25,"column":3}},"2":{"start":{"line":27,"column":20},"end":{"line":31,"column":3}},"3":{"start":{"line":33,"column":2},"end":{"line":47,"column":3}},"4":{"start":{"line":34,"column":4},"end":{"line":46,"column":6}},"5":{"start":{"line":49,"column":2},"end":{"line":60,"column":3}},"6":{"start":{"line":50,"column":4},"end":{"line":59,"column":6}},"7":{"start":{"line":62,"column":2},"end":{"line":66,"column":4}},"8":{"start":{"line":69,"column":15},"end":{"line":152,"column":2}}},"fnMap":{"0":{"name":"(anonymous_0)","decl":{"start":{"line":13,"column":43},"end":{"line":13,"column":44}},"loc":{"start":{"line":20,"column":6},"end":{"line":67,"column":1}},"line":20}},"branchMap":{"0":{"loc":{"start":{"line":15,"column":2},"end":{"line":15,"column":21}},"type":"default-arg","locations":[{"start":{"line":15,"column":12},"end":{"line":15,"column":21}}],"line":15},"1":{"loc":{"start":{"line":16,"column":2},"end":{"line":16,"column":18}},"type":"default-arg","locations":[{"start":{"line":16,"column":9},"end":{"line":16,"column":18}}],"line":16},"2":{"loc":{"start":{"line":33,"column":2},"end":{"line":47,"column":3}},"type":"if","locations":[{"start":{"line":33,"column":2},"end":{"line":47,"column":3}},{"start":{},"end":{}}],"line":33},"3":{"loc":{"start":{"line":49,"column":2},"end":{"line":60,"column":3}},"type":"if","locations":[{"start":{"line":49,"column":2},"end":{"line":60,"column":3}},{"start":{},"end":{}}],"line":49}},"s":{"0":1,"1":0,"2":0,"3":0,"4":0,"5":0,"6":0,"7":0,"8":1},"f":{"0":0},"b":{"0":[0],"1":[0],"2":[0,0],"3":[0,0]},"_coverageSchema":"1a1c01bbd47fc00a2c39e90264f33305004495a9","hash":"68ed6ccefa9cad2c38d91181cd2a5f481aa6bf75"}
,"/Users/joaovictordesousa/Projetos/s2mangas/kit_s2mangas/packages/native/src/ui/button.tsx": {"path":"/Users/joaovictordesousa/Projetos/s2mangas/kit_s2mangas/packages/native/src/ui/button.tsx","statementMap":{"0":{"start":{"line":18,"column":38},"end":{"line":111,"column":1}},"1":{"start":{"line":30,"column":21},"end":{"line":30,"column":38}},"2":{"start":{"line":33,"column":36},"end":{"line":50,"column":2}},"3":{"start":{"line":53,"column":31},"end":{"line":68,"column":2}},"4":{"start":{"line":71,"column":1},"end":{"line":110,"column":3}}},"fnMap":{"0":{"name":"(anonymous_0)","decl":{"start":{"line":18,"column":38},"end":{"line":18,"column":39}},"loc":{"start":{"line":29,"column":6},"end":{"line":111,"column":1}},"line":29}},"branchMap":{"0":{"loc":{"start":{"line":21,"column":1},"end":{"line":21,"column":20}},"type":"default-arg","locations":[{"start":{"line":21,"column":11},"end":{"line":21,"column":20}}],"line":21},"1":{"loc":{"start":{"line":24,"column":1},"end":{"line":24,"column":16}},"type":"default-arg","locations":[{"start":{"line":24,"column":11},"end":{"line":24,"column":16}}],"line":24},"2":{"loc":{"start":{"line":30,"column":21},"end":{"line":30,"column":38}},"type":"binary-expr","locations":[{"start":{"line":30,"column":21},"end":{"line":30,"column":26}},{"start":{"line":30,"column":30},"end":{"line":30,"column":38}}],"line":30},"3":{"loc":{"start":{"line":40,"column":6},"end":{"line":40,"column":74}},"type":"binary-expr","locations":[{"start":{"line":40,"column":6},"end":{"line":40,"column":27}},{"start":{"line":40,"column":31},"end":{"line":40,"column":74}}],"line":40},"4":{"loc":{"start":{"line":41,"column":6},"end":{"line":41,"column":71}},"type":"binary-expr","locations":[{"start":{"line":41,"column":6},"end":{"line":41,"column":29}},{"start":{"line":41,"column":33},"end":{"line":41,"column":71}}],"line":41},"5":{"loc":{"start":{"line":42,"column":6},"end":{"line":42,"column":79}},"type":"binary-expr","locations":[{"start":{"line":42,"column":6},"end":{"line":42,"column":31}},{"start":{"line":42,"column":35},"end":{"line":42,"column":79}}],"line":42},"6":{"loc":{"start":{"line":43,"column":6},"end":{"line":43,"column":198}},"type":"binary-expr","locations":[{"start":{"line":43,"column":6},"end":{"line":43,"column":25}},{"start":{"line":43,"column":29},"end":{"line":43,"column":198}}],"line":43},"7":{"loc":{"start":{"line":44,"column":6},"end":{"line":44,"column":62}},"type":"binary-expr","locations":[{"start":{"line":44,"column":6},"end":{"line":44,"column":24}},{"start":{"line":44,"column":28},"end":{"line":44,"column":62}}],"line":44},"8":{"loc":{"start":{"line":45,"column":6},"end":{"line":45,"column":121}},"type":"binary-expr","locations":[{"start":{"line":45,"column":6},"end":{"line":45,"column":27}},{"start":{"line":45,"column":31},"end":{"line":45,"column":121}}],"line":45},"9":{"loc":{"start":{"line":46,"column":6},"end":{"line":46,"column":71}},"type":"binary-expr","locations":[{"start":{"line":46,"column":6},"end":{"line":46,"column":27}},{"start":{"line":46,"column":31},"end":{"line":46,"column":71}}],"line":46},"10":{"loc":{"start":{"line":47,"column":6},"end":{"line":47,"column":188}},"type":"binary-expr","locations":[{"start":{"line":47,"column":6},"end":{"line":47,"column":24}},{"start":{"line":47,"column":28},"end":{"line":47,"column":188}}],"line":47},"11":{"loc":{"start":{"line":48,"column":6},"end":{"line":48,"column":113}},"type":"binary-expr","locations":[{"start":{"line":48,"column":6},"end":{"line":48,"column":10}},{"start":{"line":48,"column":14},"end":{"line":48,"column":26}},{"start":{"line":48,"column":30},"end":{"line":48,"column":113}}],"line":48},"12":{"loc":{"start":{"line":56,"column":9},"end":{"line":64,"column":25}},"type":"cond-expr","locations":[{"start":{"line":56,"column":30},"end":{"line":56,"column":51}},{"start":{"line":57,"column":9},"end":{"line":64,"column":25}}],"line":56},"13":{"loc":{"start":{"line":57,"column":9},"end":{"line":64,"column":25}},"type":"cond-expr","locations":[{"start":{"line":57,"column":33},"end":{"line":57,"column":49}},{"start":{"line":58,"column":9},"end":{"line":64,"column":25}}],"line":57},"14":{"loc":{"start":{"line":58,"column":9},"end":{"line":64,"column":25}},"type":"cond-expr","locations":[{"start":{"line":58,"column":35},"end":{"line":58,"column":51}},{"start":{"line":59,"column":9},"end":{"line":64,"column":25}}],"line":58},"15":{"loc":{"start":{"line":59,"column":9},"end":{"line":64,"column":25}},"type":"cond-expr","locations":[{"start":{"line":59,"column":37},"end":{"line":59,"column":58}},{"start":{"line":60,"column":9},"end":{"line":64,"column":25}}],"line":59},"16":{"loc":{"start":{"line":60,"column":9},"end":{"line":64,"column":25}},"type":"cond-expr","locations":[{"start":{"line":60,"column":31},"end":{"line":60,"column":52}},{"start":{"line":61,"column":9},"end":{"line":64,"column":25}}],"line":60},"17":{"loc":{"start":{"line":61,"column":9},"end":{"line":64,"column":25}},"type":"cond-expr","locations":[{"start":{"line":61,"column":30},"end":{"line":61,"column":46}},{"start":{"line":62,"column":9},"end":{"line":64,"column":25}}],"line":61},"18":{"loc":{"start":{"line":62,"column":9},"end":{"line":64,"column":25}},"type":"cond-expr","locations":[{"start":{"line":62,"column":33},"end":{"line":62,"column":54}},{"start":{"line":63,"column":9},"end":{"line":64,"column":25}}],"line":62},"19":{"loc":{"start":{"line":63,"column":9},"end":{"line":64,"column":25}},"type":"cond-expr","locations":[{"start":{"line":63,"column":33},"end":{"line":63,"column":54}},{"start":{"line":64,"column":9},"end":{"line":64,"column":25}}],"line":63},"20":{"loc":{"start":{"line":78,"column":13},"end":{"line":78,"column":32}},"type":"binary-expr","locations":[{"start":{"line":78,"column":13},"end":{"line":78,"column":20}},{"start":{"line":78,"column":24},"end":{"line":78,"column":32}}],"line":78},"21":{"loc":{"start":{"line":79,"column":39},"end":{"line":79,"column":57}},"type":"cond-expr","locations":[{"start":{"line":79,"column":50},"end":{"line":79,"column":53}},{"start":{"line":79,"column":56},"end":{"line":79,"column":57}}],"line":79},"22":{"loc":{"start":{"line":81,"column":4},"end":{"line":108,"column":4}},"type":"cond-expr","locations":[{"start":{"line":82,"column":4},"end":{"line":82,"column":60}},{"start":{"line":84,"column":4},"end":{"line":107,"column":11}}],"line":81},"23":{"loc":{"start":{"line":89,"column":10},"end":{"line":89,"column":67}},"type":"binary-expr","locations":[{"start":{"line":89,"column":10},"end":{"line":89,"column":14}},{"start":{"line":89,"column":18},"end":{"line":89,"column":30}},{"start":{"line":89,"column":34},"end":{"line":89,"column":67}}],"line":89},"24":{"loc":{"start":{"line":92,"column":6},"end":{"line":101,"column":13}},"type":"cond-expr","locations":[{"start":{"line":93,"column":6},"end":{"line":100,"column":13}},{"start":{"line":101,"column":9},"end":{"line":101,"column":13}}],"line":92},"25":{"loc":{"start":{"line":95,"column":21},"end":{"line":95,"column":41}},"type":"cond-expr","locations":[{"start":{"line":95,"column":35},"end":{"line":95,"column":36}},{"start":{"line":95,"column":39},"end":{"line":95,"column":41}}],"line":95},"26":{"loc":{"start":{"line":96,"column":12},"end":{"line":96,"column":117}},"type":"binary-expr","locations":[{"start":{"line":96,"column":12},"end":{"line":96,"column":16}},{"start":{"line":96,"column":20},"end":{"line":96,"column":32}},{"start":{"line":96,"column":36},"end":{"line":96,"column":117}}],"line":96},"27":{"loc":{"start":{"line":102,"column":6},"end":{"line":106,"column":13}},"type":"cond-expr","locations":[{"start":{"line":103,"column":6},"end":{"line":105,"column":13}},{"start":{"line":106,"column":9},"end":{"line":106,"column":13}}],"line":102}},"s":{"0":1,"1":0,"2":0,"3":0,"4":0},"f":{"0":0},"b":{"0":[0],"1":[0],"2":[0,0],"3":[0,0],"4":[0,0],"5":[0,0],"6":[0,0],"7":[0,0],"8":[0,0],"9":[0,0],"10":[0,0],"11":[0,0,0],"12":[0,0],"13":[0,0],"14":[0,0],"15":[0,0],"16":[0,0],"17":[0,0],"18":[0,0],"19":[0,0],"20":[0,0],"21":[0,0],"22":[0,0],"23":[0,0,0],"24":[0,0],"25":[0,0],"26":[0,0,0],"27":[0,0]},"_coverageSchema":"1a1c01bbd47fc00a2c39e90264f33305004495a9","hash":"13a161ed713f1a6b405275f4f69c29d7fed90dc6"}
,"/Users/joaovictordesousa/Projetos/s2mangas/kit_s2mangas/packages/native/src/ui/cachedimage.tsx": {"path":"/Users/joaovictordesousa/Projetos/s2mangas/kit_s2mangas/packages/native/src/ui/cachedimage.tsx","statementMap":{"0":{"start":{"line":13,"column":55},"end":{"line":72,"column":1}},"1":{"start":{"line":22,"column":36},"end":{"line":22,"column":56}},"2":{"start":{"line":23,"column":28},"end":{"line":23,"column":63}},"3":{"start":{"line":25,"column":26},"end":{"line":28,"column":3}},"4":{"start":{"line":26,"column":4},"end":{"line":26,"column":23}},"5":{"start":{"line":27,"column":4},"end":{"line":27,"column":19}},"6":{"start":{"line":30,"column":24},"end":{"line":32,"column":3}},"7":{"start":{"line":31,"column":4},"end":{"line":31,"column":24}},"8":{"start":{"line":34,"column":22},"end":{"line":37,"column":3}},"9":{"start":{"line":35,"column":4},"end":{"line":35,"column":24}},"10":{"start":{"line":36,"column":4},"end":{"line":36,"column":37}},"11":{"start":{"line":39,"column":2},"end":{"line":41,"column":3}},"12":{"start":{"line":40,"column":4},"end":{"line":40,"column":53}},"13":{"start":{"line":43,"column":2},"end":{"line":71,"column":4}}},"fnMap":{"0":{"name":"(anonymous_0)","decl":{"start":{"line":13,"column":55},"end":{"line":13,"column":56}},"loc":{"start":{"line":21,"column":6},"end":{"line":72,"column":1}},"line":21},"1":{"name":"(anonymous_1)","decl":{"start":{"line":25,"column":26},"end":{"line":25,"column":27}},"loc":{"start":{"line":25,"column":32},"end":{"line":28,"column":3}},"line":25},"2":{"name":"(anonymous_2)","decl":{"start":{"line":30,"column":24},"end":{"line":30,"column":25}},"loc":{"start":{"line":30,"column":30},"end":{"line":32,"column":3}},"line":30},"3":{"name":"(anonymous_3)","decl":{"start":{"line":34,"column":22},"end":{"line":34,"column":23}},"loc":{"start":{"line":34,"column":28},"end":{"line":37,"column":3}},"line":34}},"branchMap":{"0":{"loc":{"start":{"line":16,"column":2},"end":{"line":16,"column":19}},"type":"default-arg","locations":[{"start":{"line":16,"column":15},"end":{"line":16,"column":19}}],"line":16},"1":{"loc":{"start":{"line":17,"column":2},"end":{"line":17,"column":25}},"type":"default-arg","locations":[{"start":{"line":17,"column":16},"end":{"line":17,"column":25}}],"line":17},"2":{"loc":{"start":{"line":18,"column":2},"end":{"line":18,"column":22}},"type":"default-arg","locations":[{"start":{"line":18,"column":15},"end":{"line":18,"column":22}}],"line":18},"3":{"loc":{"start":{"line":39,"column":2},"end":{"line":41,"column":3}},"type":"if","locations":[{"start":{"line":39,"column":2},"end":{"line":41,"column":3}},{"start":{},"end":{}}],"line":39},"4":{"loc":{"start":{"line":45,"column":7},"end":{"line":60,"column":7}},"type":"binary-expr","locations":[{"start":{"line":45,"column":7},"end":{"line":45,"column":16}},{"start":{"line":45,"column":20},"end":{"line":45,"column":30}},{"start":{"line":46,"column":8},"end":{"line":59,"column":15}}],"line":45}},"s":{"0":1,"1":0,"2":0,"3":0,"4":0,"5":0,"6":0,"7":0,"8":0,"9":0,"10":0,"11":0,"12":0,"13":0},"f":{"0":0,"1":0,"2":0,"3":0},"b":{"0":[0],"1":[0],"2":[0],"3":[0,0],"4":[0,0,0]},"_coverageSchema":"1a1c01bbd47fc00a2c39e90264f33305004495a9","hash":"cad180a0e0434017ac4c7bda2c761d2a0a434248"}
,"/Users/joaovictordesousa/Projetos/s2mangas/kit_s2mangas/packages/native/src/ui/card.tsx": {"path":"/Users/joaovictordesousa/Projetos/s2mangas/kit_s2mangas/packages/native/src/ui/card.tsx","statementMap":{"0":{"start":{"line":16,"column":34},"end":{"line":47,"column":1}},"1":{"start":{"line":26,"column":2},"end":{"line":46,"column":4}}},"fnMap":{"0":{"name":"(anonymous_0)","decl":{"start":{"line":16,"column":34},"end":{"line":16,"column":35}},"loc":{"start":{"line":25,"column":6},"end":{"line":47,"column":1}},"line":25}},"branchMap":{"0":{"loc":{"start":{"line":19,"column":2},"end":{"line":19,"column":14}},"type":"default-arg","locations":[{"start":{"line":19,"column":12},"end":{"line":19,"column":14}}],"line":19},"1":{"loc":{"start":{"line":20,"column":2},"end":{"line":20,"column":12}},"type":"default-arg","locations":[{"start":{"line":20,"column":11},"end":{"line":20,"column":12}}],"line":20},"2":{"loc":{"start":{"line":21,"column":2},"end":{"line":21,"column":15}},"type":"default-arg","locations":[{"start":{"line":21,"column":14},"end":{"line":21,"column":15}}],"line":21},"3":{"loc":{"start":{"line":22,"column":2},"end":{"line":22,"column":18}},"type":"default-arg","locations":[{"start":{"line":22,"column":17},"end":{"line":22,"column":18}}],"line":22},"4":{"loc":{"start":{"line":23,"column":2},"end":{"line":23,"column":42}},"type":"default-arg","locations":[{"start":{"line":23,"column":20},"end":{"line":23,"column":42}}],"line":23}},"s":{"0":1,"1":0},"f":{"0":0},"b":{"0":[0],"1":[0],"2":[0],"3":[0],"4":[0]},"_coverageSchema":"1a1c01bbd47fc00a2c39e90264f33305004495a9","hash":"101410814226c6ded7046297c285891e879cbc9e"}
,"/Users/joaovictordesousa/Projetos/s2mangas/kit_s2mangas/packages/native/src/ui/check.tsx": {"path":"/Users/joaovictordesousa/Projetos/s2mangas/kit_s2mangas/packages/native/src/ui/check.tsx","statementMap":{"0":{"start":{"line":19,"column":36},"end":{"line":76,"column":1}},"1":{"start":{"line":40,"column":2},"end":{"line":75,"column":4}},"2":{"start":{"line":43,"column":8},"end":{"line":43,"column":27}}},"fnMap":{"0":{"name":"(anonymous_0)","decl":{"start":{"line":19,"column":36},"end":{"line":19,"column":37}},"loc":{"start":{"line":26,"column":6},"end":{"line":76,"column":1}},"line":26},"1":{"name":"(anonymous_1)","decl":{"start":{"line":42,"column":15},"end":{"line":42,"column":16}},"loc":{"start":{"line":42,"column":21},"end":{"line":44,"column":7}},"line":42}},"branchMap":{"0":{"loc":{"start":{"line":25,"column":2},"end":{"line":25,"column":18}},"type":"default-arg","locations":[{"start":{"line":25,"column":13},"end":{"line":25,"column":18}}],"line":25},"1":{"loc":{"start":{"line":48,"column":27},"end":{"line":48,"column":67}},"type":"cond-expr","locations":[{"start":{"line":48,"column":36},"end":{"line":48,"column":55}},{"start":{"line":48,"column":58},"end":{"line":48,"column":67}}],"line":48},"2":{"loc":{"start":{"line":51,"column":19},"end":{"line":51,"column":37}},"type":"cond-expr","locations":[{"start":{"line":51,"column":30},"end":{"line":51,"column":33}},{"start":{"line":51,"column":36},"end":{"line":51,"column":37}}],"line":51},"3":{"loc":{"start":{"line":67,"column":29},"end":{"line":67,"column":61}},"type":"cond-expr","locations":[{"start":{"line":67,"column":38},"end":{"line":67,"column":49}},{"start":{"line":67,"column":52},"end":{"line":67,"column":61}}],"line":67}},"s":{"0":1,"1":0,"2":0},"f":{"0":0,"1":0},"b":{"0":[0],"1":[0,0],"2":[0,0],"3":[0,0]},"_coverageSchema":"1a1c01bbd47fc00a2c39e90264f33305004495a9","hash":"22c686a325b1ab62326a3d7926482b3f35e759d4"}
,"/Users/joaovictordesousa/Projetos/s2mangas/kit_s2mangas/packages/native/src/ui/checkbox.tsx": {"path":"/Users/joaovictordesousa/Projetos/s2mangas/kit_s2mangas/packages/native/src/ui/checkbox.tsx","statementMap":{"0":{"start":{"line":21,"column":39},"end":{"line":128,"column":1}},"1":{"start":{"line":31,"column":30},"end":{"line":31,"column":80}},"2":{"start":{"line":32,"column":24},"end":{"line":32,"column":74}},"3":{"start":{"line":33,"column":24},"end":{"line":33,"column":74}},"4":{"start":{"line":35,"column":2},"end":{"line":57,"column":66}},"5":{"start":{"line":37,"column":4},"end":{"line":41,"column":15}},"6":{"start":{"line":44,"column":4},"end":{"line":49,"column":15}},"7":{"start":{"line":52,"column":4},"end":{"line":56,"column":15}},"8":{"start":{"line":59,"column":26},"end":{"line":62,"column":4}},"9":{"start":{"line":64,"column":20},"end":{"line":67,"column":4}},"10":{"start":{"line":69,"column":2},"end":{"line":127,"column":4}},"11":{"start":{"line":72,"column":8},"end":{"line":72,"column":27}}},"fnMap":{"0":{"name":"(anonymous_0)","decl":{"start":{"line":21,"column":39},"end":{"line":21,"column":40}},"loc":{"start":{"line":29,"column":6},"end":{"line":128,"column":1}},"line":29},"1":{"name":"(anonymous_1)","decl":{"start":{"line":35,"column":12},"end":{"line":35,"column":13}},"loc":{"start":{"line":35,"column":18},"end":{"line":57,"column":3}},"line":35},"2":{"name":"(anonymous_2)","decl":{"start":{"line":71,"column":15},"end":{"line":71,"column":16}},"loc":{"start":{"line":71,"column":21},"end":{"line":73,"column":7}},"line":71}},"branchMap":{"0":{"loc":{"start":{"line":31,"column":56},"end":{"line":31,"column":70}},"type":"cond-expr","locations":[{"start":{"line":31,"column":65},"end":{"line":31,"column":66}},{"start":{"line":31,"column":69},"end":{"line":31,"column":70}}],"line":31},"1":{"loc":{"start":{"line":32,"column":50},"end":{"line":32,"column":64}},"type":"cond-expr","locations":[{"start":{"line":32,"column":59},"end":{"line":32,"column":60}},{"start":{"line":32,"column":63},"end":{"line":32,"column":64}}],"line":32},"2":{"loc":{"start":{"line":33,"column":50},"end":{"line":33,"column":64}},"type":"cond-expr","locations":[{"start":{"line":33,"column":59},"end":{"line":33,"column":60}},{"start":{"line":33,"column":63},"end":{"line":33,"column":64}}],"line":33},"3":{"loc":{"start":{"line":38,"column":15},"end":{"line":38,"column":29}},"type":"cond-expr","locations":[{"start":{"line":38,"column":24},"end":{"line":38,"column":25}},{"start":{"line":38,"column":28},"end":{"line":38,"column":29}}],"line":38},"4":{"loc":{"start":{"line":45,"column":15},"end":{"line":45,"column":29}},"type":"cond-expr","locations":[{"start":{"line":45,"column":24},"end":{"line":45,"column":25}},{"start":{"line":45,"column":28},"end":{"line":45,"column":29}}],"line":45},"5":{"loc":{"start":{"line":53,"column":15},"end":{"line":53,"column":29}},"type":"cond-expr","locations":[{"start":{"line":53,"column":24},"end":{"line":53,"column":25}},{"start":{"line":53,"column":28},"end":{"line":53,"column":29}}],"line":53},"6":{"loc":{"start":{"line":79,"column":19},"end":{"line":79,"column":37}},"type":"cond-expr","locations":[{"start":{"line":79,"column":30},"end":{"line":79,"column":33}},{"start":{"line":79,"column":36},"end":{"line":79,"column":37}}],"line":79},"7":{"loc":{"start":{"line":111,"column":7},"end":{"line":125,"column":7}},"type":"binary-expr","locations":[{"start":{"line":111,"column":7},"end":{"line":111,"column":12}},{"start":{"line":112,"column":8},"end":{"line":124,"column":24}}],"line":111},"8":{"loc":{"start":{"line":115,"column":26},"end":{"line":115,"column":62}},"type":"cond-expr","locations":[{"start":{"line":115,"column":35},"end":{"line":115,"column":48}},{"start":{"line":115,"column":51},"end":{"line":115,"column":62}}],"line":115}},"s":{"0":1,"1":0,"2":0,"3":0,"4":0,"5":0,"6":0,"7":0,"8":0,"9":0,"10":0,"11":0},"f":{"0":0,"1":0,"2":0},"b":{"0":[0,0],"1":[0,0],"2":[0,0],"3":[0,0],"4":[0,0],"5":[0,0],"6":[0,0],"7":[0,0],"8":[0,0]},"_coverageSchema":"1a1c01bbd47fc00a2c39e90264f33305004495a9","hash":"31e673da083f7e0ff30afba70ac90fa240b3ff90"}
,"/Users/joaovictordesousa/Projetos/s2mangas/kit_s2mangas/packages/native/src/ui/divider.tsx": {"path":"/Users/joaovictordesousa/Projetos/s2mangas/kit_s2mangas/packages/native/src/ui/divider.tsx","statementMap":{"0":{"start":{"line":14,"column":40},"end":{"line":36,"column":1}},"1":{"start":{"line":22,"column":2},"end":{"line":35,"column":4}}},"fnMap":{"0":{"name":"(anonymous_0)","decl":{"start":{"line":14,"column":40},"end":{"line":14,"column":41}},"loc":{"start":{"line":21,"column":6},"end":{"line":36,"column":1}},"line":21}},"branchMap":{"0":{"loc":{"start":{"line":16,"column":2},"end":{"line":16,"column":27}},"type":"default-arg","locations":[{"start":{"line":16,"column":10},"end":{"line":16,"column":27}}],"line":16},"1":{"loc":{"start":{"line":17,"column":2},"end":{"line":17,"column":15}},"type":"default-arg","locations":[{"start":{"line":17,"column":14},"end":{"line":17,"column":15}}],"line":17},"2":{"loc":{"start":{"line":18,"column":2},"end":{"line":18,"column":20}},"type":"default-arg","locations":[{"start":{"line":18,"column":19},"end":{"line":18,"column":20}}],"line":18},"3":{"loc":{"start":{"line":19,"column":2},"end":{"line":19,"column":22}},"type":"default-arg","locations":[{"start":{"line":19,"column":21},"end":{"line":19,"column":22}}],"line":19}},"s":{"0":1,"1":0},"f":{"0":0},"b":{"0":[0],"1":[0],"2":[0],"3":[0]},"_coverageSchema":"1a1c01bbd47fc00a2c39e90264f33305004495a9","hash":"9ae937af6686e6499d5da68f9d1fd3c6cd58db07"}
,"/Users/joaovictordesousa/Projetos/s2mangas/kit_s2mangas/packages/native/src/ui/flatlist.tsx": {"path":"/Users/joaovictordesousa/Projetos/s2mangas/kit_s2mangas/packages/native/src/ui/flatlist.tsx","statementMap":{"0":{"start":{"line":46,"column":47},"end":{"line":46,"column":87}},"1":{"start":{"line":49,"column":2},"end":{"line":51,"column":3}},"2":{"start":{"line":50,"column":4},"end":{"line":50,"column":92}},"3":{"start":{"line":53,"column":2},"end":{"line":80,"column":4}},"4":{"start":{"line":73,"column":56},"end":{"line":77,"column":7}}},"fnMap":{"0":{"name":"FlatList","decl":{"start":{"line":27,"column":24},"end":{"line":27,"column":32}},"loc":{"start":{"line":48,"column":27},"end":{"line":81,"column":1}},"line":48},"1":{"name":"(anonymous_1)","decl":{"start":{"line":46,"column":17},"end":{"line":46,"column":18}},"loc":{"start":{"line":46,"column":47},"end":{"line":46,"column":87}},"line":46},"2":{"name":"(anonymous_2)","decl":{"start":{"line":73,"column":41},"end":{"line":73,"column":42}},"loc":{"start":{"line":73,"column":56},"end":{"line":77,"column":7}},"line":73}},"branchMap":{"0":{"loc":{"start":{"line":34,"column":2},"end":{"line":34,"column":17}},"type":"default-arg","locations":[{"start":{"line":34,"column":12},"end":{"line":34,"column":17}}],"line":34},"1":{"loc":{"start":{"line":36,"column":2},"end":{"line":36,"column":20}},"type":"default-arg","locations":[{"start":{"line":36,"column":15},"end":{"line":36,"column":20}}],"line":36},"2":{"loc":{"start":{"line":40,"column":2},"end":{"line":40,"column":29}},"type":"default-arg","locations":[{"start":{"line":40,"column":26},"end":{"line":40,"column":29}}],"line":40},"3":{"loc":{"start":{"line":44,"column":2},"end":{"line":44,"column":20}},"type":"default-arg","locations":[{"start":{"line":44,"column":15},"end":{"line":44,"column":20}}],"line":44},"4":{"loc":{"start":{"line":46,"column":2},"end":{"line":46,"column":87}},"type":"default-arg","locations":[{"start":{"line":46,"column":17},"end":{"line":46,"column":87}}],"line":46},"5":{"loc":{"start":{"line":46,"column":47},"end":{"line":46,"column":87}},"type":"binary-expr","locations":[{"start":{"line":46,"column":47},"end":{"line":46,"column":67}},{"start":{"line":46,"column":71},"end":{"line":46,"column":87}}],"line":46},"6":{"loc":{"start":{"line":49,"column":2},"end":{"line":51,"column":3}},"type":"if","locations":[{"start":{"line":49,"column":2},"end":{"line":51,"column":3}},{"start":{},"end":{}}],"line":49},"7":{"loc":{"start":{"line":49,"column":6},"end":{"line":49,"column":33}},"type":"binary-expr","locations":[{"start":{"line":49,"column":6},"end":{"line":49,"column":13}},{"start":{"line":49,"column":17},"end":{"line":49,"column":33}}],"line":49},"8":{"loc":{"start":{"line":50,"column":11},"end":{"line":50,"column":91}},"type":"cond-expr","locations":[{"start":{"line":50,"column":52},"end":{"line":50,"column":68}},{"start":{"line":50,"column":71},"end":{"line":50,"column":91}}],"line":50},"9":{"loc":{"start":{"line":73,"column":21},"end":{"line":77,"column":20}},"type":"cond-expr","locations":[{"start":{"line":73,"column":41},"end":{"line":77,"column":8}},{"start":{"line":77,"column":11},"end":{"line":77,"column":20}}],"line":73}},"s":{"0":0,"1":0,"2":0,"3":0,"4":0},"f":{"0":0,"1":0,"2":0},"b":{"0":[0],"1":[0],"2":[0],"3":[0],"4":[0],"5":[0,0],"6":[0,0],"7":[0,0],"8":[0,0],"9":[0,0]},"_coverageSchema":"1a1c01bbd47fc00a2c39e90264f33305004495a9","hash":"df8a27e68bb16803bd3102a3b79666a477483c2b"}
,"/Users/joaovictordesousa/Projetos/s2mangas/kit_s2mangas/packages/native/src/ui/icon.tsx": {"path":"/Users/joaovictordesousa/Projetos/s2mangas/kit_s2mangas/packages/native/src/ui/icon.tsx","statementMap":{"0":{"start":{"line":23,"column":34},"end":{"line":98,"column":1}},"1":{"start":{"line":37,"column":24},"end":{"line":41,"column":4}},"2":{"start":{"line":44,"column":2},"end":{"line":47,"column":3}},"3":{"start":{"line":45,"column":4},"end":{"line":45,"column":68}},"4":{"start":{"line":46,"column":4},"end":{"line":46,"column":16}},"5":{"start":{"line":50,"column":4},"end":{"line":54,"column":6}},"6":{"start":{"line":58,"column":2},"end":{"line":79,"column":3}},"7":{"start":{"line":59,"column":4},"end":{"line":78,"column":6}},"8":{"start":{"line":82,"column":2},"end":{"line":97,"column":4}}},"fnMap":{"0":{"name":"(anonymous_0)","decl":{"start":{"line":23,"column":34},"end":{"line":23,"column":35}},"loc":{"start":{"line":35,"column":6},"end":{"line":98,"column":1}},"line":35}},"branchMap":{"0":{"loc":{"start":{"line":25,"column":2},"end":{"line":25,"column":11}},"type":"default-arg","locations":[{"start":{"line":25,"column":9},"end":{"line":25,"column":11}}],"line":25},"1":{"loc":{"start":{"line":26,"column":2},"end":{"line":26,"column":26}},"type":"default-arg","locations":[{"start":{"line":26,"column":10},"end":{"line":26,"column":26}}],"line":26},"2":{"loc":{"start":{"line":27,"column":2},"end":{"line":27,"column":19}},"type":"default-arg","locations":[{"start":{"line":27,"column":16},"end":{"line":27,"column":19}}],"line":27},"3":{"loc":{"start":{"line":30,"column":2},"end":{"line":30,"column":18}},"type":"default-arg","locations":[{"start":{"line":30,"column":13},"end":{"line":30,"column":18}}],"line":30},"4":{"loc":{"start":{"line":34,"column":2},"end":{"line":34,"column":50}},"type":"default-arg","locations":[{"start":{"line":34,"column":22},"end":{"line":34,"column":50}}],"line":34},"5":{"loc":{"start":{"line":34,"column":22},"end":{"line":34,"column":50}},"type":"cond-expr","locations":[{"start":{"line":34,"column":32},"end":{"line":34,"column":40}},{"start":{"line":34,"column":43},"end":{"line":34,"column":50}}],"line":34},"6":{"loc":{"start":{"line":44,"column":2},"end":{"line":47,"column":3}},"type":"if","locations":[{"start":{"line":44,"column":2},"end":{"line":47,"column":3}},{"start":{},"end":{}}],"line":44},"7":{"loc":{"start":{"line":58,"column":2},"end":{"line":79,"column":3}},"type":"if","locations":[{"start":{"line":58,"column":2},"end":{"line":79,"column":3}},{"start":{},"end":{}}],"line":58},"8":{"loc":{"start":{"line":61,"column":17},"end":{"line":61,"column":48}},"type":"cond-expr","locations":[{"start":{"line":61,"column":29},"end":{"line":61,"column":36}},{"start":{"line":61,"column":39},"end":{"line":61,"column":48}}],"line":61},"9":{"loc":{"start":{"line":64,"column":21},"end":{"line":64,"column":39}},"type":"cond-expr","locations":[{"start":{"line":64,"column":32},"end":{"line":64,"column":35}},{"start":{"line":64,"column":38},"end":{"line":64,"column":39}}],"line":64},"10":{"loc":{"start":{"line":71,"column":28},"end":{"line":71,"column":66}},"type":"binary-expr","locations":[{"start":{"line":71,"column":28},"end":{"line":71,"column":46}},{"start":{"line":71,"column":50},"end":{"line":71,"column":66}}],"line":71},"11":{"loc":{"start":{"line":92,"column":26},"end":{"line":92,"column":62}},"type":"binary-expr","locations":[{"start":{"line":92,"column":26},"end":{"line":92,"column":44}},{"start":{"line":92,"column":48},"end":{"line":92,"column":62}}],"line":92}},"s":{"0":1,"1":0,"2":0,"3":0,"4":0,"5":0,"6":0,"7":0,"8":0},"f":{"0":0},"b":{"0":[0],"1":[0],"2":[0],"3":[0],"4":[0],"5":[0,0],"6":[0,0],"7":[0,0],"8":[0,0],"9":[0,0],"10":[0,0],"11":[0,0]},"_coverageSchema":"1a1c01bbd47fc00a2c39e90264f33305004495a9","hash":"9463b64eb53c038c43756e0c25c1d42f2698174c"}
,"/Users/joaovictordesousa/Projetos/s2mangas/kit_s2mangas/packages/native/src/ui/image.tsx": {"path":"/Users/joaovictordesousa/Projetos/s2mangas/kit_s2mangas/packages/native/src/ui/image.tsx","statementMap":{"0":{"start":{"line":38,"column":42},"end":{"line":156,"column":1}},"1":{"start":{"line":56,"column":22},"end":{"line":56,"column":64}},"2":{"start":{"line":58,"column":2},"end":{"line":103,"column":3}},"3":{"start":{"line":59,"column":4},"end":{"line":102,"column":6}},"4":{"start":{"line":105,"column":2},"end":{"line":131,"column":3}},"5":{"start":{"line":106,"column":4},"end":{"line":130,"column":6}},"6":{"start":{"line":133,"column":2},"end":{"line":155,"column":4}}},"fnMap":{"0":{"name":"(anonymous_0)","decl":{"start":{"line":38,"column":42},"end":{"line":38,"column":43}},"loc":{"start":{"line":55,"column":6},"end":{"line":156,"column":1}},"line":55}},"branchMap":{"0":{"loc":{"start":{"line":39,"column":2},"end":{"line":39,"column":10}},"type":"default-arg","locations":[{"start":{"line":39,"column":8},"end":{"line":39,"column":10}}],"line":39},"1":{"loc":{"start":{"line":40,"column":2},"end":{"line":40,"column":7}},"type":"default-arg","locations":[{"start":{"line":40,"column":6},"end":{"line":40,"column":7}}],"line":40},"2":{"loc":{"start":{"line":41,"column":2},"end":{"line":41,"column":7}},"type":"default-arg","locations":[{"start":{"line":41,"column":6},"end":{"line":41,"column":7}}],"line":41},"3":{"loc":{"start":{"line":42,"column":2},"end":{"line":42,"column":7}},"type":"default-arg","locations":[{"start":{"line":42,"column":6},"end":{"line":42,"column":7}}],"line":42},"4":{"loc":{"start":{"line":43,"column":2},"end":{"line":43,"column":18}},"type":"default-arg","locations":[{"start":{"line":43,"column":10},"end":{"line":43,"column":18}}],"line":43},"5":{"loc":{"start":{"line":56,"column":22},"end":{"line":56,"column":64}},"type":"binary-expr","locations":[{"start":{"line":56,"column":22},"end":{"line":56,"column":28}},{"start":{"line":56,"column":33},"end":{"line":56,"column":63}}],"line":56},"6":{"loc":{"start":{"line":56,"column":33},"end":{"line":56,"column":63}},"type":"cond-expr","locations":[{"start":{"line":56,"column":39},"end":{"line":56,"column":51}},{"start":{"line":56,"column":54},"end":{"line":56,"column":63}}],"line":56},"7":{"loc":{"start":{"line":58,"column":2},"end":{"line":103,"column":3}},"type":"if","locations":[{"start":{"line":58,"column":2},"end":{"line":103,"column":3}},{"start":{},"end":{}}],"line":58},"8":{"loc":{"start":{"line":77,"column":28},"end":{"line":79,"column":71}},"type":"cond-expr","locations":[{"start":{"line":77,"column":53},"end":{"line":77,"column":60}},{"start":{"line":78,"column":27},"end":{"line":79,"column":71}}],"line":77},"9":{"loc":{"start":{"line":78,"column":27},"end":{"line":79,"column":71}},"type":"cond-expr","locations":[{"start":{"line":78,"column":54},"end":{"line":78,"column":63}},{"start":{"line":79,"column":27},"end":{"line":79,"column":71}}],"line":78},"10":{"loc":{"start":{"line":79,"column":27},"end":{"line":79,"column":71}},"type":"cond-expr","locations":[{"start":{"line":79,"column":51},"end":{"line":79,"column":60}},{"start":{"line":79,"column":63},"end":{"line":79,"column":71}}],"line":79},"11":{"loc":{"start":{"line":85,"column":11},"end":{"line":99,"column":11}},"type":"binary-expr","locations":[{"start":{"line":85,"column":11},"end":{"line":85,"column":19}},{"start":{"line":85,"column":23},"end":{"line":85,"column":35}},{"start":{"line":86,"column":12},"end":{"line":98,"column":19}}],"line":85},"12":{"loc":{"start":{"line":105,"column":2},"end":{"line":131,"column":3}},"type":"if","locations":[{"start":{"line":105,"column":2},"end":{"line":131,"column":3}},{"start":{},"end":{}}],"line":105},"13":{"loc":{"start":{"line":121,"column":26},"end":{"line":123,"column":69}},"type":"cond-expr","locations":[{"start":{"line":121,"column":51},"end":{"line":121,"column":58}},{"start":{"line":122,"column":25},"end":{"line":123,"column":69}}],"line":121},"14":{"loc":{"start":{"line":122,"column":25},"end":{"line":123,"column":69}},"type":"cond-expr","locations":[{"start":{"line":122,"column":52},"end":{"line":122,"column":61}},{"start":{"line":123,"column":25},"end":{"line":123,"column":69}}],"line":122},"15":{"loc":{"start":{"line":123,"column":25},"end":{"line":123,"column":69}},"type":"cond-expr","locations":[{"start":{"line":123,"column":49},"end":{"line":123,"column":58}},{"start":{"line":123,"column":61},"end":{"line":123,"column":69}}],"line":123},"16":{"loc":{"start":{"line":147,"column":22},"end":{"line":149,"column":65}},"type":"cond-expr","locations":[{"start":{"line":147,"column":47},"end":{"line":147,"column":54}},{"start":{"line":148,"column":21},"end":{"line":149,"column":65}}],"line":147},"17":{"loc":{"start":{"line":148,"column":21},"end":{"line":149,"column":65}},"type":"cond-expr","locations":[{"start":{"line":148,"column":48},"end":{"line":148,"column":57}},{"start":{"line":149,"column":21},"end":{"line":149,"column":65}}],"line":148},"18":{"loc":{"start":{"line":149,"column":21},"end":{"line":149,"column":65}},"type":"cond-expr","locations":[{"start":{"line":149,"column":45},"end":{"line":149,"column":54}},{"start":{"line":149,"column":57},"end":{"line":149,"column":65}}],"line":149}},"s":{"0":1,"1":0,"2":0,"3":0,"4":0,"5":0,"6":0},"f":{"0":0},"b":{"0":[0],"1":[0],"2":[0],"3":[0],"4":[0],"5":[0,0],"6":[0,0],"7":[0,0],"8":[0,0],"9":[0,0],"10":[0,0],"11":[0,0,0],"12":[0,0],"13":[0,0],"14":[0,0],"15":[0,0],"16":[0,0],"17":[0,0],"18":[0,0]},"_coverageSchema":"1a1c01bbd47fc00a2c39e90264f33305004495a9","hash":"7e6314fe15e7d2ff1a4bc8166339d1daf2fdb670"}
,"/Users/joaovictordesousa/Projetos/s2mangas/kit_s2mangas/packages/native/src/ui/index.ts": {"path":"/Users/joaovictordesousa/Projetos/s2mangas/kit_s2mangas/packages/native/src/ui/index.ts","statementMap":{"0":{"start":{"line":20,"column":21},"end":{"line":20,"column":51}},"1":{"start":{"line":21,"column":22},"end":{"line":21,"column":53}}},"fnMap":{},"branchMap":{},"s":{"0":0,"1":0},"f":{},"b":{}}
,"/Users/joaovictordesousa/Projetos/s2mangas/kit_s2mangas/packages/native/src/ui/input.tsx": {"path":"/Users/joaovictordesousa/Projetos/s2mangas/kit_s2mangas/packages/native/src/ui/input.tsx","statementMap":{"0":{"start":{"line":33,"column":14},"end":{"line":233,"column":1}},"1":{"start":{"line":57,"column":38},"end":{"line":57,"column":64}},"2":{"start":{"line":58,"column":36},"end":{"line":58,"column":65}},"3":{"start":{"line":60,"column":24},"end":{"line":65,"column":5}},"4":{"start":{"line":61,"column":6},"end":{"line":61,"column":25}},"5":{"start":{"line":62,"column":6},"end":{"line":64,"column":7}},"6":{"start":{"line":63,"column":8},"end":{"line":63,"column":25}},"7":{"start":{"line":67,"column":23},"end":{"line":72,"column":5}},"8":{"start":{"line":68,"column":6},"end":{"line":68,"column":26}},"9":{"start":{"line":69,"column":6},"end":{"line":71,"column":7}},"10":{"start":{"line":70,"column":8},"end":{"line":70,"column":24}},"11":{"start":{"line":74,"column":29},"end":{"line":85,"column":5}},"12":{"start":{"line":75,"column":6},"end":{"line":75,"column":32}},"13":{"start":{"line":75,"column":25},"end":{"line":75,"column":32}},"14":{"start":{"line":77,"column":42},"end":{"line":77,"column":63}},"15":{"start":{"line":78,"column":23},"end":{"line":78,"column":41}},"16":{"start":{"line":80,"column":6},"end":{"line":82,"column":7}},"17":{"start":{"line":81,"column":8},"end":{"line":81,"column":52}},"18":{"start":{"line":84,"column":6},"end":{"line":84,"column":31}},"19":{"start":{"line":87,"column":37},"end":{"line":89,"column":5}},"20":{"start":{"line":88,"column":6},"end":{"line":88,"column":29}},"21":{"start":{"line":91,"column":27},"end":{"line":96,"column":5}},"22":{"start":{"line":92,"column":6},"end":{"line":92,"column":45}},"23":{"start":{"line":92,"column":20},"end":{"line":92,"column":45}},"24":{"start":{"line":93,"column":6},"end":{"line":93,"column":48}},"25":{"start":{"line":93,"column":17},"end":{"line":93,"column":48}},"26":{"start":{"line":94,"column":6},"end":{"line":94,"column":48}},"27":{"start":{"line":94,"column":21},"end":{"line":94,"column":48}},"28":{"start":{"line":95,"column":6},"end":{"line":95,"column":39}},"29":{"start":{"line":98,"column":25},"end":{"line":101,"column":5}},"30":{"start":{"line":99,"column":6},"end":{"line":99,"column":45}},"31":{"start":{"line":99,"column":20},"end":{"line":99,"column":45}},"32":{"start":{"line":100,"column":6},"end":{"line":100,"column":30}},"33":{"start":{"line":103,"column":32},"end":{"line":106,"column":5}},"34":{"start":{"line":104,"column":6},"end":{"line":104,"column":45}},"35":{"start":{"line":104,"column":20},"end":{"line":104,"column":45}},"36":{"start":{"line":105,"column":6},"end":{"line":105,"column":37}},"37":{"start":{"line":108,"column":4},"end":{"line":231,"column":6}},"38":{"start":{"line":235,"column":0},"end":{"line":235,"column":28}},"39":{"start":{"line":240,"column":24},"end":{"line":255,"column":1}},"40":{"start":{"line":241,"column":2},"end":{"line":254,"column":3}},"41":{"start":{"line":243,"column":6},"end":{"line":243,"column":59}},"42":{"start":{"line":245,"column":6},"end":{"line":245,"column":61}},"43":{"start":{"line":247,"column":6},"end":{"line":247,"column":58}},"44":{"start":{"line":249,"column":6},"end":{"line":249,"column":65}},"45":{"start":{"line":251,"column":6},"end":{"line":251,"column":64}},"46":{"start":{"line":253,"column":6},"end":{"line":253,"column":68}},"47":{"start":{"line":253,"column":47},"end":{"line":253,"column":51}},"48":{"start":{"line":259,"column":2},"end":{"line":264,"column":43}},"49":{"start":{"line":268,"column":2},"end":{"line":271,"column":37}},"50":{"start":{"line":275,"column":2},"end":{"line":279,"column":37}},"51":{"start":{"line":283,"column":2},"end":{"line":287,"column":37}},"52":{"start":{"line":291,"column":2},"end":{"line":295,"column":25}}},"fnMap":{"0":{"name":"(anonymous_0)","decl":{"start":{"line":34,"column":2},"end":{"line":34,"column":3}},"loc":{"start":{"line":56,"column":7},"end":{"line":232,"column":3}},"line":56},"1":{"name":"(anonymous_1)","decl":{"start":{"line":60,"column":24},"end":{"line":60,"column":25}},"loc":{"start":{"line":60,"column":36},"end":{"line":65,"column":5}},"line":60},"2":{"name":"(anonymous_2)","decl":{"start":{"line":67,"column":23},"end":{"line":67,"column":24}},"loc":{"start":{"line":67,"column":35},"end":{"line":72,"column":5}},"line":67},"3":{"name":"(anonymous_3)","decl":{"start":{"line":74,"column":29},"end":{"line":74,"column":30}},"loc":{"start":{"line":74,"column":47},"end":{"line":85,"column":5}},"line":74},"4":{"name":"(anonymous_4)","decl":{"start":{"line":87,"column":37},"end":{"line":87,"column":38}},"loc":{"start":{"line":87,"column":43},"end":{"line":89,"column":5}},"line":87},"5":{"name":"(anonymous_5)","decl":{"start":{"line":91,"column":27},"end":{"line":91,"column":28}},"loc":{"start":{"line":91,"column":33},"end":{"line":96,"column":5}},"line":91},"6":{"name":"(anonymous_6)","decl":{"start":{"line":98,"column":25},"end":{"line":98,"column":26}},"loc":{"start":{"line":98,"column":31},"end":{"line":101,"column":5}},"line":98},"7":{"name":"(anonymous_7)","decl":{"start":{"line":103,"column":32},"end":{"line":103,"column":33}},"loc":{"start":{"line":103,"column":38},"end":{"line":106,"column":5}},"line":103},"8":{"name":"(anonymous_8)","decl":{"start":{"line":240,"column":24},"end":{"line":240,"column":25}},"loc":{"start":{"line":240,"column":55},"end":{"line":255,"column":1}},"line":240},"9":{"name":"(anonymous_9)","decl":{"start":{"line":253,"column":29},"end":{"line":253,"column":30}},"loc":{"start":{"line":253,"column":47},"end":{"line":253,"column":51}},"line":253},"10":{"name":"applyCpfMask","decl":{"start":{"line":258,"column":9},"end":{"line":258,"column":21}},"loc":{"start":{"line":258,"column":45},"end":{"line":265,"column":1}},"line":258},"11":{"name":"applyCepMask","decl":{"start":{"line":267,"column":9},"end":{"line":267,"column":21}},"loc":{"start":{"line":267,"column":45},"end":{"line":272,"column":1}},"line":267},"12":{"name":"applyPhoneMask","decl":{"start":{"line":274,"column":9},"end":{"line":274,"column":23}},"loc":{"start":{"line":274,"column":47},"end":{"line":280,"column":1}},"line":274},"13":{"name":"applyBirthdateMask","decl":{"start":{"line":282,"column":9},"end":{"line":282,"column":27}},"loc":{"start":{"line":282,"column":51},"end":{"line":288,"column":1}},"line":282},"14":{"name":"applyCurrencyMask","decl":{"start":{"line":290,"column":9},"end":{"line":290,"column":26}},"loc":{"start":{"line":290,"column":50},"end":{"line":296,"column":1}},"line":290}},"branchMap":{"0":{"loc":{"start":{"line":36,"column":6},"end":{"line":36,"column":16}},"type":"default-arg","locations":[{"start":{"line":36,"column":14},"end":{"line":36,"column":16}}],"line":36},"1":{"loc":{"start":{"line":42,"column":6},"end":{"line":42,"column":30}},"type":"default-arg","locations":[{"start":{"line":42,"column":21},"end":{"line":42,"column":30}}],"line":42},"2":{"loc":{"start":{"line":44,"column":6},"end":{"line":44,"column":24}},"type":"default-arg","locations":[{"start":{"line":44,"column":19},"end":{"line":44,"column":24}}],"line":44},"3":{"loc":{"start":{"line":45,"column":6},"end":{"line":45,"column":22}},"type":"default-arg","locations":[{"start":{"line":45,"column":17},"end":{"line":45,"column":22}}],"line":45},"4":{"loc":{"start":{"line":46,"column":6},"end":{"line":46,"column":21}},"type":"default-arg","locations":[{"start":{"line":46,"column":16},"end":{"line":46,"column":21}}],"line":46},"5":{"loc":{"start":{"line":62,"column":6},"end":{"line":64,"column":7}},"type":"if","locations":[{"start":{"line":62,"column":6},"end":{"line":64,"column":7}},{"start":{},"end":{}}],"line":62},"6":{"loc":{"start":{"line":69,"column":6},"end":{"line":71,"column":7}},"type":"if","locations":[{"start":{"line":69,"column":6},"end":{"line":71,"column":7}},{"start":{},"end":{}}],"line":69},"7":{"loc":{"start":{"line":75,"column":6},"end":{"line":75,"column":32}},"type":"if","locations":[{"start":{"line":75,"column":6},"end":{"line":75,"column":32}},{"start":{},"end":{}}],"line":75},"8":{"loc":{"start":{"line":80,"column":6},"end":{"line":82,"column":7}},"type":"if","locations":[{"start":{"line":80,"column":6},"end":{"line":82,"column":7}},{"start":{},"end":{}}],"line":80},"9":{"loc":{"start":{"line":80,"column":10},"end":{"line":80,"column":52}},"type":"binary-expr","locations":[{"start":{"line":80,"column":10},"end":{"line":80,"column":19}},{"start":{"line":80,"column":23},"end":{"line":80,"column":52}}],"line":80},"10":{"loc":{"start":{"line":92,"column":6},"end":{"line":92,"column":45}},"type":"if","locations":[{"start":{"line":92,"column":6},"end":{"line":92,"column":45}},{"start":{},"end":{}}],"line":92},"11":{"loc":{"start":{"line":93,"column":6},"end":{"line":93,"column":48}},"type":"if","locations":[{"start":{"line":93,"column":6},"end":{"line":93,"column":48}},{"start":{},"end":{}}],"line":93},"12":{"loc":{"start":{"line":94,"column":6},"end":{"line":94,"column":48}},"type":"if","locations":[{"start":{"line":94,"column":6},"end":{"line":94,"column":48}},{"start":{},"end":{}}],"line":94},"13":{"loc":{"start":{"line":99,"column":6},"end":{"line":99,"column":45}},"type":"if","locations":[{"start":{"line":99,"column":6},"end":{"line":99,"column":45}},{"start":{},"end":{}}],"line":99},"14":{"loc":{"start":{"line":104,"column":6},"end":{"line":104,"column":45}},"type":"if","locations":[{"start":{"line":104,"column":6},"end":{"line":104,"column":45}},{"start":{},"end":{}}],"line":104},"15":{"loc":{"start":{"line":111,"column":9},"end":{"line":125,"column":9}},"type":"binary-expr","locations":[{"start":{"line":111,"column":9},"end":{"line":111,"column":14}},{"start":{"line":112,"column":10},"end":{"line":124,"column":17}}],"line":111},"16":{"loc":{"start":{"line":117,"column":23},"end":{"line":117,"column":74}},"type":"cond-expr","locations":[{"start":{"line":117,"column":31},"end":{"line":117,"column":54}},{"start":{"line":117,"column":57},"end":{"line":117,"column":74}}],"line":117},"17":{"loc":{"start":{"line":140,"column":32},"end":{"line":140,"column":54}},"type":"binary-expr","locations":[{"start":{"line":140,"column":32},"end":{"line":140,"column":37}},{"start":{"line":140,"column":41},"end":{"line":140,"column":54}}],"line":140},"18":{"loc":{"start":{"line":154,"column":33},"end":{"line":154,"column":86}},"type":"cond-expr","locations":[{"start":{"line":154,"column":44},"end":{"line":154,"column":61}},{"start":{"line":154,"column":64},"end":{"line":154,"column":86}}],"line":154},"19":{"loc":{"start":{"line":173,"column":11},"end":{"line":194,"column":11}},"type":"binary-expr","locations":[{"start":{"line":173,"column":11},"end":{"line":173,"column":21}},{"start":{"line":174,"column":12},"end":{"line":193,"column":24}}],"line":173},"20":{"loc":{"start":{"line":177,"column":34},"end":{"line":177,"column":78}},"type":"cond-expr","locations":[{"start":{"line":177,"column":45},"end":{"line":177,"column":60}},{"start":{"line":177,"column":63},"end":{"line":177,"column":78}}],"line":177},"21":{"loc":{"start":{"line":188,"column":15},"end":{"line":192,"column":15}},"type":"cond-expr","locations":[{"start":{"line":189,"column":16},"end":{"line":189,"column":58}},{"start":{"line":191,"column":16},"end":{"line":191,"column":61}}],"line":188},"22":{"loc":{"start":{"line":198,"column":9},"end":{"line":212,"column":9}},"type":"binary-expr","locations":[{"start":{"line":198,"column":9},"end":{"line":198,"column":14}},{"start":{"line":199,"column":10},"end":{"line":211,"column":17}}],"line":198},"23":{"loc":{"start":{"line":215,"column":9},"end":{"line":229,"column":9}},"type":"binary-expr","locations":[{"start":{"line":215,"column":9},"end":{"line":215,"column":19}},{"start":{"line":215,"column":23},"end":{"line":215,"column":29}},{"start":{"line":216,"column":10},"end":{"line":228,"column":17}}],"line":215},"24":{"loc":{"start":{"line":241,"column":2},"end":{"line":254,"column":3}},"type":"switch","locations":[{"start":{"line":242,"column":4},"end":{"line":243,"column":59}},{"start":{"line":244,"column":4},"end":{"line":245,"column":61}},{"start":{"line":246,"column":4},"end":{"line":247,"column":58}},{"start":{"line":248,"column":4},"end":{"line":249,"column":65}},{"start":{"line":250,"column":4},"end":{"line":251,"column":64}},{"start":{"line":252,"column":4},"end":{"line":253,"column":68}}],"line":241}},"s":{"0":1,"1":0,"2":0,"3":0,"4":0,"5":0,"6":0,"7":0,"8":0,"9":0,"10":0,"11":0,"12":0,"13":0,"14":0,"15":0,"16":0,"17":0,"18":0,"19":0,"20":0,"21":0,"22":0,"23":0,"24":0,"25":0,"26":0,"27":0,"28":0,"29":0,"30":0,"31":0,"32":0,"33":0,"34":0,"35":0,"36":0,"37":0,"38":1,"39":1,"40":0,"41":0,"42":0,"43":0,"44":0,"45":0,"46":0,"47":0,"48":0,"49":0,"50":0,"51":0,"52":0},"f":{"0":0,"1":0,"2":0,"3":0,"4":0,"5":0,"6":0,"7":0,"8":0,"9":0,"10":0,"11":0,"12":0,"13":0,"14":0},"b":{"0":[0],"1":[0],"2":[0],"3":[0],"4":[0],"5":[0,0],"6":[0,0],"7":[0,0],"8":[0,0],"9":[0,0],"10":[0,0],"11":[0,0],"12":[0,0],"13":[0,0],"14":[0,0],"15":[0,0],"16":[0,0],"17":[0,0],"18":[0,0],"19":[0,0],"20":[0,0],"21":[0,0],"22":[0,0],"23":[0,0,0],"24":[0,0,0,0,0,0]},"_coverageSchema":"1a1c01bbd47fc00a2c39e90264f33305004495a9","hash":"bb3148f16089dbe013bf13546bd89d5562bdd86e"}
,"/Users/joaovictordesousa/Projetos/s2mangas/kit_s2mangas/packages/native/src/ui/input_big.tsx": {"path":"/Users/joaovictordesousa/Projetos/s2mangas/kit_s2mangas/packages/native/src/ui/input_big.tsx","statementMap":{"0":{"start":{"line":23,"column":17},"end":{"line":85,"column":1}},"1":{"start":{"line":39,"column":30},"end":{"line":39,"column":54}},"2":{"start":{"line":40,"column":24},"end":{"line":42,"column":5}},"3":{"start":{"line":41,"column":6},"end":{"line":41,"column":21}},"4":{"start":{"line":43,"column":23},"end":{"line":45,"column":5}},"5":{"start":{"line":44,"column":6},"end":{"line":44,"column":22}},"6":{"start":{"line":46,"column":29},"end":{"line":55,"column":5}},"7":{"start":{"line":47,"column":42},"end":{"line":47,"column":63}},"8":{"start":{"line":48,"column":23},"end":{"line":48,"column":41}},"9":{"start":{"line":50,"column":6},"end":{"line":52,"column":7}},"10":{"start":{"line":51,"column":8},"end":{"line":51,"column":52}},"11":{"start":{"line":54,"column":6},"end":{"line":54,"column":27}},"12":{"start":{"line":57,"column":4},"end":{"line":83,"column":6}},"13":{"start":{"line":89,"column":24},"end":{"line":102,"column":1}},"14":{"start":{"line":90,"column":2},"end":{"line":101,"column":3}},"15":{"start":{"line":92,"column":6},"end":{"line":92,"column":59}},"16":{"start":{"line":94,"column":6},"end":{"line":94,"column":61}},"17":{"start":{"line":96,"column":6},"end":{"line":96,"column":58}},"18":{"start":{"line":98,"column":6},"end":{"line":98,"column":65}},"19":{"start":{"line":100,"column":6},"end":{"line":100,"column":68}},"20":{"start":{"line":100,"column":47},"end":{"line":100,"column":51}},"21":{"start":{"line":105,"column":2},"end":{"line":110,"column":43}},"22":{"start":{"line":114,"column":2},"end":{"line":117,"column":37}},"23":{"start":{"line":121,"column":2},"end":{"line":125,"column":37}},"24":{"start":{"line":129,"column":2},"end":{"line":133,"column":37}}},"fnMap":{"0":{"name":"(anonymous_0)","decl":{"start":{"line":24,"column":2},"end":{"line":24,"column":3}},"loc":{"start":{"line":38,"column":7},"end":{"line":84,"column":3}},"line":38},"1":{"name":"(anonymous_1)","decl":{"start":{"line":34,"column":24},"end":{"line":34,"column":25}},"loc":{"start":{"line":34,"column":30},"end":{"line":34,"column":32}},"line":34},"2":{"name":"(anonymous_2)","decl":{"start":{"line":40,"column":24},"end":{"line":40,"column":25}},"loc":{"start":{"line":40,"column":30},"end":{"line":42,"column":5}},"line":40},"3":{"name":"(anonymous_3)","decl":{"start":{"line":43,"column":23},"end":{"line":43,"column":24}},"loc":{"start":{"line":43,"column":29},"end":{"line":45,"column":5}},"line":43},"4":{"name":"(anonymous_4)","decl":{"start":{"line":46,"column":29},"end":{"line":46,"column":30}},"loc":{"start":{"line":46,"column":47},"end":{"line":55,"column":5}},"line":46},"5":{"name":"(anonymous_5)","decl":{"start":{"line":89,"column":24},"end":{"line":89,"column":25}},"loc":{"start":{"line":89,"column":55},"end":{"line":102,"column":1}},"line":89},"6":{"name":"(anonymous_6)","decl":{"start":{"line":100,"column":29},"end":{"line":100,"column":30}},"loc":{"start":{"line":100,"column":47},"end":{"line":100,"column":51}},"line":100},"7":{"name":"applyCpfMask","decl":{"start":{"line":104,"column":9},"end":{"line":104,"column":21}},"loc":{"start":{"line":104,"column":45},"end":{"line":111,"column":1}},"line":104},"8":{"name":"applyCepMask","decl":{"start":{"line":113,"column":9},"end":{"line":113,"column":21}},"loc":{"start":{"line":113,"column":45},"end":{"line":118,"column":1}},"line":113},"9":{"name":"applyPhoneMask","decl":{"start":{"line":120,"column":9},"end":{"line":120,"column":23}},"loc":{"start":{"line":120,"column":47},"end":{"line":126,"column":1}},"line":120},"10":{"name":"applyBirthdateMask","decl":{"start":{"line":128,"column":9},"end":{"line":128,"column":27}},"loc":{"start":{"line":128,"column":51},"end":{"line":134,"column":1}},"line":128}},"branchMap":{"0":{"loc":{"start":{"line":26,"column":6},"end":{"line":26,"column":21}},"type":"default-arg","locations":[{"start":{"line":26,"column":16},"end":{"line":26,"column":21}}],"line":26},"1":{"loc":{"start":{"line":33,"column":6},"end":{"line":33,"column":26}},"type":"default-arg","locations":[{"start":{"line":33,"column":17},"end":{"line":33,"column":26}}],"line":33},"2":{"loc":{"start":{"line":34,"column":6},"end":{"line":34,"column":32}},"type":"default-arg","locations":[{"start":{"line":34,"column":24},"end":{"line":34,"column":32}}],"line":34},"3":{"loc":{"start":{"line":50,"column":6},"end":{"line":52,"column":7}},"type":"if","locations":[{"start":{"line":50,"column":6},"end":{"line":52,"column":7}},{"start":{},"end":{}}],"line":50},"4":{"loc":{"start":{"line":50,"column":10},"end":{"line":50,"column":52}},"type":"binary-expr","locations":[{"start":{"line":50,"column":10},"end":{"line":50,"column":19}},{"start":{"line":50,"column":23},"end":{"line":50,"column":52}}],"line":50},"5":{"loc":{"start":{"line":58,"column":97},"end":{"line":58,"column":149}},"type":"cond-expr","locations":[{"start":{"line":58,"column":108},"end":{"line":58,"column":117}},{"start":{"line":58,"column":120},"end":{"line":58,"column":149}}],"line":58},"6":{"loc":{"start":{"line":58,"column":120},"end":{"line":58,"column":149}},"type":"cond-expr","locations":[{"start":{"line":58,"column":128},"end":{"line":58,"column":137}},{"start":{"line":58,"column":140},"end":{"line":58,"column":149}}],"line":58},"7":{"loc":{"start":{"line":65,"column":26},"end":{"line":65,"column":61}},"type":"cond-expr","locations":[{"start":{"line":65,"column":54},"end":{"line":65,"column":57}},{"start":{"line":65,"column":60},"end":{"line":65,"column":61}}],"line":65},"8":{"loc":{"start":{"line":66,"column":23},"end":{"line":66,"column":57}},"type":"cond-expr","locations":[{"start":{"line":66,"column":51},"end":{"line":66,"column":53}},{"start":{"line":66,"column":56},"end":{"line":66,"column":57}}],"line":66},"9":{"loc":{"start":{"line":68,"column":19},"end":{"line":68,"column":50}},"type":"cond-expr","locations":[{"start":{"line":68,"column":30},"end":{"line":68,"column":41}},{"start":{"line":68,"column":44},"end":{"line":68,"column":50}}],"line":68},"10":{"loc":{"start":{"line":79,"column":23},"end":{"line":79,"column":43}},"type":"binary-expr","locations":[{"start":{"line":79,"column":23},"end":{"line":79,"column":34}},{"start":{"line":79,"column":38},"end":{"line":79,"column":43}}],"line":79},"11":{"loc":{"start":{"line":80,"column":32},"end":{"line":80,"column":65}},"type":"cond-expr","locations":[{"start":{"line":80,"column":40},"end":{"line":80,"column":51}},{"start":{"line":80,"column":54},"end":{"line":80,"column":65}}],"line":80},"12":{"loc":{"start":{"line":90,"column":2},"end":{"line":101,"column":3}},"type":"switch","locations":[{"start":{"line":91,"column":4},"end":{"line":92,"column":59}},{"start":{"line":93,"column":4},"end":{"line":94,"column":61}},{"start":{"line":95,"column":4},"end":{"line":96,"column":58}},{"start":{"line":97,"column":4},"end":{"line":98,"column":65}},{"start":{"line":99,"column":4},"end":{"line":100,"column":68}}],"line":90}},"s":{"0":1,"1":0,"2":0,"3":0,"4":0,"5":0,"6":0,"7":0,"8":0,"9":0,"10":0,"11":0,"12":0,"13":1,"14":0,"15":0,"16":0,"17":0,"18":0,"19":0,"20":0,"21":0,"22":0,"23":0,"24":0},"f":{"0":0,"1":0,"2":0,"3":0,"4":0,"5":0,"6":0,"7":0,"8":0,"9":0,"10":0},"b":{"0":[0],"1":[0],"2":[0],"3":[0,0],"4":[0,0],"5":[0,0],"6":[0,0],"7":[0,0],"8":[0,0],"9":[0,0],"10":[0,0],"11":[0,0],"12":[0,0,0,0,0]},"_coverageSchema":"1a1c01bbd47fc00a2c39e90264f33305004495a9","hash":"a4a5b0070e9c065387f3d3f5959cdd308ba05613"}
,"/Users/joaovictordesousa/Projetos/s2mangas/kit_s2mangas/packages/native/src/ui/layout.tsx": {"path":"/Users/joaovictordesousa/Projetos/s2mangas/kit_s2mangas/packages/native/src/ui/layout.tsx","statementMap":{"0":{"start":{"line":27,"column":22},"end":{"line":85,"column":1}},"1":{"start":{"line":48,"column":22},"end":{"line":56,"column":3}},"2":{"start":{"line":58,"column":23},"end":{"line":66,"column":3}},"3":{"start":{"line":68,"column":24},"end":{"line":73,"column":3}},"4":{"start":{"line":75,"column":19},"end":{"line":78,"column":3}},"5":{"start":{"line":80,"column":2},"end":{"line":84,"column":4}},"6":{"start":{"line":87,"column":12},"end":{"line":144,"column":1}},"7":{"start":{"line":108,"column":22},"end":{"line":116,"column":3}},"8":{"start":{"line":118,"column":23},"end":{"line":126,"column":3}},"9":{"start":{"line":128,"column":24},"end":{"line":133,"column":3}},"10":{"start":{"line":134,"column":19},"end":{"line":137,"column":3}},"11":{"start":{"line":139,"column":2},"end":{"line":143,"column":4}},"12":{"start":{"line":146,"column":15},"end":{"line":153,"column":2}},"13":{"start":{"line":155,"column":13},"end":{"line":161,"column":1}},"14":{"start":{"line":156,"column":2},"end":{"line":160,"column":4}},"15":{"start":{"line":163,"column":25},"end":{"line":169,"column":1}},"16":{"start":{"line":164,"column":2},"end":{"line":168,"column":4}},"17":{"start":{"line":171,"column":23},"end":{"line":177,"column":1}},"18":{"start":{"line":172,"column":2},"end":{"line":176,"column":4}}},"fnMap":{"0":{"name":"(anonymous_0)","decl":{"start":{"line":27,"column":22},"end":{"line":27,"column":23}},"loc":{"start":{"line":47,"column":19},"end":{"line":85,"column":1}},"line":47},"1":{"name":"(anonymous_1)","decl":{"start":{"line":87,"column":12},"end":{"line":87,"column":13}},"loc":{"start":{"line":107,"column":19},"end":{"line":144,"column":1}},"line":107},"2":{"name":"(anonymous_2)","decl":{"start":{"line":155,"column":13},"end":{"line":155,"column":14}},"loc":{"start":{"line":155,"column":115},"end":{"line":161,"column":1}},"line":155},"3":{"name":"(anonymous_3)","decl":{"start":{"line":163,"column":25},"end":{"line":163,"column":26}},"loc":{"start":{"line":163,"column":238},"end":{"line":169,"column":1}},"line":163},"4":{"name":"(anonymous_4)","decl":{"start":{"line":171,"column":23},"end":{"line":171,"column":24}},"loc":{"start":{"line":171,"column":188},"end":{"line":177,"column":1}},"line":171}},"branchMap":{"0":{"loc":{"start":{"line":30,"column":2},"end":{"line":30,"column":24}},"type":"default-arg","locations":[{"start":{"line":30,"column":12},"end":{"line":30,"column":24}}],"line":30},"1":{"loc":{"start":{"line":31,"column":2},"end":{"line":31,"column":19}},"type":"default-arg","locations":[{"start":{"line":31,"column":10},"end":{"line":31,"column":19}}],"line":31},"2":{"loc":{"start":{"line":32,"column":2},"end":{"line":32,"column":8}},"type":"default-arg","locations":[{"start":{"line":32,"column":7},"end":{"line":32,"column":8}}],"line":32},"3":{"loc":{"start":{"line":33,"column":2},"end":{"line":33,"column":8}},"type":"default-arg","locations":[{"start":{"line":33,"column":7},"end":{"line":33,"column":8}}],"line":33},"4":{"loc":{"start":{"line":34,"column":2},"end":{"line":34,"column":8}},"type":"default-arg","locations":[{"start":{"line":34,"column":7},"end":{"line":34,"column":8}}],"line":34},"5":{"loc":{"start":{"line":35,"column":2},"end":{"line":35,"column":8}},"type":"default-arg","locations":[{"start":{"line":35,"column":7},"end":{"line":35,"column":8}}],"line":35},"6":{"loc":{"start":{"line":36,"column":2},"end":{"line":36,"column":8}},"type":"default-arg","locations":[{"start":{"line":36,"column":7},"end":{"line":36,"column":8}}],"line":36},"7":{"loc":{"start":{"line":37,"column":2},"end":{"line":37,"column":8}},"type":"default-arg","locations":[{"start":{"line":37,"column":7},"end":{"line":37,"column":8}}],"line":37},"8":{"loc":{"start":{"line":38,"column":2},"end":{"line":38,"column":8}},"type":"default-arg","locations":[{"start":{"line":38,"column":7},"end":{"line":38,"column":8}}],"line":38},"9":{"loc":{"start":{"line":39,"column":2},"end":{"line":39,"column":8}},"type":"default-arg","locations":[{"start":{"line":39,"column":7},"end":{"line":39,"column":8}}],"line":39},"10":{"loc":{"start":{"line":40,"column":2},"end":{"line":40,"column":8}},"type":"default-arg","locations":[{"start":{"line":40,"column":7},"end":{"line":40,"column":8}}],"line":40},"11":{"loc":{"start":{"line":41,"column":2},"end":{"line":41,"column":8}},"type":"default-arg","locations":[{"start":{"line":41,"column":7},"end":{"line":41,"column":8}}],"line":41},"12":{"loc":{"start":{"line":42,"column":2},"end":{"line":42,"column":8}},"type":"default-arg","locations":[{"start":{"line":42,"column":7},"end":{"line":42,"column":8}}],"line":42},"13":{"loc":{"start":{"line":43,"column":2},"end":{"line":43,"column":8}},"type":"default-arg","locations":[{"start":{"line":43,"column":7},"end":{"line":43,"column":8}}],"line":43},"14":{"loc":{"start":{"line":44,"column":2},"end":{"line":44,"column":8}},"type":"default-arg","locations":[{"start":{"line":44,"column":7},"end":{"line":44,"column":8}}],"line":44},"15":{"loc":{"start":{"line":45,"column":2},"end":{"line":45,"column":8}},"type":"default-arg","locations":[{"start":{"line":45,"column":7},"end":{"line":45,"column":8}}],"line":45},"16":{"loc":{"start":{"line":48,"column":22},"end":{"line":56,"column":3}},"type":"cond-expr","locations":[{"start":{"line":48,"column":33},"end":{"line":51,"column":3}},{"start":{"line":51,"column":6},"end":{"line":56,"column":3}}],"line":48},"17":{"loc":{"start":{"line":48,"column":22},"end":{"line":48,"column":30}},"type":"binary-expr","locations":[{"start":{"line":48,"column":22},"end":{"line":48,"column":24}},{"start":{"line":48,"column":28},"end":{"line":48,"column":30}}],"line":48},"18":{"loc":{"start":{"line":58,"column":23},"end":{"line":66,"column":3}},"type":"cond-expr","locations":[{"start":{"line":58,"column":34},"end":{"line":61,"column":3}},{"start":{"line":61,"column":6},"end":{"line":66,"column":3}}],"line":58},"19":{"loc":{"start":{"line":58,"column":23},"end":{"line":58,"column":31}},"type":"binary-expr","locations":[{"start":{"line":58,"column":23},"end":{"line":58,"column":25}},{"start":{"line":58,"column":29},"end":{"line":58,"column":31}}],"line":58},"20":{"loc":{"start":{"line":90,"column":2},"end":{"line":90,"column":24}},"type":"default-arg","locations":[{"start":{"line":90,"column":12},"end":{"line":90,"column":24}}],"line":90},"21":{"loc":{"start":{"line":91,"column":2},"end":{"line":91,"column":18}},"type":"default-arg","locations":[{"start":{"line":91,"column":10},"end":{"line":91,"column":18}}],"line":91},"22":{"loc":{"start":{"line":92,"column":2},"end":{"line":92,"column":8}},"type":"default-arg","locations":[{"start":{"line":92,"column":7},"end":{"line":92,"column":8}}],"line":92},"23":{"loc":{"start":{"line":93,"column":2},"end":{"line":93,"column":8}},"type":"default-arg","locations":[{"start":{"line":93,"column":7},"end":{"line":93,"column":8}}],"line":93},"24":{"loc":{"start":{"line":94,"column":2},"end":{"line":94,"column":8}},"type":"default-arg","locations":[{"start":{"line":94,"column":7},"end":{"line":94,"column":8}}],"line":94},"25":{"loc":{"start":{"line":95,"column":2},"end":{"line":95,"column":8}},"type":"default-arg","locations":[{"start":{"line":95,"column":7},"end":{"line":95,"column":8}}],"line":95},"26":{"loc":{"start":{"line":96,"column":2},"end":{"line":96,"column":8}},"type":"default-arg","locations":[{"start":{"line":96,"column":7},"end":{"line":96,"column":8}}],"line":96},"27":{"loc":{"start":{"line":97,"column":2},"end":{"line":97,"column":8}},"type":"default-arg","locations":[{"start":{"line":97,"column":7},"end":{"line":97,"column":8}}],"line":97},"28":{"loc":{"start":{"line":98,"column":2},"end":{"line":98,"column":8}},"type":"default-arg","locations":[{"start":{"line":98,"column":7},"end":{"line":98,"column":8}}],"line":98},"29":{"loc":{"start":{"line":99,"column":2},"end":{"line":99,"column":8}},"type":"default-arg","locations":[{"start":{"line":99,"column":7},"end":{"line":99,"column":8}}],"line":99},"30":{"loc":{"start":{"line":100,"column":2},"end":{"line":100,"column":8}},"type":"default-arg","locations":[{"start":{"line":100,"column":7},"end":{"line":100,"column":8}}],"line":100},"31":{"loc":{"start":{"line":101,"column":2},"end":{"line":101,"column":8}},"type":"default-arg","locations":[{"start":{"line":101,"column":7},"end":{"line":101,"column":8}}],"line":101},"32":{"loc":{"start":{"line":102,"column":2},"end":{"line":102,"column":8}},"type":"default-arg","locations":[{"start":{"line":102,"column":7},"end":{"line":102,"column":8}}],"line":102},"33":{"loc":{"start":{"line":103,"column":2},"end":{"line":103,"column":8}},"type":"default-arg","locations":[{"start":{"line":103,"column":7},"end":{"line":103,"column":8}}],"line":103},"34":{"loc":{"start":{"line":104,"column":2},"end":{"line":104,"column":8}},"type":"default-arg","locations":[{"start":{"line":104,"column":7},"end":{"line":104,"column":8}}],"line":104},"35":{"loc":{"start":{"line":105,"column":2},"end":{"line":105,"column":8}},"type":"default-arg","locations":[{"start":{"line":105,"column":7},"end":{"line":105,"column":8}}],"line":105},"36":{"loc":{"start":{"line":108,"column":22},"end":{"line":116,"column":3}},"type":"cond-expr","locations":[{"start":{"line":108,"column":33},"end":{"line":111,"column":3}},{"start":{"line":111,"column":6},"end":{"line":116,"column":3}}],"line":108},"37":{"loc":{"start":{"line":108,"column":22},"end":{"line":108,"column":30}},"type":"binary-expr","locations":[{"start":{"line":108,"column":22},"end":{"line":108,"column":24}},{"start":{"line":108,"column":28},"end":{"line":108,"column":30}}],"line":108},"38":{"loc":{"start":{"line":118,"column":23},"end":{"line":126,"column":3}},"type":"cond-expr","locations":[{"start":{"line":118,"column":34},"end":{"line":121,"column":3}},{"start":{"line":121,"column":6},"end":{"line":126,"column":3}}],"line":118},"39":{"loc":{"start":{"line":118,"column":23},"end":{"line":118,"column":31}},"type":"binary-expr","locations":[{"start":{"line":118,"column":23},"end":{"line":118,"column":25}},{"start":{"line":118,"column":29},"end":{"line":118,"column":31}}],"line":118},"40":{"loc":{"start":{"line":155,"column":25},"end":{"line":155,"column":35}},"type":"default-arg","locations":[{"start":{"line":155,"column":33},"end":{"line":155,"column":35}}],"line":155},"41":{"loc":{"start":{"line":158,"column":7},"end":{"line":158,"column":43}},"type":"binary-expr","locations":[{"start":{"line":158,"column":7},"end":{"line":158,"column":15}},{"start":{"line":158,"column":19},"end":{"line":158,"column":43}}],"line":158},"42":{"loc":{"start":{"line":163,"column":37},"end":{"line":163,"column":47}},"type":"default-arg","locations":[{"start":{"line":163,"column":45},"end":{"line":163,"column":47}}],"line":163},"43":{"loc":{"start":{"line":163,"column":49},"end":{"line":163,"column":75}},"type":"default-arg","locations":[{"start":{"line":163,"column":73},"end":{"line":163,"column":75}}],"line":163},"44":{"loc":{"start":{"line":163,"column":85},"end":{"line":163,"column":106}},"type":"default-arg","locations":[{"start":{"line":163,"column":101},"end":{"line":163,"column":106}}],"line":163},"45":{"loc":{"start":{"line":165,"column":47},"end":{"line":165,"column":69}},"type":"binary-expr","locations":[{"start":{"line":165,"column":47},"end":{"line":165,"column":60}},{"start":{"line":165,"column":64},"end":{"line":165,"column":69}}],"line":165},"46":{"loc":{"start":{"line":171,"column":35},"end":{"line":171,"column":45}},"type":"default-arg","locations":[{"start":{"line":171,"column":43},"end":{"line":171,"column":45}}],"line":171},"47":{"loc":{"start":{"line":171,"column":47},"end":{"line":171,"column":73}},"type":"default-arg","locations":[{"start":{"line":171,"column":71},"end":{"line":171,"column":73}}],"line":171}},"s":{"0":6,"1":0,"2":0,"3":0,"4":0,"5":0,"6":6,"7":0,"8":0,"9":0,"10":0,"11":0,"12":6,"13":6,"14":0,"15":6,"16":0,"17":6,"18":0},"f":{"0":0,"1":0,"2":0,"3":0,"4":0},"b":{"0":[0],"1":[0],"2":[0],"3":[0],"4":[0],"5":[0],"6":[0],"7":[0],"8":[0],"9":[0],"10":[0],"11":[0],"12":[0],"13":[0],"14":[0],"15":[0],"16":[0,0],"17":[0,0],"18":[0,0],"19":[0,0],"20":[0],"21":[0],"22":[0],"23":[0],"24":[0],"25":[0],"26":[0],"27":[0],"28":[0],"29":[0],"30":[0],"31":[0],"32":[0],"33":[0],"34":[0],"35":[0],"36":[0,0],"37":[0,0],"38":[0,0],"39":[0,0],"40":[0],"41":[0,0],"42":[0],"43":[0],"44":[0],"45":[0,0],"46":[0],"47":[0]},"_coverageSchema":"1a1c01bbd47fc00a2c39e90264f33305004495a9","hash":"20381b74f456425e3636f39220e9d7c5b3bfccd8"}
,"/Users/joaovictordesousa/Projetos/s2mangas/kit_s2mangas/packages/native/src/ui/line.tsx": {"path":"/Users/joaovictordesousa/Projetos/s2mangas/kit_s2mangas/packages/native/src/ui/line.tsx","statementMap":{"0":{"start":{"line":18,"column":34},"end":{"line":38,"column":1}},"1":{"start":{"line":19,"column":2},"end":{"line":37,"column":4}}},"fnMap":{"0":{"name":"(anonymous_0)","decl":{"start":{"line":18,"column":34},"end":{"line":18,"column":35}},"loc":{"start":{"line":18,"column":183},"end":{"line":38,"column":1}},"line":18}},"branchMap":{"0":{"loc":{"start":{"line":18,"column":63},"end":{"line":18,"column":73}},"type":"default-arg","locations":[{"start":{"line":18,"column":72},"end":{"line":18,"column":73}}],"line":18},"1":{"loc":{"start":{"line":18,"column":75},"end":{"line":18,"column":86}},"type":"default-arg","locations":[{"start":{"line":18,"column":83},"end":{"line":18,"column":86}}],"line":18},"2":{"loc":{"start":{"line":18,"column":88},"end":{"line":18,"column":94}},"type":"default-arg","locations":[{"start":{"line":18,"column":93},"end":{"line":18,"column":94}}],"line":18},"3":{"loc":{"start":{"line":18,"column":96},"end":{"line":18,"column":102}},"type":"default-arg","locations":[{"start":{"line":18,"column":101},"end":{"line":18,"column":102}}],"line":18},"4":{"loc":{"start":{"line":18,"column":121},"end":{"line":18,"column":156}},"type":"default-arg","locations":[{"start":{"line":18,"column":151},"end":{"line":18,"column":156}}],"line":18},"5":{"loc":{"start":{"line":26,"column":25},"end":{"line":26,"column":40}},"type":"binary-expr","locations":[{"start":{"line":26,"column":25},"end":{"line":26,"column":30}},{"start":{"line":26,"column":34},"end":{"line":26,"column":40}}],"line":26},"6":{"loc":{"start":{"line":29,"column":17},"end":{"line":29,"column":29}},"type":"binary-expr","locations":[{"start":{"line":29,"column":17},"end":{"line":29,"column":24}},{"start":{"line":29,"column":28},"end":{"line":29,"column":29}}],"line":29},"7":{"loc":{"start":{"line":35,"column":25},"end":{"line":35,"column":52}},"type":"binary-expr","locations":[{"start":{"line":35,"column":25},"end":{"line":35,"column":42}},{"start":{"line":35,"column":46},"end":{"line":35,"column":52}}],"line":35}},"s":{"0":1,"1":0},"f":{"0":0},"b":{"0":[0],"1":[0],"2":[0],"3":[0],"4":[0],"5":[0,0],"6":[0,0],"7":[0,0]},"_coverageSchema":"1a1c01bbd47fc00a2c39e90264f33305004495a9","hash":"d98c4b559d00ddb3b3045ba370775009c132a0f7"}
,"/Users/joaovictordesousa/Projetos/s2mangas/kit_s2mangas/packages/native/src/ui/loader.tsx": {"path":"/Users/joaovictordesousa/Projetos/s2mangas/kit_s2mangas/packages/native/src/ui/loader.tsx","statementMap":{"0":{"start":{"line":15,"column":38},"end":{"line":25,"column":1}},"1":{"start":{"line":23,"column":2},"end":{"line":23,"column":36}},"2":{"start":{"line":23,"column":24},"end":{"line":23,"column":36}},"3":{"start":{"line":24,"column":2},"end":{"line":24,"column":179}}},"fnMap":{"0":{"name":"(anonymous_0)","decl":{"start":{"line":15,"column":38},"end":{"line":15,"column":39}},"loc":{"start":{"line":22,"column":6},"end":{"line":25,"column":1}},"line":22}},"branchMap":{"0":{"loc":{"start":{"line":16,"column":2},"end":{"line":16,"column":11}},"type":"default-arg","locations":[{"start":{"line":16,"column":9},"end":{"line":16,"column":11}}],"line":16},"1":{"loc":{"start":{"line":17,"column":2},"end":{"line":17,"column":16}},"type":"default-arg","locations":[{"start":{"line":17,"column":10},"end":{"line":17,"column":16}}],"line":17},"2":{"loc":{"start":{"line":19,"column":2},"end":{"line":19,"column":16}},"type":"default-arg","locations":[{"start":{"line":19,"column":12},"end":{"line":19,"column":16}}],"line":19},"3":{"loc":{"start":{"line":23,"column":2},"end":{"line":23,"column":36}},"type":"if","locations":[{"start":{"line":23,"column":2},"end":{"line":23,"column":36}},{"start":{},"end":{}}],"line":23},"4":{"loc":{"start":{"line":24,"column":90},"end":{"line":24,"column":120}},"type":"binary-expr","locations":[{"start":{"line":24,"column":90},"end":{"line":24,"column":108}},{"start":{"line":24,"column":112},"end":{"line":24,"column":120}}],"line":24},"5":{"loc":{"start":{"line":24,"column":141},"end":{"line":24,"column":175}},"type":"binary-expr","locations":[{"start":{"line":24,"column":141},"end":{"line":24,"column":158}},{"start":{"line":24,"column":162},"end":{"line":24,"column":175}}],"line":24}},"s":{"0":1,"1":0,"2":0,"3":0},"f":{"0":0},"b":{"0":[0],"1":[0],"2":[0],"3":[0,0],"4":[0,0],"5":[0,0]},"_coverageSchema":"1a1c01bbd47fc00a2c39e90264f33305004495a9","hash":"b75d078d37326aa9d67d228a1ecb9dc8355abd07"}
[...]
"3":{"start":{"line":30,"column":25},"end":{"line":30,"column":74}},"4":{"start":{"line":33,"column":2},"end":{"line":51,"column":67}},"5":{"start":{"line":34,"column":4},"end":{"line":50,"column":15}},"6":{"start":{"line":53,"column":26},"end":{"line":56,"column":4}},"7":{"start":{"line":58,"column":21},"end":{"line":61,"column":4}},"8":{"start":{"line":63,"column":2},"end":{"line":109,"column":4}},"9":{"start":{"line":79,"column":10},"end":{"line":79,"column":27}}},"fnMap":{"0":{"name":"(anonymous_0)","decl":{"start":{"line":19,"column":38},"end":{"line":19,"column":39}},"loc":{"start":{"line":26,"column":6},"end":{"line":110,"column":1}},"line":26},"1":{"name":"(anonymous_1)","decl":{"start":{"line":33,"column":12},"end":{"line":33,"column":13}},"loc":{"start":{"line":33,"column":18},"end":{"line":51,"column":3}},"line":33},"2":{"name":"(anonymous_2)","decl":{"start":{"line":78,"column":17},"end":{"line":78,"column":18}},"loc":{"start":{"line":78,"column":23},"end":{"line":80,"column":9}},"line":78}},"branchMap":{"0":{"loc":{"start":{"line":25,"column":2},"end":{"line":25,"column":18}},"type":"default-arg","locations":[{"start":{"line":25,"column":13},"end":{"line":25,"column":18}}],"line":25},"1":{"loc":{"start":{"line":28,"column":56},"end":{"line":28,"column":69}},"type":"cond-expr","locations":[{"start":{"line":28,"column":64},"end":{"line":28,"column":65}},{"start":{"line":28,"column":68},"end":{"line":28,"column":69}}],"line":28},"2":{"loc":{"start":{"line":29,"column":51},"end":{"line":29,"column":65}},"type":"cond-expr","locations":[{"start":{"line":29,"column":59},"end":{"line":29,"column":61}},{"start":{"line":29,"column":64},"end":{"line":29,"column":65}}],"line":29},"3":{"loc":{"start":{"line":30,"column":51},"end":{"line":30,"column":64}},"type":"cond-expr","locations":[{"start":{"line":30,"column":59},"end":{"line":30,"column":60}},{"start":{"line":30,"column":63},"end":{"line":30,"column":64}}],"line":30},"4":{"loc":{"start":{"line":36,"column":17},"end":{"line":36,"column":30}},"type":"cond-expr","locations":[{"start":{"line":36,"column":25},"end":{"line":36,"column":26}},{"start":{"line":36,"column":29},"end":{"line":36,"column":30}}],"line":36},"5":{"loc":{"start":{"line":41,"column":17},"end":{"line":41,"column":31}},"type":"cond-expr","locations":[{"start":{"line":41,"column":25},"end":{"line":41,"column":27}},{"start":{"line":41,"column":30},"end":{"line":41,"column":31}}],"line":41},"6":{"loc":{"start":{"line":46,"column":17},"end":{"line":46,"column":30}},"type":"cond-expr","locations":[{"start":{"line":46,"column":25},"end":{"line":46,"column":26}},{"start":{"line":46,"column":29},"end":{"line":46,"column":30}}],"line":46},"7":{"loc":{"start":{"line":69,"column":19},"end":{"line":69,"column":37}},"type":"cond-expr","locations":[{"start":{"line":69,"column":30},"end":{"line":69,"column":33}},{"start":{"line":69,"column":36},"end":{"line":69,"column":37}}],"line":69}},"s":{"0":1,"1":0,"2":0,"3":0,"4":0,"5":0,"6":0,"7":0,"8":0,"9":0},"f":{"0":0,"1":0,"2":0},"b":{"0":[0],"1":[0,0],"2":[0,0],"3":[0,0],"4":[0,0],"5":[0,0],"6":[0,0],"7":[0,0]},"_coverageSchema":"1a1c01bbd47fc00a2c39e90264f33305004495a9","hash":"375112a2499431418cde92339751f7ec66013ebd"}
,"/Users/joaovictordesousa/Projetos/s2mangas/kit_s2mangas/packages/native/src/ui/tabs.tsx": {"path":"/Users/joaovictordesousa/Projetos/s2mangas/kit_s2mangas/packages/native/src/ui/tabs.tsx","statementMap":{"0":{"start":{"line":16,"column":34},"end":{"line":91,"column":1}},"1":{"start":{"line":25,"column":2},"end":{"line":90,"column":4}},"2":{"start":{"line":41,"column":27},"end":{"line":41,"column":40}},"3":{"start":{"line":42,"column":26},"end":{"line":42,"column":83}},"4":{"start":{"line":44,"column":8},"end":{"line":51,"column":36}},"5":{"start":{"line":45,"column":10},"end":{"line":50,"column":21}},"6":{"start":{"line":53,"column":8},"end":{"line":87,"column":10}},"7":{"start":{"line":66,"column":16},"end":{"line":66,"column":48}}},"fnMap":{"0":{"name":"(anonymous_0)","decl":{"start":{"line":16,"column":34},"end":{"line":16,"column":35}},"loc":{"start":{"line":24,"column":6},"end":{"line":91,"column":1}},"line":24},"1":{"name":"(anonymous_1)","decl":{"start":{"line":40,"column":18},"end":{"line":40,"column":19}},"loc":{"start":{"line":40,"column":35},"end":{"line":88,"column":7}},"line":40},"2":{"name":"(anonymous_2)","decl":{"start":{"line":44,"column":18},"end":{"line":44,"column":19}},"loc":{"start":{"line":44,"column":24},"end":{"line":51,"column":9}},"line":44},"3":{"name":"(anonymous_3)","decl":{"start":{"line":65,"column":23},"end":{"line":65,"column":24}},"loc":{"start":{"line":65,"column":29},"end":{"line":67,"column":15}},"line":65}},"branchMap":{"0":{"loc":{"start":{"line":42,"column":52},"end":{"line":42,"column":73}},"type":"cond-expr","locations":[{"start":{"line":42,"column":65},"end":{"line":42,"column":66}},{"start":{"line":42,"column":69},"end":{"line":42,"column":73}}],"line":42},"1":{"loc":{"start":{"line":46,"column":21},"end":{"line":46,"column":42}},"type":"cond-expr","locations":[{"start":{"line":46,"column":34},"end":{"line":46,"column":35}},{"start":{"line":46,"column":38},"end":{"line":46,"column":42}}],"line":46},"2":{"loc":{"start":{"line":66,"column":25},"end":{"line":66,"column":46}},"type":"cond-expr","locations":[{"start":{"line":66,"column":38},"end":{"line":66,"column":40}},{"start":{"line":66,"column":43},"end":{"line":66,"column":46}}],"line":66},"3":{"loc":{"start":{"line":70,"column":35},"end":{"line":70,"column":66}},"type":"cond-expr","locations":[{"start":{"line":70,"column":48},"end":{"line":70,"column":54}},{"start":{"line":70,"column":57},"end":{"line":70,"column":66}}],"line":70},"4":{"loc":{"start":{"line":79,"column":28},"end":{"line":79,"column":68}},"type":"cond-expr","locations":[{"start":{"line":79,"column":41},"end":{"line":79,"column":54}},{"start":{"line":79,"column":57},"end":{"line":79,"column":68}}],"line":79},"5":{"loc":{"start":{"line":81,"column":23},"end":{"line":81,"column":57}},"type":"cond-expr","locations":[{"start":{"line":81,"column":36},"end":{"line":81,"column":45}},{"start":{"line":81,"column":48},"end":{"line":81,"column":57}}],"line":81}},"s":{"0":1,"1":0,"2":0,"3":0,"4":0,"5":0,"6":0,"7":0},"f":{"0":0,"1":0,"2":0,"3":0},"b":{"0":[0,0],"1":[0,0],"2":[0,0],"3":[0,0],"4":[0,0],"5":[0,0]},"_coverageSchema":"1a1c01bbd47fc00a2c39e90264f33305004495a9","hash":"d2a968bd1ba5c884c69bd7c64420bd217253d119"}
,"/Users/joaovictordesousa/Projetos/s2mangas/kit_s2mangas/packages/native/src/ui/text.tsx": {"path":"/Users/joaovictordesousa/Projetos/s2mangas/kit_s2mangas/packages/native/src/ui/text.tsx","statementMap":{"0":{"start":{"line":26,"column":17},"end":{"line":43,"column":1}},"1":{"start":{"line":27,"column":2},"end":{"line":42,"column":4}},"2":{"start":{"line":46,"column":25},"end":{"line":72,"column":1}},"3":{"start":{"line":61,"column":21},"end":{"line":61,"column":95}},"4":{"start":{"line":62,"column":2},"end":{"line":71,"column":4}},"5":{"start":{"line":75,"column":21},"end":{"line":101,"column":1}},"6":{"start":{"line":90,"column":21},"end":{"line":90,"column":94}},"7":{"start":{"line":91,"column":2},"end":{"line":100,"column":4}},"8":{"start":{"line":104,"column":21},"end":{"line":131,"column":1}},"9":{"start":{"line":119,"column":21},"end":{"line":120,"column":12}},"10":{"start":{"line":121,"column":2},"end":{"line":130,"column":4}},"11":{"start":{"line":134,"column":24},"end":{"line":161,"column":1}},"12":{"start":{"line":149,"column":21},"end":{"line":150,"column":12}},"13":{"start":{"line":151,"column":2},"end":{"line":160,"column":4}},"14":{"start":{"line":164,"column":27},"end":{"line":190,"column":1}},"15":{"start":{"line":179,"column":21},"end":{"line":179,"column":95}},"16":{"start":{"line":180,"column":2},"end":{"line":189,"column":4}},"17":{"start":{"line":192,"column":17},"end":{"line":200,"column":1}},"18":{"start":{"line":195,"column":2},"end":{"line":199,"column":3}}},"fnMap":{"0":{"name":"(anonymous_0)","decl":{"start":{"line":26,"column":17},"end":{"line":26,"column":18}},"loc":{"start":{"line":26,"column":144},"end":{"line":43,"column":1}},"line":26},"1":{"name":"(anonymous_1)","decl":{"start":{"line":46,"column":25},"end":{"line":46,"column":26}},"loc":{"start":{"line":60,"column":26},"end":{"line":72,"column":1}},"line":60},"2":{"name":"(anonymous_2)","decl":{"start":{"line":75,"column":21},"end":{"line":75,"column":22}},"loc":{"start":{"line":89,"column":26},"end":{"line":101,"column":1}},"line":89},"3":{"name":"(anonymous_3)","decl":{"start":{"line":104,"column":21},"end":{"line":104,"column":22}},"loc":{"start":{"line":118,"column":26},"end":{"line":131,"column":1}},"line":118},"4":{"name":"(anonymous_4)","decl":{"start":{"line":134,"column":24},"end":{"line":134,"column":25}},"loc":{"start":{"line":148,"column":26},"end":{"line":161,"column":1}},"line":148},"5":{"name":"(anonymous_5)","decl":{"start":{"line":164,"column":27},"end":{"line":164,"column":28}},"loc":{"start":{"line":178,"column":26},"end":{"line":190,"column":1}},"line":178},"6":{"name":"(anonymous_6)","decl":{"start":{"line":192,"column":17},"end":{"line":192,"column":18}},"loc":{"start":{"line":194,"column":26},"end":{"line":200,"column":1}},"line":194}},"branchMap":{"0":{"loc":{"start":{"line":28,"column":14},"end":{"line":28,"column":24}},"type":"binary-expr","locations":[{"start":{"line":28,"column":14},"end":{"line":28,"column":18}},{"start":{"line":28,"column":22},"end":{"line":28,"column":24}}],"line":28},"1":{"loc":{"start":{"line":29,"column":15},"end":{"line":29,"column":30}},"type":"binary-expr","locations":[{"start":{"line":29,"column":15},"end":{"line":29,"column":20}},{"start":{"line":29,"column":24},"end":{"line":29,"column":30}}],"line":29},"2":{"loc":{"start":{"line":30,"column":11},"end":{"line":30,"column":26}},"type":"binary-expr","locations":[{"start":{"line":30,"column":11},"end":{"line":30,"column":16}},{"start":{"line":30,"column":20},"end":{"line":30,"column":26}}],"line":30},"3":{"loc":{"start":{"line":31,"column":22},"end":{"line":31,"column":29}},"type":"binary-expr","locations":[{"start":{"line":31,"column":22},"end":{"line":31,"column":24}},{"start":{"line":31,"column":28},"end":{"line":31,"column":29}}],"line":31},"4":{"loc":{"start":{"line":32,"column":20},"end":{"line":32,"column":27}},"type":"binary-expr","locations":[{"start":{"line":32,"column":20},"end":{"line":32,"column":22}},{"start":{"line":32,"column":26},"end":{"line":32,"column":27}}],"line":32},"5":{"loc":{"start":{"line":33,"column":18},"end":{"line":33,"column":25}},"type":"binary-expr","locations":[{"start":{"line":33,"column":18},"end":{"line":33,"column":20}},{"start":{"line":33,"column":24},"end":{"line":33,"column":25}}],"line":33},"6":{"loc":{"start":{"line":34,"column":15},"end":{"line":34,"column":22}},"type":"binary-expr","locations":[{"start":{"line":34,"column":15},"end":{"line":34,"column":17}},{"start":{"line":34,"column":21},"end":{"line":34,"column":22}}],"line":34},"7":{"loc":{"start":{"line":35,"column":17},"end":{"line":35,"column":24}},"type":"binary-expr","locations":[{"start":{"line":35,"column":17},"end":{"line":35,"column":19}},{"start":{"line":35,"column":23},"end":{"line":35,"column":24}}],"line":35},"8":{"loc":{"start":{"line":36,"column":16},"end":{"line":36,"column":23}},"type":"binary-expr","locations":[{"start":{"line":36,"column":16},"end":{"line":36,"column":18}},{"start":{"line":36,"column":22},"end":{"line":36,"column":23}}],"line":36},"9":{"loc":{"start":{"line":37,"column":16},"end":{"line":37,"column":39}},"type":"cond-expr","locations":[{"start":{"line":37,"column":23},"end":{"line":37,"column":34}},{"start":{"line":37,"column":37},"end":{"line":37,"column":39}}],"line":37},"10":{"loc":{"start":{"line":38,"column":19},"end":{"line":38,"column":31}},"type":"binary-expr","locations":[{"start":{"line":38,"column":19},"end":{"line":38,"column":26}},{"start":{"line":38,"column":30},"end":{"line":38,"column":31}}],"line":38},"11":{"loc":{"start":{"line":39,"column":16},"end":{"line":39,"column":41}},"type":"binary-expr","locations":[{"start":{"line":39,"column":16},"end":{"line":39,"column":26}},{"start":{"line":39,"column":30},"end":{"line":39,"column":41}}],"line":39},"12":{"loc":{"start":{"line":47,"column":2},"end":{"line":47,"column":11}},"type":"default-arg","locations":[{"start":{"line":47,"column":9},"end":{"line":47,"column":11}}],"line":47},"13":{"loc":{"start":{"line":49,"column":2},"end":{"line":49,"column":19}},"type":"default-arg","locations":[{"start":{"line":49,"column":10},"end":{"line":49,"column":19}}],"line":49},"14":{"loc":{"start":{"line":56,"column":2},"end":{"line":56,"column":26}},"type":"default-arg","locations":[{"start":{"line":56,"column":15},"end":{"line":56,"column":26}}],"line":56},"15":{"loc":{"start":{"line":66,"column":26},"end":{"line":66,"column":61}},"type":"cond-expr","locations":[{"start":{"line":66,"column":37},"end":{"line":66,"column":56}},{"start":{"line":66,"column":59},"end":{"line":66,"column":61}}],"line":66},"16":{"loc":{"start":{"line":76,"column":2},"end":{"line":76,"column":11}},"type":"default-arg","locations":[{"start":{"line":76,"column":9},"end":{"line":76,"column":11}}],"line":76},"17":{"loc":{"start":{"line":78,"column":2},"end":{"line":78,"column":16}},"type":"default-arg","locations":[{"start":{"line":78,"column":10},"end":{"line":78,"column":16}}],"line":78},"18":{"loc":{"start":{"line":85,"column":2},"end":{"line":85,"column":26}},"type":"default-arg","locations":[{"start":{"line":85,"column":15},"end":{"line":85,"column":26}}],"line":85},"19":{"loc":{"start":{"line":95,"column":26},"end":{"line":95,"column":61}},"type":"cond-expr","locations":[{"start":{"line":95,"column":37},"end":{"line":95,"column":56}},{"start":{"line":95,"column":59},"end":{"line":95,"column":61}}],"line":95},"20":{"loc":{"start":{"line":105,"column":2},"end":{"line":105,"column":11}},"type":"default-arg","locations":[{"start":{"line":105,"column":9},"end":{"line":105,"column":11}}],"line":105},"21":{"loc":{"start":{"line":107,"column":2},"end":{"line":107,"column":19}},"type":"default-arg","locations":[{"start":{"line":107,"column":10},"end":{"line":107,"column":19}}],"line":107},"22":{"loc":{"start":{"line":114,"column":2},"end":{"line":114,"column":26}},"type":"default-arg","locations":[{"start":{"line":114,"column":15},"end":{"line":114,"column":26}}],"line":114},"23":{"loc":{"start":{"line":125,"column":26},"end":{"line":125,"column":61}},"type":"cond-expr","locations":[{"start":{"line":125,"column":37},"end":{"line":125,"column":56}},{"start":{"line":125,"column":59},"end":{"line":125,"column":61}}],"line":125},"24":{"loc":{"start":{"line":135,"column":2},"end":{"line":135,"column":11}},"type":"default-arg","locations":[{"start":{"line":135,"column":9},"end":{"line":135,"column":11}}],"line":135},"25":{"loc":{"start":{"line":137,"column":2},"end":{"line":137,"column":19}},"type":"default-arg","locations":[{"start":{"line":137,"column":10},"end":{"line":137,"column":19}}],"line":137},"26":{"loc":{"start":{"line":144,"column":2},"end":{"line":144,"column":26}},"type":"default-arg","locations":[{"start":{"line":144,"column":15},"end":{"line":144,"column":26}}],"line":144},"27":{"loc":{"start":{"line":155,"column":26},"end":{"line":155,"column":61}},"type":"cond-expr","locations":[{"start":{"line":155,"column":37},"end":{"line":155,"column":56}},{"start":{"line":155,"column":59},"end":{"line":155,"column":61}}],"line":155},"28":{"loc":{"start":{"line":165,"column":2},"end":{"line":165,"column":11}},"type":"default-arg","locations":[{"start":{"line":165,"column":9},"end":{"line":165,"column":11}}],"line":165},"29":{"loc":{"start":{"line":167,"column":2},"end":{"line":167,"column":19}},"type":"default-arg","locations":[{"start":{"line":167,"column":10},"end":{"line":167,"column":19}}],"line":167},"30":{"loc":{"start":{"line":174,"column":2},"end":{"line":174,"column":26}},"type":"default-arg","locations":[{"start":{"line":174,"column":15},"end":{"line":174,"column":26}}],"line":174},"31":{"loc":{"start":{"line":184,"column":26},"end":{"line":184,"column":61}},"type":"cond-expr","locations":[{"start":{"line":184,"column":37},"end":{"line":184,"column":56}},{"start":{"line":184,"column":59},"end":{"line":184,"column":61}}],"line":184}},"s":{"0":3,"1":0,"2":3,"3":0,"4":0,"5":3,"6":0,"7":0,"8":3,"9":0,"10":0,"11":3,"12":0,"13":0,"14":3,"15":0,"16":0,"17":3,"18":0},"f":{"0":0,"1":0,"2":0,"3":0,"4":0,"5":0,"6":0},"b":{"0":[0,0],"1":[0,0],"2":[0,0],"3":[0,0],"4":[0,0],"5":[0,0],"6":[0,0],"7":[0,0],"8":[0,0],"9":[0,0],"10":[0,0],"11":[0,0],"12":[0],"13":[0],"14":[0],"15":[0,0],"16":[0],"17":[0],"18":[0],"19":[0,0],"20":[0],"21":[0],"22":[0],"23":[0,0],"24":[0],"25":[0],"26":[0],"27":[0,0],"28":[0],"29":[0],"30":[0],"31":[0,0]},"_coverageSchema":"1a1c01bbd47fc00a2c39e90264f33305004495a9","hash":"366a304aa057a277aea06a0e00f9be39c5d763ac"}
,"/Users/joaovictordesousa/Projetos/s2mangas/kit_s2mangas/packages/native/src/ui/toggle.tsx": {"path":"/Users/joaovictordesousa/Projetos/s2mangas/kit_s2mangas/packages/native/src/ui/toggle.tsx","statementMap":{"0":{"start":{"line":34,"column":38},"end":{"line":84,"column":1}},"1":{"start":{"line":46,"column":2},"end":{"line":83,"column":4}},"2":{"start":{"line":49,"column":21},"end":{"line":49,"column":37}},"3":{"start":{"line":87,"column":24},"end":{"line":123,"column":1}},"4":{"start":{"line":88,"column":20},"end":{"line":88,"column":57}},"5":{"start":{"line":89,"column":22},"end":{"line":89,"column":59}},"6":{"start":{"line":91,"column":2},"end":{"line":105,"column":31}},"7":{"start":{"line":92,"column":4},"end":{"line":104,"column":15}},"8":{"start":{"line":107,"column":2},"end":{"line":122,"column":4}}},"fnMap":{"0":{"name":"(anonymous_0)","decl":{"start":{"line":34,"column":38},"end":{"line":34,"column":39}},"loc":{"start":{"line":45,"column":6},"end":{"line":84,"column":1}},"line":45},"1":{"name":"(anonymous_1)","decl":{"start":{"line":49,"column":15},"end":{"line":49,"column":16}},"loc":{"start":{"line":49,"column":21},"end":{"line":49,"column":37}},"line":49},"2":{"name":"(anonymous_2)","decl":{"start":{"line":87,"column":24},"end":{"line":87,"column":25}},"loc":{"start":{"line":87,"column":30},"end":{"line":123,"column":1}},"line":87},"3":{"name":"(anonymous_3)","decl":{"start":{"line":91,"column":12},"end":{"line":91,"column":13}},"loc":{"start":{"line":91,"column":18},"end":{"line":105,"column":3}},"line":91}},"branchMap":{"0":{"loc":{"start":{"line":54,"column":34},"end":{"line":54,"column":78}},"type":"cond-expr","locations":[{"start":{"line":54,"column":55},"end":{"line":54,"column":64}},{"start":{"line":54,"column":67},"end":{"line":54,"column":78}}],"line":54},"1":{"loc":{"start":{"line":65,"column":29},"end":{"line":65,"column":59}},"type":"cond-expr","locations":[{"start":{"line":65,"column":37},"end":{"line":65,"column":43}},{"start":{"line":65,"column":46},"end":{"line":65,"column":59}}],"line":65},"2":{"loc":{"start":{"line":67,"column":25},"end":{"line":67,"column":60}},"type":"cond-expr","locations":[{"start":{"line":67,"column":33},"end":{"line":67,"column":46}},{"start":{"line":67,"column":49},"end":{"line":67,"column":60}}],"line":67},"3":{"loc":{"start":{"line":76,"column":9},"end":{"line":80,"column":9}},"type":"cond-expr","locations":[{"start":{"line":77,"column":10},"end":{"line":77,"column":54}},{"start":{"line":79,"column":10},"end":{"line":79,"column":28}}],"line":76},"4":{"loc":{"start":{"line":79,"column":10},"end":{"line":79,"column":28}},"type":"binary-expr","locations":[{"start":{"line":79,"column":10},"end":{"line":79,"column":15}},{"start":{"line":79,"column":19},"end":{"line":79,"column":28}}],"line":79}},"s":{"0":1,"1":0,"2":0,"3":1,"4":0,"5":0,"6":0,"7":0,"8":0},"f":{"0":0,"1":0,"2":0,"3":0},"b":{"0":[0,0],"1":[0,0],"2":[0,0],"3":[0,0],"4":[0,0]},"_coverageSchema":"1a1c01bbd47fc00a2c39e90264f33305004495a9","hash":"59c6b75d7b6aeaa33f900009e4ccbb8ac5edd0e7"}
}
