[10:11:20.250] [INFO] Storybook Upgrade - v9.1.1
[10:11:20.263] [INFO] detect-projects-spinner-start: Detecting projects...
[10:11:20.267] [DEBUG] Finding Storybook projects...
[10:11:20.282] [DEBUG] Found 1 Storybook projects
[10:11:20.282] [INFO] detect-projects-spinner: Detecting projects: 1 projects
[10:11:20.283] [DEBUG] Getting Storybook data...
[10:11:20.283] [DEBUG] Getting Storybook info...
[10:11:20.284] [DEBUG] Loading main config...
[10:11:20.339] [DEBUG] Getting stories paths...
[10:11:20.347] [DEBUG] Getting package manager...
[10:11:21.393] [DEBUG] Getting Storybook version...
[10:11:21.393] [DEBUG] /packages/react/.storybook - Validating before version... 7.6.20
[10:11:21.393] [DEBUG] /packages/react/.storybook - Validating upgrade compatibility...
[10:11:21.394] [DEBUG] /packages/react/.storybook - Fetching NPM version information...
[10:11:21.394] [DEBUG] Getting CLI versions from NPM for storybook...
[10:11:21.395] [DEBUG] Getting CLI versions from NPM for storybook@next...
[10:11:22.071] [DEBUG] /packages/react/.storybook - Evaluating blockers...
[10:11:22.073] [DEBUG] Getting installed version for @storybook/experimental-addon-test...
[10:11:22.320] [INFO] detect-projects-spinner-stop: 1 project detected
[10:11:22.320] [DEBUG] Found 1 valid projects and 0 error projects
[10:11:22.320] [INFO] Upgrading from 7.6.20 to 9.1.1
[10:11:22.329] [INFO] upgrade-dependencies-task-start: Fetching versions to update package.json files..
[10:11:22.329] [DEBUG] Updating dependencies in /packages/react/.storybook...
[10:11:22.340] [INFO] upgrade-dependencies-task: /packages/react/package.json
/package.json
[10:11:22.340] [DEBUG] {
  "upgradedDependencies": []
}
[10:11:22.340] [DEBUG] {
  "upgradedDevDependencies": [
    "@storybook/addon-links@^9.1.1",
    "@storybook/react@^9.1.1",
    "@storybook/react-vite@^9.1.1",
    "storybook@^9.1.1"
  ]
}
[10:11:22.340] [DEBUG] {
  "upgradedPeerDependencies": []
}
[10:11:22.341] [DEBUG] Getting CLI versions from NPM for @storybook/addon-links...
[10:11:23.092] [DEBUG] Getting CLI versions from NPM for @storybook/react...
[10:11:23.793] [DEBUG] Getting CLI versions from NPM for @storybook/react-vite...
[10:11:24.334] [DEBUG] Using cached version for storybook...
[10:11:24.334] [DEBUG] {
  "upgradedDependencies": []
}
[10:11:24.334] [DEBUG] {
  "upgradedDevDependencies": [
    "@storybook/addon-links@^9.1.1",
    "@storybook/react@^9.1.1",
    "@storybook/react-vite@^9.1.1",
    "storybook@^9.1.1"
  ]
}
[10:11:24.334] [DEBUG] {
  "upgradedPeerDependencies": []
}
[10:11:24.335] [DEBUG] Using cached version for @storybook/addon-links...
[10:11:24.335] [DEBUG] Using cached version for @storybook/react...
[10:11:24.335] [DEBUG] Using cached version for @storybook/react-vite...
[10:11:24.335] [DEBUG] Using cached version for storybook...
[10:11:24.335] [INFO] upgrade-dependencies-task-success: Updated package versions in package.json files
[10:11:24.335] [INFO] detect-automigrations-task-start: Detecting automigrations...
[10:11:24.335] [DEBUG] Starting automigration collection across 1 projects and 15 fixes...
[10:11:24.343] [INFO] detect-automigrations-task: Checking automigrations for /packages/react/.storybook...
[10:11:24.343] [DEBUG] Processing project: /packages/react/.storybook
[10:11:24.344] [DEBUG] Checking fix eslintPlugin for project /packages/react/.storybook...
[10:11:24.346] [WARN] Unable to find eslint config file, skipping
[10:11:24.347] [DEBUG] Checking fix addon-mdx-gfm-remove for project /packages/react/.storybook...
[10:11:24.347] [DEBUG] Checking fix addon-storysource-code-panel for project /packages/react/.storybook...
[10:11:24.347] [DEBUG] Checking fix upgrade-storybook-related-dependencies for project /packages/react/.storybook...
[10:11:24.347] [DEBUG] Checking for incompatible storybook packages...
[10:11:24.349] [DEBUG] Getting installed version for @storybook/addon-essentials...
[10:11:24.350] [DEBUG] Getting installed version for @storybook/addon-interactions...
[10:11:24.350] [DEBUG] Getting installed version for @storybook/blocks...
[10:11:24.351] [DEBUG] Getting installed version for @storybook/testing-library...
[10:11:24.688] [DEBUG] Getting CLI versions from NPM for @storybook/blocks...
[10:11:24.690] [DEBUG] Getting CLI versions from NPM for @storybook/addon-interactions...
[10:11:24.697] [DEBUG] Getting CLI versions from NPM for @storybook/addon-essentials...
[10:11:24.709] [DEBUG] Getting CLI versions from NPM for @storybook/testing-library...
[10:11:25.479] [DEBUG] Checking fix initial-globals for project /packages/react/.storybook...
[10:11:25.487] [DEBUG] Checking fix addon-a11y-addon-test for project /packages/react/.storybook...
[10:11:25.488] [DEBUG] Checking fix consolidated-imports for project /packages/react/.storybook...
[10:11:25.490] [DEBUG] Checking fix addon-experimental-test for project /packages/react/.storybook...
[10:11:25.491] [DEBUG] Using cached installed version for @storybook/experimental-addon-test...
[10:11:25.491] [DEBUG] Checking fix rnstorybook-config for project /packages/react/.storybook...
[10:11:25.491] [DEBUG] Checking fix remove-addon-interactions for project /packages/react/.storybook...
[10:11:25.491] [DEBUG] Checking fix renderer-to-framework for project /packages/react/.storybook...
[10:11:25.491] [DEBUG] Checking fix remove-essential-addons for project /packages/react/.storybook...
[10:11:25.491] [DEBUG] Checking fix addon-a11y-parameters for project /packages/react/.storybook...
[10:11:25.491] [DEBUG] Checking fix remove-docs-autodocs for project /packages/react/.storybook...
[10:11:25.494] [DEBUG] Checking fix wrap-require for project /packages/react/.storybook...
[10:11:25.503] [INFO] detect-automigrations-task: 
Automigrations detected:
[10:11:25.510] [INFO] detect-automigrations-task: âœ” upgrade-storybook-related-dependencies
[10:11:25.520] [INFO] detect-automigrations-task: âœ” consolidated-imports
[10:11:25.526] [INFO] detect-automigrations-task: âœ” remove-addon-interactions
[10:11:25.537] [INFO] detect-automigrations-task: âœ” renderer-to-framework
[10:11:25.543] [INFO] detect-automigrations-task: âœ” remove-essential-addons
[10:11:25.555] [INFO] detect-automigrations-task: âœ” remove-docs-autodocs
[10:11:25.561] [INFO] detect-automigrations-task: âœ” wrap-require
[10:11:25.561] [INFO] detect-automigrations-task-success: 7 automigration(s) detected
[10:13:19.788] [PROMPT] Select automigrations to run {"choice":["consolidated-imports","remove-addon-interactions","renderer-to-framework","remove-essential-addons","remove-docs-autodocs","wrap-require"]}
[10:13:19.789] [INFO] automigrate-/packages/react/.storybook-task-start: Running automigrations for /packages/react/.storybook
[10:13:19.819] [INFO] automigrate-/packages/react/.storybook-task: âœ” consolidated-imports
[10:13:19.825] [DEBUG] Uninstalling @storybook/addon-interactions
[10:13:19.826] [DEBUG] Removing '@storybook/addon-interactions' from main.js addons field.
[10:13:19.841] [INFO] automigrate-/packages/react/.storybook-task: âœ” remove-addon-interactions
[10:13:19.841] [DEBUG] 
Migrating @storybook/react to @storybook/react-vite
[10:13:19.843] [DEBUG] Updating package.json files...
[10:13:19.857] [INFO] automigrate-/packages/react/.storybook-task: âœ” renderer-to-framework
[10:13:19.860] [DEBUG] Uninstalling @storybook/addon-essentials
[10:13:19.860] [DEBUG] Removing '@storybook/addon-essentials' from main.js addons field.
[10:13:19.862] [DEBUG] Getting Storybook info...
[10:13:19.862] [DEBUG] Loading main config...
[10:13:19.867] [DEBUG] Getting stories paths...
[10:13:19.867] [DEBUG] Getting package manager...
[10:13:19.872] [DEBUG] Getting Storybook version...
[10:13:19.882] [INFO] automigrate-/packages/react/.storybook-task: Verifying @storybook/addon-docs
[10:13:19.891] [INFO] automigrate-/packages/react/.storybook-task: Installing @storybook/addon-docs@^9.1.1
[10:13:19.894] [DEBUG] Getting CLI versions from NPM for @storybook/addon-docs...
[10:13:20.661] [INFO] automigrate-/packages/react/.storybook-task: Adding '@storybook/addon-docs' to the "addons" field in
/Users/joaovictordesousa/Projetos/s2mangas/kit_s2mangas/packages/react/.storybook/main.ts
[10:13:20.672] [INFO] automigrate-/packages/react/.storybook-task: âœ” remove-essential-addons
[10:13:20.683] [INFO] automigrate-/packages/react/.storybook-task: ðŸ”„ Updating docs parameter in main config file...
[10:13:20.693] [INFO] automigrate-/packages/react/.storybook-task: âœ” remove-docs-autodocs
[10:13:20.712] [INFO] automigrate-/packages/react/.storybook-task: âœ” wrap-require
[10:13:20.712] [INFO] automigrate-/packages/react/.storybook-task-success: Completed automigrations for /packages/react/.storybook
[10:13:20.712] [INFO] Installing dependencies...
[10:13:20.712] [INFO] install-dependencies-task-start: Installing dependencies...
[10:13:20.877] [INFO] Scope: all 4 workspace projects
[10:13:20.885] [INFO] install-dependencies-task: Scope: all 4 workspace projects
[10:13:20.992] [INFO] ../..                                    | Progress: resolved 0, reused 1, downloaded 0, added 0
[10:13:21.006] [INFO] install-dependencies-task: ../..                                    | Progress: resolved 0, reused 1,
downloaded 0, added 0
[10:13:21.007] [INFO] ../..                                    | â€‰WARNâ€‰ deprecated @storybook/testing-library@0.2.2
../native                                | â€‰WARNâ€‰ deprecated @testing-library/jest-native@5.4.3
../native                                | â€‰WARNâ€‰ deprecated @types/react-native@0.73.0
[10:13:21.029] [INFO] install-dependencies-task: ../..                                    | â€‰WARNâ€‰ deprecated
@storybook/testing-library@0.2.2
../native                                | â€‰WARNâ€‰ deprecated
@testing-library/jest-native@5.4.3
../native                                | â€‰WARNâ€‰ deprecated
@types/react-native@0.73.0
[10:13:21.078] [INFO] ../native                                | â€‰WARNâ€‰ deprecated eslint@8.57.1
[10:13:21.086] [INFO] install-dependencies-task: ../native                                | â€‰WARNâ€‰ deprecated eslint@8.57.1
[10:13:22.020] [INFO] ../..                                    | Progress: resolved 761, reused 706, downloaded 2, added 0
[10:13:22.033] [INFO] install-dependencies-task: ../..                                    | Progress: resolved 761, reused 706,
downloaded 2, added 0
[10:13:23.021] [INFO] ../..                                    | Progress: resolved 1699, reused 1576, downloaded 15, added 0
[10:13:23.031] [INFO] install-dependencies-task: ../..                                    | Progress: resolved 1699, reused 1576,
downloaded 15, added 0
[10:13:23.955] [INFO] WARNâ€‰ 30 deprecated subdependencies found: @babel/plugin-proposal-class-properties@7.18.6, @babel/plugin-proposal-nullish-coalescing-operator@7.18.6, @babel/plugin-proposal-object-rest-spread@7.20.7, @babel/plugin-proposal-optional-chaining@7.21.0, @babel/plugin-proposal-private-methods@7.18.6, @babel/plugin-proposal-private-property-in-object@7.21.11, @humanwhocodes/config-array@0.13.0, @humanwhocodes/object-schema@2.0.3, abab@2.0.6, are-we-there-yet@2.0.0, copy-concurrently@1.0.5, domexception@4.0.0, figgy-pudding@3.5.2, fs-write-stream-atomic@1.0.10, fsevents@1.2.13, gauge@3.0.2, glob@7.2.3, glob@8.1.0, inflight@1.0.6, move-concurrently@1.0.1, npmlog@5.0.1, resolve-url@0.2.1, rimraf@2.7.1, rimraf@3.0.2, source-map-resolve@0.5.3, source-map-url@0.4.1, source-map@0.8.0-beta.0, stable@0.1.8, urix@0.1.0, uuid-browser@3.1.0
[10:13:23.973] [INFO] install-dependencies-task: WARNâ€‰ 30 deprecated subdependencies found:
@babel/plugin-proposal-class-properties@7.18.6,
@babel/plugin-proposal-nullish-coalescing-operator@7.18.6,
@babel/plugin-proposal-object-rest-spread@7.20.7,
@babel/plugin-proposal-optional-chaining@7.21.0,
@babel/plugin-proposal-private-methods@7.18.6,
@babel/plugin-proposal-private-property-in-object@7.21.11,
@humanwhocodes/config-array@0.13.0, @humanwhocodes/object-schema@2.0.3,
abab@2.0.6, are-we-there-yet@2.0.0, copy-concurrently@1.0.5, domexception@4.0.0,
figgy-pudding@3.5.2, fs-write-stream-atomic@1.0.10, fsevents@1.2.13,
gauge@3.0.2, glob@7.2.3, glob@8.1.0, inflight@1.0.6, move-concurrently@1.0.1,
npmlog@5.0.1, resolve-url@0.2.1, rimraf@2.7.1, rimraf@3.0.2,
source-map-resolve@0.5.3, source-map-url@0.4.1, source-map@0.8.0-beta.0,
stable@0.1.8, urix@0.1.0, uuid-browser@3.1.0
[10:13:24.011] [INFO] ../..                                    |  +46   -6 +++++-
[10:13:24.072] [INFO] install-dependencies-task: ../..                                    |  +46   -6 +++++-
[10:13:24.072] [INFO] ../..                                    | Progress: resolved 1720, reused 1597, downloaded 15, added 0
[10:13:24.119] [INFO] install-dependencies-task: ../..                                    | Progress: resolved 1720, reused 1597,
downloaded 15, added 0
[10:13:24.125] [INFO] ../..                                    | Progress: resolved 1720, reused 1597, downloaded 15, added 46, done
[10:13:24.153] [INFO] install-dependencies-task: ../..                                    | Progress: resolved 1720, reused 1597,
downloaded 15, added 46, done
[10:13:25.266] [INFO] ../.. prepare$ husky install
[10:13:25.460] [INFO] install-dependencies-task: ../.. prepare$ husky install
[10:13:25.925] [INFO] ../.. prepare: husky - install command is DEPRECATED
[10:13:26.034] [INFO] install-dependencies-task: ../.. prepare: husky - install command is DEPRECATED
[10:13:26.048] [INFO] ../.. prepare: Done
[10:13:26.058] [INFO] install-dependencies-task: ../.. prepare: Done
[10:13:26.071] [INFO] ../native postinstall$ husky
[10:13:26.147] [INFO] install-dependencies-task: ../native postinstall$ husky
[10:13:26.333] [INFO] ../native postinstall: .git can't be found
[10:13:26.420] [INFO] install-dependencies-task: ../native postinstall: .git can't be found
[10:13:26.420] [INFO] ../native postinstall: Done
../native prepare$ bob build
[10:13:26.426] [INFO] install-dependencies-task: ../native postinstall: Done
../native prepare$ bob build
[10:13:26.791] [INFO] ../native prepare: â„¹ Building target commonjs
[10:13:26.801] [INFO] install-dependencies-task: ../native prepare: â„¹ Building target commonjs
[10:13:26.801] [INFO] ../native prepare: â„¹ Cleaning up previous build at lib/commonjs
[10:13:26.818] [INFO] install-dependencies-task: ../native prepare: â„¹ Cleaning up previous build at lib/commonjs
[10:13:26.821] [INFO] ../native prepare: â„¹ Compiling 56 files in src with babel
[10:13:26.830] [INFO] install-dependencies-task: ../native prepare: â„¹ Compiling 56 files in src with babel
[10:13:27.375] [INFO] ../native prepare: âœ” Wrote files to lib/commonjs
[10:13:27.396] [INFO] install-dependencies-task: ../native prepare: âœ” Wrote files to lib/commonjs
[10:13:27.396] [INFO] ../native prepare: â„¹ Building target module
../native prepare: â„¹ Cleaning up previous build at lib/module
../native prepare: â„¹ Compiling 56 files in src with babel
[10:13:27.413] [INFO] install-dependencies-task: ../native prepare: â„¹ Building target module
../native prepare: â„¹ Cleaning up previous build at lib/module
../native prepare: â„¹ Compiling 56 files in src with babel
[10:13:27.550] [INFO] ../native prepare: âœ” Wrote files to lib/module
[10:13:27.568] [INFO] install-dependencies-task: ../native prepare: âœ” Wrote files to lib/module
[10:13:27.569] [INFO] ../native prepare: â„¹ Building target typescript
../native prepare: â„¹ Cleaning up previous build at lib/typescript
../native prepare: â„¹ Generating type definitions with tsc
[10:13:27.575] [INFO] install-dependencies-task: ../native prepare: â„¹ Building target typescript
../native prepare: â„¹ Cleaning up previous build at lib/typescript
../native prepare: â„¹ Generating type definitions with tsc
[10:13:29.055] [INFO] ../native prepare: src/ui/badge.test.tsx:6:48 - error TS2769: No overload matches this call.
[10:13:29.085] [INFO] install-dependencies-task: ../native prepare: src/ui/badge.test.tsx:6:48 - error TS2769: No overload
matches this call.
[10:13:29.085] [INFO] ../native prepare:   The last overload gave the following error.
../native prepare:     Argument of type '{}' is not assignable to parameter of type 'Attributes & BadgeProps'.
../native prepare:       Property 'children' is missing in type '{}' but required in type 'BadgeProps'.
../native prepare: 6     const element = React.createElement(Badge, {}, 'Test Badge');
../native prepare:                                                  ~~
../native prepare:   src/ui/badge.tsx:5:3
../native prepare:     5   children: React.ReactNode;
../native prepare:         ~~~~~~~~
../native prepare:     'children' is declared here.
../native prepare:   ../../node_modules/.pnpm/@types+react@18.3.23/node_modules/@types/react/index.d.ts:562:14
../native prepare:     562     function createElement<P extends {}>(
../native prepare:                      ~~~~~~~~~~~~~
../native prepare:     The last overload is declared here.
../native prepare: src/ui/badge.test.tsx:13:48 - error TS2769: No overload matches this call.
../native prepare:   The last overload gave the following error.
../native prepare:     Argument of type '{ variant: "default"; testID: string; }' is not assignable to parameter of type 'Attributes & BadgeProps'.
../native prepare:       Property 'children' is missing in type '{ variant: "default"; testID: string; }' but required in type 'BadgeProps'.
../native prepare: 13     const element = React.createElement(Badge, {
../native prepare:                                                   ~
../native prepare: 14       variant: "default",
../native prepare:    ~~~~~~~~~~~~~~~~~~~~~~~~~
../native prepare: 15       testID: "badge"
../native prepare:    ~~~~~~~~~~~~~~~~~~~~~
../native prepare: 16     }, 'Default Badge');
../native prepare:    ~~~~~
../native prepare:   src/ui/badge.tsx:5:3
../native prepare:     5   children: React.ReactNode;
../native prepare:         ~~~~~~~~
../native prepare:     'children' is declared here.
../native prepare:   ../../node_modules/.pnpm/@types+react@18.3.23/node_modules/@types/react/index.d.ts:562:14
../native prepare:     562     function createElement<P extends {}>(
../native prepare:                      ~~~~~~~~~~~~~
../native prepare:     The last overload is declared here.
../native prepare: src/ui/badge.test.tsx:19:26 - error TS2339: Property 'variant' does not exist on type 'InputHTMLAttributes<HTMLInputElement>'.
../native prepare: 19     expect(element.props.variant).toBe("default");
../native prepare:                             ~~~~~~~
../native prepare: src/ui/badge.test.tsx:20:26 - error TS2339: Property 'testID' does not exist on type 'InputHTMLAttributes<HTMLInputElement>'.
../native prepare: 20     expect(element.props.testID).toBe("badge");
../native prepare:                             ~~~~~~
../native prepare: src/ui/badge.test.tsx:25:48 - error TS2769: No overload matches this call.
../native prepare:   The last overload gave the following error.
../native prepare:     Argument of type '{ variant: "secondary"; testID: string; }' is not assignable to parameter of type 'Attributes & BadgeProps'.
../native prepare:       Property 'children' is missing in type '{ variant: "secondary"; testID: string; }' but required in type 'BadgeProps'.
../native prepare: 25     const element = React.createElement(Badge, {
../native prepare:                                                   ~
../native prepare: 26       variant: "secondary",
../native prepare:    ~~~~~~~~~~~~~~~~~~~~~~~~~~~
../native prepare: 27       testID: "badge"
../native prepare:    ~~~~~~~~~~~~~~~~~~~~~
../native prepare: 28     }, 'Secondary Badge');
../native prepare:    ~~~~~
../native prepare:   src/ui/badge.tsx:5:3
../native prepare:     5   children: React.ReactNode;
../native prepare:         ~~~~~~~~
../native prepare:     'children' is declared here.
../native prepare:   ../../node_modules/.pnpm/@types+react@18.3.23/node_modules/@types/react/index.d.ts:562:14
../native prepare:     562     function createElement<P extends {}>(
../native prepare:                      ~~~~~~~~~~~~~
../native prepare:     The last overload is declared here.
../native prepare: src/ui/badge.test.tsx:31:26 - error TS2339: Property 'variant' does not exist on type 'InputHTMLAttributes<HTMLInputElement>'.
../native prepare: 31     expect(element.props.variant).toBe("secondary");
../native prepare:                             ~~~~~~~
../native prepare: src/ui/badge.test.tsx:32:26 - error TS2339: Property 'testID' does not exist on type 'InputHTMLAttributes<HTMLInputElement>'.
../native prepare: 32     expect(element.props.testID).toBe("badge");
../native prepare:                             ~~~~~~
../native prepare: src/ui/badge.test.tsx:36:48 - error TS2769: No overload matches this call.
../native prepare:   The last overload gave the following error.
../native prepare:     Argument of type '{ variant: "outline"; testID: string; }' is not assignable to parameter of type 'Attributes & BadgeProps'.
../native prepare:       Property 'children' is missing in type '{ variant: "outline"; testID: string; }' but required in type 'BadgeProps'.
../native prepare: 36     const element = React.createElement(Badge, {
../native prepare:                                                   ~
../native prepare: 37       variant: "outline",
../native prepare:    ~~~~~~~~~~~~~~~~~~~~~~~~~
../native prepare: 38       testID: "badge"
../native prepare:    ~~~~~~~~~~~~~~~~~~~~~
../native prepare: 39     }, 'Outline Badge');
../native prepare:    ~~~~~
../native prepare:   src/ui/badge.tsx:5:3
../native prepare:     5   children: React.ReactNode;
../native prepare:         ~~~~~~~~
../native prepare:     'children' is declared here.
../native prepare:   ../../node_modules/.pnpm/@types+react@18.3.23/node_modules/@types/react/index.d.ts:562:14
../native prepare:     562     function createElement<P extends {}>(
../native prepare:                      ~~~~~~~~~~~~~
../native prepare:     The last overload is declared here.
../native prepare: src/ui/badge.test.tsx:42:26 - error TS2339: Property 'variant' does not exist on type 'InputHTMLAttributes<HTMLInputElement>'.
../native prepare: 42     expect(element.props.variant).toBe("outline");
../native prepare:                             ~~~~~~~
../native prepare: src/ui/badge.test.tsx:43:26 - error TS2339: Property 'testID' does not exist on type 'InputHTMLAttributes<HTMLInputElement>'.
../native prepare: 43     expect(element.props.testID).toBe("badge");
../native prepare:                             ~~~~~~
../native prepare: src/ui/badge.test.tsx:47:48 - error TS2769: No overload matches this call.
../native prepare:   The last overload gave the following error.
../native prepare:     Argument of type '{ variant: "destructive"; testID: string; }' is not assignable to parameter of type 'Attributes & BadgeProps'.
[10:13:29.101] [INFO] install-dependencies-task: ../native prepare:   The last overload gave the following error.
../native prepare:     Argument of type '{}' is not assignable to parameter of
type 'Attributes & BadgeProps'.
../native prepare:       Property 'children' is missing in type '{}' but
required in type 'BadgeProps'.
../native prepare: 6     const element = React.createElement(Badge, {}, 'Test
Badge');
../native prepare:                                                  ~~
../native prepare:   src/ui/badge.tsx:5:3
../native prepare:     5   children: React.ReactNode;
../native prepare:         ~~~~~~~~
../native prepare:     'children' is declared here.
../native prepare:
../../node_modules/.pnpm/@types+react@18.3.23/node_modules/@types/react/index.d.ts:562:14
../native prepare:     562     function createElement<P extends {}>(
../native prepare:                      ~~~~~~~~~~~~~
../native prepare:     The last overload is declared here.
../native prepare: src/ui/badge.test.tsx:13:48 - error TS2769: No overload
matches this call.
../native prepare:   The last overload gave the following error.
../native prepare:     Argument of type '{ variant: "default"; testID: string;
}' is not assignable to parameter of type 'Attributes & BadgeProps'.
../native prepare:       Property 'children' is missing in type '{ variant:
"default"; testID: string; }' but required in type 'BadgeProps'.
../native prepare: 13     const element = React.createElement(Badge, {
../native prepare:                                                   ~
../native prepare: 14       variant: "default",
../native prepare:    ~~~~~~~~~~~~~~~~~~~~~~~~~
../native prepare: 15       testID: "badge"
../native prepare:    ~~~~~~~~~~~~~~~~~~~~~
../native prepare: 16     }, 'Default Badge');
../native prepare:    ~~~~~
../native prepare:   src/ui/badge.tsx:5:3
../native prepare:     5   children: React.ReactNode;
../native prepare:         ~~~~~~~~
../native prepare:     'children' is declared here.
../native prepare:
../../node_modules/.pnpm/@types+react@18.3.23/node_modules/@types/react/index.d.ts:562:14
../native prepare:     562     function createElement<P extends {}>(
../native prepare:                      ~~~~~~~~~~~~~
../native prepare:     The last overload is declared here.
../native prepare: src/ui/badge.test.tsx:19:26 - error TS2339: Property
'variant' does not exist on type 'InputHTMLAttributes<HTMLInputElement>'.
../native prepare: 19     expect(element.props.variant).toBe("default");
../native prepare:                             ~~~~~~~
../native prepare: src/ui/badge.test.tsx:20:26 - error TS2339: Property 'testID'
does not exist on type 'InputHTMLAttributes<HTMLInputElement>'.
../native prepare: 20     expect(element.props.testID).toBe("badge");
../native prepare:                             ~~~~~~
../native prepare: src/ui/badge.test.tsx:25:48 - error TS2769: No overload
matches this call.
../native prepare:   The last overload gave the following error.
../native prepare:     Argument of type '{ variant: "secondary"; testID: string;
}' is not assignable to parameter of type 'Attributes & BadgeProps'.
../native prepare:       Property 'children' is missing in type '{ variant:
"secondary"; testID: string; }' but required in type 'BadgeProps'.
../native prepare: 25     const element = React.createElement(Badge, {
../native prepare:                                                   ~
../native prepare: 26       variant: "secondary",
../native prepare:    ~~~~~~~~~~~~~~~~~~~~~~~~~~~
../native prepare: 27       testID: "badge"
../native prepare:    ~~~~~~~~~~~~~~~~~~~~~
../native prepare: 28     }, 'Secondary Badge');
../native prepare:    ~~~~~
../native prepare:   src/ui/badge.tsx:5:3
../native prepare:     5   children: React.ReactNode;
../native prepare:         ~~~~~~~~
../native prepare:     'children' is declared here.
../native prepare:
../../node_modules/.pnpm/@types+react@18.3.23/node_modules/@types/react/index.d.ts:562:14
../native prepare:     562     function createElement<P extends {}>(
../native prepare:                      ~~~~~~~~~~~~~
../native prepare:     The last overload is declared here.
../native prepare: src/ui/badge.test.tsx:31:26 - error TS2339: Property
'variant' does not exist on type 'InputHTMLAttributes<HTMLInputElement>'.
../native prepare: 31     expect(element.props.variant).toBe("secondary");
../native prepare:                             ~~~~~~~
../native prepare: src/ui/badge.test.tsx:32:26 - error TS2339: Property 'testID'
does not exist on type 'InputHTMLAttributes<HTMLInputElement>'.
../native prepare: 32     expect(element.props.testID).toBe("badge");
../native prepare:                             ~~~~~~
../native prepare: src/ui/badge.test.tsx:36:48 - error TS2769: No overload
matches this call.
../native prepare:   The last overload gave the following error.
../native prepare:     Argument of type '{ variant: "outline"; testID: string;
}' is not assignable to parameter of type 'Attributes & BadgeProps'.
../native prepare:       Property 'children' is missing in type '{ variant:
"outline"; testID: string; }' but required in type 'BadgeProps'.
../native prepare: 36     const element = React.createElement(Badge, {
../native prepare:                                                   ~
../native prepare: 37       variant: "outline",
../native prepare:    ~~~~~~~~~~~~~~~~~~~~~~~~~
../native prepare: 38       testID: "badge"
../native prepare:    ~~~~~~~~~~~~~~~~~~~~~
../native prepare: 39     }, 'Outline Badge');
../native prepare:    ~~~~~
../native prepare:   src/ui/badge.tsx:5:3
../native prepare:     5   children: React.ReactNode;
../native prepare:         ~~~~~~~~
../native prepare:     'children' is declared here.
../native prepare:
../../node_modules/.pnpm/@types+react@18.3.23/node_modules/@types/react/index.d.ts:562:14
../native prepare:     562     function createElement<P extends {}>(
../native prepare:                      ~~~~~~~~~~~~~
../native prepare:     The last overload is declared here.
../native prepare: src/ui/badge.test.tsx:42:26 - error TS2339: Property
'variant' does not exist on type 'InputHTMLAttributes<HTMLInputElement>'.
../native prepare: 42     expect(element.props.variant).toBe("outline");
../native prepare:                             ~~~~~~~
../native prepare: src/ui/badge.test.tsx:43:26 - error TS2339: Property 'testID'
does not exist on type 'InputHTMLAttributes<HTMLInputElement>'.
../native prepare: 43     expect(element.props.testID).toBe("badge");
../native prepare:                             ~~~~~~
../native prepare: src/ui/badge.test.tsx:47:48 - error TS2769: No overload
matches this call.
../native prepare:   The last overload gave the following error.
../native prepare:     Argument of type '{ variant: "destructive"; testID:
string; }' is not assignable to parameter of type 'Attributes & BadgeProps'.
[10:13:29.101] [INFO] ../native prepare:       Property 'children' is missing in type '{ variant: "destructive"; testID: string; }' but required in type 'BadgeProps'.
../native prepare: 47     const element = React.createElement(Badge, {
../native prepare:                                                   ~
../native prepare: 48       variant: "destructive",
../native prepare:    ~~~~~~~~~~~~~~~~~~~~~~~~~~~~~
../native prepare: 49       testID: "badge"
../native prepare:    ~~~~~~~~~~~~~~~~~~~~~
../native prepare: 50     }, 'Destructive Badge');
../native prepare:    ~~~~~
../native prepare:   src/ui/badge.tsx:5:3
../native prepare:     5   children: React.ReactNode;
../native prepare:         ~~~~~~~~
../native prepare:     'children' is declared here.
../native prepare:   ../../node_modules/.pnpm/@types+react@18.3.23/node_modules/@types/react/index.d.ts:562:14
../native prepare:     562     function createElement<P extends {}>(
../native prepare:                      ~~~~~~~~~~~~~
../native prepare:     The last overload is declared here.
../native prepare: src/ui/badge.test.tsx:53:26 - error TS2339: Property 'variant' does not exist on type 'InputHTMLAttributes<HTMLInputElement>'.
../native prepare: 53     expect(element.props.variant).toBe("destructive");
../native prepare:                             ~~~~~~~
../native prepare: src/ui/badge.test.tsx:54:26 - error TS2339: Property 'testID' does not exist on type 'InputHTMLAttributes<HTMLInputElement>'.
../native prepare: 54     expect(element.props.testID).toBe("badge");
../native prepare:                             ~~~~~~
../native prepare: src/ui/badge.test.tsx:59:48 - error TS2769: No overload matches this call.
../native prepare:   The last overload gave the following error.
../native prepare:     Argument of type '{ onPress: jest.Mock<any, any, any>; testID: string; }' is not assignable to parameter of type 'Attributes & BadgeProps'.
../native prepare:       Property 'children' is missing in type '{ onPress: jest.Mock<any, any, any>; testID: string; }' but required in type 'BadgeProps'.
../native prepare: 59     const element = React.createElement(Badge, {
../native prepare:                                                   ~
../native prepare: 60       onPress: mockOnPress,
../native prepare:    ~~~~~~~~~~~~~~~~~~~~~~~~~~~
../native prepare: 61       testID: "badge"
../native prepare:    ~~~~~~~~~~~~~~~~~~~~~
../native prepare: 62     }, 'Clickable Badge');
../native prepare:    ~~~~~
../native prepare:   src/ui/badge.tsx:5:3
../native prepare:     5   children: React.ReactNode;
../native prepare:         ~~~~~~~~
../native prepare:     'children' is declared here.
../native prepare:   ../../node_modules/.pnpm/@types+react@18.3.23/node_modules/@types/react/index.d.ts:562:14
../native prepare:     562     function createElement<P extends {}>(
../native prepare:                      ~~~~~~~~~~~~~
../native prepare:     The last overload is declared here.
../native prepare: src/ui/badge.test.tsx:65:26 - error TS2339: Property 'onPress' does not exist on type 'InputHTMLAttributes<HTMLInputElement>'.
../native prepare: 65     expect(element.props.onPress).toBe(mockOnPress);
../native prepare:                             ~~~~~~~
../native prepare: src/ui/badge.test.tsx:66:26 - error TS2339: Property 'testID' does not exist on type 'InputHTMLAttributes<HTMLInputElement>'.
../native prepare: 66     expect(element.props.testID).toBe("badge");
../native prepare:                             ~~~~~~
../native prepare: src/ui/badge.test.tsx:71:48 - error TS2769: No overload matches this call.
../native prepare:   The last overload gave the following error.
../native prepare:     Argument of type '{ onRemove: jest.Mock<any, any, any>; testID: string; }' is not assignable to parameter of type 'Attributes & BadgeProps'.
../native prepare:       Property 'children' is missing in type '{ onRemove: jest.Mock<any, any, any>; testID: string; }' but required in type 'BadgeProps'.
../native prepare: 71     const element = React.createElement(Badge, {
../native prepare:                                                   ~
../native prepare: 72       onRemove: mockOnRemove,
../native prepare:    ~~~~~~~~~~~~~~~~~~~~~~~~~~~~~
../native prepare: 73       testID: "badge"
../native prepare:    ~~~~~~~~~~~~~~~~~~~~~
../native prepare: 74     }, 'Removable Badge');
../native prepare:    ~~~~~
../native prepare:   src/ui/badge.tsx:5:3
../native prepare:     5   children: React.ReactNode;
../native prepare:         ~~~~~~~~
../native prepare:     'children' is declared here.
../native prepare:   ../../node_modules/.pnpm/@types+react@18.3.23/node_modules/@types/react/index.d.ts:562:14
../native prepare:     562     function createElement<P extends {}>(
../native prepare:                      ~~~~~~~~~~~~~
../native prepare:     The last overload is declared here.
../native prepare: src/ui/badge.test.tsx:77:26 - error TS2339: Property 'onRemove' does not exist on type 'InputHTMLAttributes<HTMLInputElement>'.
../native prepare: 77     expect(element.props.onRemove).toBe(mockOnRemove);
../native prepare:                             ~~~~~~~~
../native prepare: src/ui/badge.test.tsx:78:26 - error TS2339: Property 'testID' does not exist on type 'InputHTMLAttributes<HTMLInputElement>'.
../native prepare: 78     expect(element.props.testID).toBe("badge");
../native prepare:                             ~~~~~~
../native prepare: src/ui/badge.test.tsx:83:48 - error TS2769: No overload matches this call.
../native prepare:   The last overload gave the following error.
../native prepare:     Argument of type '{ size: "sm"; testID: string; }' is not assignable to parameter of type 'Attributes & BadgeProps'.
../native prepare:       Property 'children' is missing in type '{ size: "sm"; testID: string; }' but required in type 'BadgeProps'.
../native prepare: 83     const element = React.createElement(Badge, {
../native prepare:                                                   ~
../native prepare: 84       size: "sm",
../native prepare:    ~~~~~~~~~~~~~~~~~
../native prepare: 85       testID: "badge"
../native prepare:    ~~~~~~~~~~~~~~~~~~~~~
../native prepare: 86     }, 'Small Badge');
../native prepare:    ~~~~~
../native prepare:   src/ui/badge.tsx:5:3
../native prepare:     5   children: React.ReactNode;
../native prepare:         ~~~~~~~~
../native prepare:     'children' is declared here.
../native prepare:   ../../node_modules/.pnpm/@types+react@18.3.23/node_modules/@types/react/index.d.ts:562:14
../native prepare:     562     function createElement<P extends {}>(
../native prepare:                      ~~~~~~~~~~~~~
../native prepare:     The last overload is declared here.
../native prepare: src/ui/badge.test.tsx:90:26 - error TS2339: Property 'testI
[10:13:29.114] [INFO] install-dependencies-task: ../native prepare:       Property 'children' is missing in type '{ variant:
"destructive"; testID: string; }' but required in type 'BadgeProps'.
../native prepare: 47     const element = React.createElement(Badge, {
../native prepare:                                                   ~
../native prepare: 48       variant: "destructive",
../native prepare:    ~~~~~~~~~~~~~~~~~~~~~~~~~~~~~
../native prepare: 49       testID: "badge"
../native prepare:    ~~~~~~~~~~~~~~~~~~~~~
../native prepare: 50     }, 'Destructive Badge');
../native prepare:    ~~~~~
../native prepare:   src/ui/badge.tsx:5:3
../native prepare:     5   children: React.ReactNode;
../native prepare:         ~~~~~~~~
../native prepare:     'children' is declared here.
../native prepare:
../../node_modules/.pnpm/@types+react@18.3.23/node_modules/@types/react/index.d.ts:562:14
../native prepare:     562     function createElement<P extends {}>(
../native prepare:                      ~~~~~~~~~~~~~
../native prepare:     The last overload is declared here.
../native prepare: src/ui/badge.test.tsx:53:26 - error TS2339: Property
'variant' does not exist on type 'InputHTMLAttributes<HTMLInputElement>'.
../native prepare: 53     expect(element.props.variant).toBe("destructive");
../native prepare:                             ~~~~~~~
../native prepare: src/ui/badge.test.tsx:54:26 - error TS2339: Property 'testID'
does not exist on type 'InputHTMLAttributes<HTMLInputElement>'.
../native prepare: 54     expect(element.props.testID).toBe("badge");
../native prepare:                             ~~~~~~
../native prepare: src/ui/badge.test.tsx:59:48 - error TS2769: No overload
matches this call.
../native prepare:   The last overload gave the following error.
../native prepare:     Argument of type '{ onPress: jest.Mock<any, any, any>;
testID: string; }' is not assignable to parameter of type 'Attributes &
BadgeProps'.
../native prepare:       Property 'children' is missing in type '{ onPress:
jest.Mock<any, any, any>; testID: string; }' but required in type 'BadgeProps'.
../native prepare: 59     const element = React.createElement(Badge, {
../native prepare:                                                   ~
../native prepare: 60       onPress: mockOnPress,
../native prepare:    ~~~~~~~~~~~~~~~~~~~~~~~~~~~
../native prepare: 61       testID: "badge"
../native prepare:    ~~~~~~~~~~~~~~~~~~~~~
../native prepare: 62     }, 'Clickable Badge');
../native prepare:    ~~~~~
../native prepare:   src/ui/badge.tsx:5:3
../native prepare:     5   children: React.ReactNode;
../native prepare:         ~~~~~~~~
../native prepare:     'children' is declared here.
../native prepare:
../../node_modules/.pnpm/@types+react@18.3.23/node_modules/@types/react/index.d.ts:562:14
../native prepare:     562     function createElement<P extends {}>(
../native prepare:                      ~~~~~~~~~~~~~
../native prepare:     The last overload is declared here.
../native prepare: src/ui/badge.test.tsx:65:26 - error TS2339: Property
'onPress' does not exist on type 'InputHTMLAttributes<HTMLInputElement>'.
../native prepare: 65     expect(element.props.onPress).toBe(mockOnPress);
../native prepare:                             ~~~~~~~
../native prepare: src/ui/badge.test.tsx:66:26 - error TS2339: Property 'testID'
does not exist on type 'InputHTMLAttributes<HTMLInputElement>'.
../native prepare: 66     expect(element.props.testID).toBe("badge");
../native prepare:                             ~~~~~~
../native prepare: src/ui/badge.test.tsx:71:48 - error TS2769: No overload
matches this call.
../native prepare:   The last overload gave the following error.
../native prepare:     Argument of type '{ onRemove: jest.Mock<any, any, any>;
testID: string; }' is not assignable to parameter of type 'Attributes &
BadgeProps'.
../native prepare:       Property 'children' is missing in type '{ onRemove:
jest.Mock<any, any, any>; testID: string; }' but required in type 'BadgeProps'.
../native prepare: 71     const element = React.createElement(Badge, {
../native prepare:                                                   ~
../native prepare: 72       onRemove: mockOnRemove,
../native prepare:    ~~~~~~~~~~~~~~~~~~~~~~~~~~~~~
../native prepare: 73       testID: "badge"
../native prepare:    ~~~~~~~~~~~~~~~~~~~~~
../native prepare: 74     }, 'Removable Badge');
../native prepare:    ~~~~~
../native prepare:   src/ui/badge.tsx:5:3
../native prepare:     5   children: React.ReactNode;
../native prepare:         ~~~~~~~~
../native prepare:     'children' is declared here.
../native prepare:
../../node_modules/.pnpm/@types+react@18.3.23/node_modules/@types/react/index.d.ts:562:14
../native prepare:     562     function createElement<P extends {}>(
../native prepare:                      ~~~~~~~~~~~~~
../native prepare:     The last overload is declared here.
../native prepare: src/ui/badge.test.tsx:77:26 - error TS2339: Property
'onRemove' does not exist on type 'InputHTMLAttributes<HTMLInputElement>'.
../native prepare: 77     expect(element.props.onRemove).toBe(mockOnRemove);
../native prepare:                             ~~~~~~~~
../native prepare: src/ui/badge.test.tsx:78:26 - error TS2339: Property 'testID'
does not exist on type 'InputHTMLAttributes<HTMLInputElement>'.
../native prepare: 78     expect(element.props.testID).toBe("badge");
../native prepare:                             ~~~~~~
../native prepare: src/ui/badge.test.tsx:83:48 - error TS2769: No overload
matches this call.
../native prepare:   The last overload gave the following error.
../native prepare:     Argument of type '{ size: "sm"; testID: string; }' is not
assignable to parameter of type 'Attributes & BadgeProps'.
../native prepare:       Property 'children' is missing in type '{ size: "sm";
testID: string; }' but required in type 'BadgeProps'.
../native prepare: 83     const element = React.createElement(Badge, {
../native prepare:                                                   ~
../native prepare: 84       size: "sm",
../native prepare:    ~~~~~~~~~~~~~~~~~
../native prepare: 85       testID: "badge"
../native prepare:    ~~~~~~~~~~~~~~~~~~~~~
../native prepare: 86     }, 'Small Badge');
../native prepare:    ~~~~~
../native prepare:   src/ui/badge.tsx:5:3
../native prepare:     5   children: React.ReactNode;
../native prepare:         ~~~~~~~~
../native prepare:     'children' is declared here.
../native prepare:
../../node_modules/.pnpm/@types+react@18.3.23/node_modules/@types/react/index.d.ts:562:14
../native prepare:     562     function createElement<P extends {}>(
../native prepare:                      ~~~~~~~~~~~~~
../native prepare:     The last overload is declared here.
../native prepare: src/ui/badge.test.tsx:90:26 - error TS2339: Property 'testI
[10:13:29.115] [INFO] D' does not exist on type 'InputHTMLAttributes<HTMLInputElement>'.
../native prepare: 90     expect(element.props.testID).toBe("badge");
../native prepare:                             ~~~~~~
../native prepare: src/ui/badge.test.tsx:94:48 - error TS2769: No overload matches this call.
../native prepare:   The last overload gave the following error.
../native prepare:     Argument of type '{ size: "lg"; testID: string; }' is not assignable to parameter of type 'Attributes & BadgeProps'.
../native prepare:       Property 'children' is missing in type '{ size: "lg"; testID: string; }' but required in type 'BadgeProps'.
../native prepare: 94     const element = React.createElement(Badge, {
../native prepare:                                                   ~
../native prepare: 95       size: "lg",
../native prepare:    ~~~~~~~~~~~~~~~~~
../native prepare: 96       testID: "badge"
../native prepare:    ~~~~~~~~~~~~~~~~~~~~~
../native prepare: 97     }, 'Large Badge');
../native prepare:    ~~~~~
../native prepare:   src/ui/badge.tsx:5:3
../native prepare:     5   children: React.ReactNode;
../native prepare:         ~~~~~~~~
../native prepare:     'children' is declared here.
../native prepare:   ../../node_modules/.pnpm/@types+react@18.3.23/node_modules/@types/react/index.d.ts:562:14
../native prepare:     562     function createElement<P extends {}>(
../native prepare:                      ~~~~~~~~~~~~~
../native prepare:     The last overload is declared here.
../native prepare: src/ui/badge.test.tsx:101:26 - error TS2339: Property 'testID' does not exist on type 'InputHTMLAttributes<HTMLInputElement>'.
../native prepare: 101     expect(element.props.testID).toBe("badge");
../native prepare:                              ~~~~~~
../native prepare: src/ui/badge.test.tsx:105:48 - error TS2769: No overload matches this call.
../native prepare:   The last overload gave the following error.
../native prepare:     Argument of type '{ size: "default"; testID: string; }' is not assignable to parameter of type 'Attributes & BadgeProps'.
../native prepare:       Property 'children' is missing in type '{ size: "default"; testID: string; }' but required in type 'BadgeProps'.
../native prepare: 105     const element = React.createElement(Badge, {
../native prepare:                                                    ~
../native prepare: 106       size: "default",
../native prepare:     ~~~~~~~~~~~~~~~~~~~~~~
../native prepare: 107       testID: "badge"
../native prepare:     ~~~~~~~~~~~~~~~~~~~~~
../native prepare: 108     }, 'Default Size Badge');
../native prepare:     ~~~~~
../native prepare:   src/ui/badge.tsx:5:3
../native prepare:     5   children: React.ReactNode;
../native prepare:         ~~~~~~~~
../native prepare:     'children' is declared here.
../native prepare:   ../../node_modules/.pnpm/@types+react@18.3.23/node_modules/@types/react/index.d.ts:562:14
../native prepare:     562     function createElement<P extends {}>(
../native prepare:                      ~~~~~~~~~~~~~
../native prepare:     The last overload is declared here.
../native prepare: src/ui/badge.test.tsx:112:26 - error TS2339: Property 'testID' does not exist on type 'InputHTMLAttributes<HTMLInputElement>'.
../native prepare: 112     expect(element.props.testID).toBe("badge");
../native prepare:                              ~~~~~~
../native prepare: src/ui/button.test.tsx:59:7 - error TS2769: No overload matches this call.
../native prepare:   The last overload gave the following error.
../native prepare:     Object literal may only specify known properties, and 'size' does not exist in type 'Attributes & ButtonProps'.
../native prepare: 59       size: "sm",
../native prepare:          ~~~~
../native prepare:   ../../node_modules/.pnpm/@types+react@18.3.23/node_modules/@types/react/index.d.ts:562:14
../native prepare:     562     function createElement<P extends {}>(
../native prepare:                      ~~~~~~~~~~~~~
../native prepare:     The last overload is declared here.
../native prepare: src/ui/button.test.tsx:65:26 - error TS2339: Property 'testID' does not exist on type 'InputHTMLAttributes<HTMLInputElement>'.
../native prepare: 65     expect(element.props.testID).toBe("button");
../native prepare:                             ~~~~~~
../native prepare: src/ui/button.test.tsx:70:7 - error TS2769: No overload matches this call.
../native prepare:   The last overload gave the following error.
../native prepare:     Object literal may only specify known properties, and 'size' does not exist in type 'Attributes & ButtonProps'.
../native prepare: 70       size: "md",
../native prepare:          ~~~~
../native prepare:   ../../node_modules/.pnpm/@types+react@18.3.23/node_modules/@types/react/index.d.ts:562:14
../native prepare:     562     function createElement<P extends {}>(
../native prepare:                      ~~~~~~~~~~~~~
../native prepare:     The last overload is declared here.
../native prepare: src/ui/button.test.tsx:76:26 - error TS2339: Property 'testID' does not exist on type 'InputHTMLAttributes<HTMLInputElement>'.
../native prepare: 76     expect(element.props.testID).toBe("button");
../native prepare:                             ~~~~~~
../native prepare: src/ui/button.test.tsx:81:7 - error TS2769: No overload matches this call.
../native prepare:   The last overload gave the following error.
../native prepare:     Object literal may only specify known properties, and 'size' does not exist in type 'Attributes & ButtonProps'.
../native prepare: 81       size: "lg",
../native prepare:          ~~~~
../native prepare:   ../../node_modules/.pnpm/@types+react@18.3.23/node_modules/@types/react/index.d.ts:562:14
../native prepare:     562     function createElement<P extends {}>(
../native prepare:                      ~~~~~~~~~~~~~
../native prepare:     The last overload is declared here.
../native prepare: src/ui/button.test.tsx:87:26 - error TS2339: Property 'testID' does not exist on type 'InputHTMLAttributes<HTMLInputElement>'.
../native prepare: 87     expect(element.props.testID).toBe("button");
../native prepare:                             ~~~~~~
../native prepare: src/ui/button.test.tsx:142:7 - error TS2769: No overload matches this call.
../native prepare:   The last overload gave the following error.
../native prepare:     Object literal may only specify known properties, and 'accessibilityLabel' does not exist in type 'Attributes & ButtonProps'.
../native prepare: 142       accessibilityLabel: "Test button",
../native prepare:           ~~~~~~~~~~~~~~~~~~
../native prepare:   ../../node_modules/.pnpm/@types+react@18.3.23/node_modules/@types/react/index.d.ts:562:14
../native prepare:     562     function createElement<P extends {}>(
../native prepare:                      ~~~~~~~~~~~~~
../native prepare:     The l
[10:13:29.211] [INFO] install-dependencies-task: D' does not exist on type 'InputHTMLAttributes<HTMLInputElement>'.
../native prepare: 90     expect(element.props.testID).toBe("badge");
../native prepare:                             ~~~~~~
../native prepare: src/ui/badge.test.tsx:94:48 - error TS2769: No overload
matches this call.
../native prepare:   The last overload gave the following error.
../native prepare:     Argument of type '{ size: "lg"; testID: string; }' is not
assignable to parameter of type 'Attributes & BadgeProps'.
../native prepare:       Property 'children' is missing in type '{ size: "lg";
testID: string; }' but required in type 'BadgeProps'.
../native prepare: 94     const element = React.createElement(Badge, {
../native prepare:                                                   ~
../native prepare: 95       size: "lg",
../native prepare:    ~~~~~~~~~~~~~~~~~
../native prepare: 96       testID: "badge"
../native prepare:    ~~~~~~~~~~~~~~~~~~~~~
../native prepare: 97     }, 'Large Badge');
../native prepare:    ~~~~~
../native prepare:   src/ui/badge.tsx:5:3
../native prepare:     5   children: React.ReactNode;
../native prepare:         ~~~~~~~~
../native prepare:     'children' is declared here.
../native prepare:
../../node_modules/.pnpm/@types+react@18.3.23/node_modules/@types/react/index.d.ts:562:14
../native prepare:     562     function createElement<P extends {}>(
../native prepare:                      ~~~~~~~~~~~~~
../native prepare:     The last overload is declared here.
../native prepare: src/ui/badge.test.tsx:101:26 - error TS2339: Property
'testID' does not exist on type 'InputHTMLAttributes<HTMLInputElement>'.
../native prepare: 101     expect(element.props.testID).toBe("badge");
../native prepare:                              ~~~~~~
../native prepare: src/ui/badge.test.tsx:105:48 - error TS2769: No overload
matches this call.
../native prepare:   The last overload gave the following error.
../native prepare:     Argument of type '{ size: "default"; testID: string; }'
is not assignable to parameter of type 'Attributes & BadgeProps'.
../native prepare:       Property 'children' is missing in type '{ size:
"default"; testID: string; }' but required in type 'BadgeProps'.
../native prepare: 105     const element = React.createElement(Badge, {
../native prepare:                                                    ~
../native prepare: 106       size: "default",
../native prepare:     ~~~~~~~~~~~~~~~~~~~~~~
../native prepare: 107       testID: "badge"
../native prepare:     ~~~~~~~~~~~~~~~~~~~~~
../native prepare: 108     }, 'Default Size Badge');
../native prepare:     ~~~~~
../native prepare:   src/ui/badge.tsx:5:3
../native prepare:     5   children: React.ReactNode;
../native prepare:         ~~~~~~~~
../native prepare:     'children' is declared here.
../native prepare:
../../node_modules/.pnpm/@types+react@18.3.23/node_modules/@types/react/index.d.ts:562:14
../native prepare:     562     function createElement<P extends {}>(
../native prepare:                      ~~~~~~~~~~~~~
../native prepare:     The last overload is declared here.
../native prepare: src/ui/badge.test.tsx:112:26 - error TS2339: Property
'testID' does not exist on type 'InputHTMLAttributes<HTMLInputElement>'.
../native prepare: 112     expect(element.props.testID).toBe("badge");
../native prepare:                              ~~~~~~
../native prepare: src/ui/button.test.tsx:59:7 - error TS2769: No overload
matches this call.
../native prepare:   The last overload gave the following error.
../native prepare:     Object literal may only specify known properties, and
'size' does not exist in type 'Attributes & ButtonProps'.
../native prepare: 59       size: "sm",
../native prepare:          ~~~~
../native prepare:
../../node_modules/.pnpm/@types+react@18.3.23/node_modules/@types/react/index.d.ts:562:14
../native prepare:     562     function createElement<P extends {}>(
../native prepare:                      ~~~~~~~~~~~~~
../native prepare:     The last overload is declared here.
../native prepare: src/ui/button.test.tsx:65:26 - error TS2339: Property
'testID' does not exist on type 'InputHTMLAttributes<HTMLInputElement>'.
../native prepare: 65     expect(element.props.testID).toBe("button");
../native prepare:                             ~~~~~~
../native prepare: src/ui/button.test.tsx:70:7 - error TS2769: No overload
matches this call.
../native prepare:   The last overload gave the following error.
../native prepare:     Object literal may only specify known properties, and
'size' does not exist in type 'Attributes & ButtonProps'.
../native prepare: 70       size: "md",
../native prepare:          ~~~~
../native prepare:
../../node_modules/.pnpm/@types+react@18.3.23/node_modules/@types/react/index.d.ts:562:14
../native prepare:     562     function createElement<P extends {}>(
../native prepare:                      ~~~~~~~~~~~~~
../native prepare:     The last overload is declared here.
../native prepare: src/ui/button.test.tsx:76:26 - error TS2339: Property
'testID' does not exist on type 'InputHTMLAttributes<HTMLInputElement>'.
../native prepare: 76     expect(element.props.testID).toBe("button");
../native prepare:                             ~~~~~~
../native prepare: src/ui/button.test.tsx:81:7 - error TS2769: No overload
matches this call.
../native prepare:   The last overload gave the following error.
../native prepare:     Object literal may only specify known properties, and
'size' does not exist in type 'Attributes & ButtonProps'.
../native prepare: 81       size: "lg",
../native prepare:          ~~~~
../native prepare:
../../node_modules/.pnpm/@types+react@18.3.23/node_modules/@types/react/index.d.ts:562:14
../native prepare:     562     function createElement<P extends {}>(
../native prepare:                      ~~~~~~~~~~~~~
../native prepare:     The last overload is declared here.
../native prepare: src/ui/button.test.tsx:87:26 - error TS2339: Property
'testID' does not exist on type 'InputHTMLAttributes<HTMLInputElement>'.
../native prepare: 87     expect(element.props.testID).toBe("button");
../native prepare:                             ~~~~~~
../native prepare: src/ui/button.test.tsx:142:7 - error TS2769: No overload
matches this call.
../native prepare:   The last overload gave the following error.
../native prepare:     Object literal may only specify known properties, and
'accessibilityLabel' does not exist in type 'Attributes & ButtonProps'.
../native prepare: 142       accessibilityLabel: "Test button",
../native prepare:           ~~~~~~~~~~~~~~~~~~
../native prepare:
../../node_modules/.pnpm/@types+react@18.3.23/node_modules/@types/react/index.d.ts:562:14
../native prepare:     562     function createElement<P extends {}>(
../native prepare:                      ~~~~~~~~~~~~~
../native prepare:     The l
[10:13:29.211] [INFO] ast overload is declared here.
../native prepare: src/ui/button.test.tsx:147:26 - error TS2339: Property 'testID' does not exist on type 'InputHTMLAttributes<HTMLInputElement>'.
../native prepare: 147     expect(element.props.testID).toBe("button");
../native prepare:                              ~~~~~~
../native prepare: src/ui/button.test.tsx:148:26 - error TS2339: Property 'accessibilityLabel' does not exist on type 'InputHTMLAttributes<HTMLInputElement>'.
../native prepare: 148     expect(element.props.accessibilityLabel).toBe("Test button");
../native prepare:                              ~~~~~~~~~~~~~~~~~~
../native prepare: src/ui/button.test.tsx:149:26 - error TS2339: Property 'accessibilityHint' does not exist on type 'InputHTMLAttributes<HTMLInputElement>'.
../native prepare: 149     expect(element.props.accessibilityHint).toBe("Tap to test");
../native prepare:                              ~~~~~~~~~~~~~~~~~
../native prepare: src/ui/card.test.tsx:6:47 - error TS2769: No overload matches this call.
../native prepare:   The last overload gave the following error.
../native prepare:     Argument of type '{}' is not assignable to parameter of type 'Attributes & CardProps'.
../native prepare:       Property 'children' is missing in type '{}' but required in type 'CardProps'.
../native prepare: 6     const element = React.createElement(Card, {},
../native prepare:                                                 ~~
../native prepare:   src/ui/card.tsx:6:3
../native prepare:     6   children: React.ReactNode;
../native prepare:         ~~~~~~~~
../native prepare:     'children' is declared here.
../native prepare:   ../../node_modules/.pnpm/@types+react@18.3.23/node_modules/@types/react/index.d.ts:562:14
../native prepare:     562     function createElement<P extends {}>(
../native prepare:                      ~~~~~~~~~~~~~
../native prepare:     The last overload is declared here.
../native prepare: src/ui/card.test.tsx:15:47 - error TS2769: No overload matches this call.
../native prepare:   The last overload gave the following error.
../native prepare:     Argument of type '{ testID: string; }' is not assignable to parameter of type 'Attributes & CardProps'.
../native prepare:       Property 'children' is missing in type '{ testID: string; }' but required in type 'CardProps'.
../native prepare: 15     const element = React.createElement(Card, {
../native prepare:                                                  ~
../native prepare: 16       testID: "test-card"
../native prepare:    ~~~~~~~~~~~~~~~~~~~~~~~~~
../native prepare: 17     }, React.createElement('div', {}, 'Test Content'));
../native prepare:    ~~~~~
../native prepare:   src/ui/card.tsx:6:3
../native prepare:     6   children: React.ReactNode;
../native prepare:         ~~~~~~~~
../native prepare:     'children' is declared here.
../native prepare:   ../../node_modules/.pnpm/@types+react@18.3.23/node_modules/@types/react/index.d.ts:562:14
../native prepare:     562     function createElement<P extends {}>(
../native prepare:                      ~~~~~~~~~~~~~
../native prepare:     The last overload is declared here.
../native prepare: src/ui/card.test.tsx:20:26 - error TS2339: Property 'testID' does not exist on type 'InputHTMLAttributes<HTMLInputElement>'.
../native prepare: 20     expect(element.props.testID).toBe("test-card");
../native prepare:                             ~~~~~~
../native prepare: src/ui/card.test.tsx:24:47 - error TS2769: No overload matches this call.
../native prepare:   The last overload gave the following error.
../native prepare:     Argument of type '{ padding: number; testID: string; }' is not assignable to parameter of type 'Attributes & CardProps'.
../native prepare:       Property 'children' is missing in type '{ padding: number; testID: string; }' but required in type 'CardProps'.
../native prepare: 24     const element = React.createElement(Card, {
../native prepare:                                                  ~
../native prepare: 25       padding: 20,
../native prepare:    ~~~~~~~~~~~~~~~~~~
../native prepare: 26       testID: "test-card"
../native prepare:    ~~~~~~~~~~~~~~~~~~~~~~~~~
../native prepare: 27     }, React.createElement('div', {}, 'Test Content'));
../native prepare:    ~~~~~
../native prepare:   src/ui/card.tsx:6:3
../native prepare:     6   children: React.ReactNode;
../native prepare:         ~~~~~~~~
../native prepare:     'children' is declared here.
../native prepare:   ../../node_modules/.pnpm/@types+react@18.3.23/node_modules/@types/react/index.d.ts:562:14
../native prepare:     562     function createElement<P extends {}>(
../native prepare:                      ~~~~~~~~~~~~~
../native prepare:     The last overload is declared here.
../native prepare: src/ui/card.test.tsx:30:26 - error TS2339: Property 'padding' does not exist on type 'InputHTMLAttributes<HTMLInputElement>'.
../native prepare: 30     expect(element.props.padding).toBe(20);
../native prepare:                             ~~~~~~~
../native prepare: src/ui/card.test.tsx:31:26 - error TS2339: Property 'testID' does not exist on type 'InputHTMLAttributes<HTMLInputElement>'.
../native prepare: 31     expect(element.props.testID).toBe("test-card");
../native prepare:                             ~~~~~~
../native prepare: src/ui/card.test.tsx:35:47 - error TS2769: No overload matches this call.
../native prepare:   The last overload gave the following error.
../native prepare:     Argument of type '{ margin: number; testID: string; }' is not assignable to parameter of type 'Attributes & CardProps'.
../native prepare:       Property 'children' is missing in type '{ margin: number; testID: string; }' but required in type 'CardProps'.
../native prepare: 35     const element = React.createElement(Card, {
../native prepare:                                                  ~
../native prepare: 36       margin: 10,
../native prepare:    ~~~~~~~~~~~~~~~~~
../native prepare: 37       testID: "test-card"
../native prepare:    ~~~~~~~~~~~~~~~~~~~~~~~~~
../native prepare: 38     }, React.createElement('div', {}, 'Test Content'));
../native prepare:    ~~~~~
../native prepare:   src/ui/card.tsx:6:3
../native prepare:     6   children: React.ReactNode;
../native prepare:         ~~~~~~~~
../native prepare:     'children' is declared here.
../native prepare:   ../../node_modules/.pnpm/@types+react@18.3.23/node_modules/@types/react/index.d.ts:562:14
../native prepare:     562     function createElement<P extends {}>(
../native prepare:                      ~~~~~~~~~~~~~
../native prepare:     The last overload is declared here.
../native prepare: src/ui/card.test.tsx:41:26 - error TS2339: Property 'margin' does not exist on type 'InputHTMLAttributes<HTMLInputElement>'.
../native prepare: 41     expect(element.props.margin
[10:13:29.224] [INFO] install-dependencies-task: ast overload is declared here.
../native prepare: src/ui/button.test.tsx:147:26 - error TS2339: Property
'testID' does not exist on type 'InputHTMLAttributes<HTMLInputElement>'.
../native prepare: 147     expect(element.props.testID).toBe("button");
../native prepare:                              ~~~~~~
../native prepare: src/ui/button.test.tsx:148:26 - error TS2339: Property
'accessibilityLabel' does not exist on type
'InputHTMLAttributes<HTMLInputElement>'.
../native prepare: 148     expect(element.props.accessibilityLabel).toBe("Test
button");
../native prepare:                              ~~~~~~~~~~~~~~~~~~
../native prepare: src/ui/button.test.tsx:149:26 - error TS2339: Property
'accessibilityHint' does not exist on type
'InputHTMLAttributes<HTMLInputElement>'.
../native prepare: 149     expect(element.props.accessibilityHint).toBe("Tap to
test");
../native prepare:                              ~~~~~~~~~~~~~~~~~
../native prepare: src/ui/card.test.tsx:6:47 - error TS2769: No overload matches
this call.
../native prepare:   The last overload gave the following error.
../native prepare:     Argument of type '{}' is not assignable to parameter of
type 'Attributes & CardProps'.
../native prepare:       Property 'children' is missing in type '{}' but
required in type 'CardProps'.
../native prepare: 6     const element = React.createElement(Card, {},
../native prepare:                                                 ~~
../native prepare:   src/ui/card.tsx:6:3
../native prepare:     6   children: React.ReactNode;
../native prepare:         ~~~~~~~~
../native prepare:     'children' is declared here.
../native prepare:
../../node_modules/.pnpm/@types+react@18.3.23/node_modules/@types/react/index.d.ts:562:14
../native prepare:     562     function createElement<P extends {}>(
../native prepare:                      ~~~~~~~~~~~~~
../native prepare:     The last overload is declared here.
../native prepare: src/ui/card.test.tsx:15:47 - error TS2769: No overload
matches this call.
../native prepare:   The last overload gave the following error.
../native prepare:     Argument of type '{ testID: string; }' is not assignable
to parameter of type 'Attributes & CardProps'.
../native prepare:       Property 'children' is missing in type '{ testID:
string; }' but required in type 'CardProps'.
../native prepare: 15     const element = React.createElement(Card, {
../native prepare:                                                  ~
../native prepare: 16       testID: "test-card"
../native prepare:    ~~~~~~~~~~~~~~~~~~~~~~~~~
../native prepare: 17     }, React.createElement('div', {}, 'Test Content'));
../native prepare:    ~~~~~
../native prepare:   src/ui/card.tsx:6:3
../native prepare:     6   children: React.ReactNode;
../native prepare:         ~~~~~~~~
../native prepare:     'children' is declared here.
../native prepare:
../../node_modules/.pnpm/@types+react@18.3.23/node_modules/@types/react/index.d.ts:562:14
../native prepare:     562     function createElement<P extends {}>(
../native prepare:                      ~~~~~~~~~~~~~
../native prepare:     The last overload is declared here.
../native prepare: src/ui/card.test.tsx:20:26 - error TS2339: Property 'testID'
does not exist on type 'InputHTMLAttributes<HTMLInputElement>'.
../native prepare: 20     expect(element.props.testID).toBe("test-card");
../native prepare:                             ~~~~~~
../native prepare: src/ui/card.test.tsx:24:47 - error TS2769: No overload
matches this call.
../native prepare:   The last overload gave the following error.
../native prepare:     Argument of type '{ padding: number; testID: string; }'
is not assignable to parameter of type 'Attributes & CardProps'.
../native prepare:       Property 'children' is missing in type '{ padding:
number; testID: string; }' but required in type 'CardProps'.
../native prepare: 24     const element = React.createElement(Card, {
../native prepare:                                                  ~
../native prepare: 25       padding: 20,
../native prepare:    ~~~~~~~~~~~~~~~~~~
../native prepare: 26       testID: "test-card"
../native prepare:    ~~~~~~~~~~~~~~~~~~~~~~~~~
../native prepare: 27     }, React.createElement('div', {}, 'Test Content'));
../native prepare:    ~~~~~
../native prepare:   src/ui/card.tsx:6:3
../native prepare:     6   children: React.ReactNode;
../native prepare:         ~~~~~~~~
../native prepare:     'children' is declared here.
../native prepare:
../../node_modules/.pnpm/@types+react@18.3.23/node_modules/@types/react/index.d.ts:562:14
../native prepare:     562     function createElement<P extends {}>(
../native prepare:                      ~~~~~~~~~~~~~
../native prepare:     The last overload is declared here.
../native prepare: src/ui/card.test.tsx:30:26 - error TS2339: Property 'padding'
does not exist on type 'InputHTMLAttributes<HTMLInputElement>'.
../native prepare: 30     expect(element.props.padding).toBe(20);
../native prepare:                             ~~~~~~~
../native prepare: src/ui/card.test.tsx:31:26 - error TS2339: Property 'testID'
does not exist on type 'InputHTMLAttributes<HTMLInputElement>'.
../native prepare: 31     expect(element.props.testID).toBe("test-card");
../native prepare:                             ~~~~~~
../native prepare: src/ui/card.test.tsx:35:47 - error TS2769: No overload
matches this call.
../native prepare:   The last overload gave the following error.
../native prepare:     Argument of type '{ margin: number; testID: string; }' is
not assignable to parameter of type 'Attributes & CardProps'.
../native prepare:       Property 'children' is missing in type '{ margin:
number; testID: string; }' but required in type 'CardProps'.
../native prepare: 35     const element = React.createElement(Card, {
../native prepare:                                                  ~
../native prepare: 36       margin: 10,
../native prepare:    ~~~~~~~~~~~~~~~~~
../native prepare: 37       testID: "test-card"
../native prepare:    ~~~~~~~~~~~~~~~~~~~~~~~~~
../native prepare: 38     }, React.createElement('div', {}, 'Test Content'));
../native prepare:    ~~~~~
../native prepare:   src/ui/card.tsx:6:3
../native prepare:     6   children: React.ReactNode;
../native prepare:         ~~~~~~~~
../native prepare:     'children' is declared here.
../native prepare:
../../node_modules/.pnpm/@types+react@18.3.23/node_modules/@types/react/index.d.ts:562:14
../native prepare:     562     function createElement<P extends {}>(
../native prepare:                      ~~~~~~~~~~~~~
../native prepare:     The last overload is declared here.
../native prepare: src/ui/card.test.tsx:41:26 - error TS2339: Property 'margin'
does not exist on type 'InputHTMLAttributes<HTMLInputElement>'.
../native prepare: 41     expect(element.props.margin
[10:13:29.231] [ERROR] An error occurred while installing dependencies. {"error":"Error: Command failed with exit code 1: pnpm install\nScope: all 4 workspace projects\n../..                                    | Progress: resolved 0, reused 1, downloaded 0, added 0\n../..                                    | â€‰WARNâ€‰ deprecated @storybook/testing-library@0.2.2\n../native                                | â€‰WARNâ€‰ deprecated @testing-library/jest-native@5.4.3\n../native                                | â€‰WARNâ€‰ deprecated @types/react-native@0.73.0\n../native                                | â€‰WARNâ€‰ deprecated eslint@8.57.1\n../..                                    | Progress: resolved 761, reused 706, downloaded 2, added 0\n../..                                    | Progress: resolved 1699, reused 1576, downloaded 15, added 0\nâ€‰WARNâ€‰ 30 deprecated subdependencies found: @babel/plugin-proposal-class-properties@7.18.6, @babel/plugin-proposal-nullish-coalescing-operator@7.18.6, @babel/plugin-proposal-object-rest-spread@7.20.7, @babel/plugin-proposal-optional-chaining@7.21.0, @babel/plugin-proposal-private-methods@7.18.6, @babel/plugin-proposal-private-property-in-object@7.21.11, @humanwhocodes/config-array@0.13.0, @humanwhocodes/object-schema@2.0.3, abab@2.0.6, are-we-there-yet@2.0.0, copy-concurrently@1.0.5, domexception@4.0.0, figgy-pudding@3.5.2, fs-write-stream-atomic@1.0.10, fsevents@1.2.13, gauge@3.0.2, glob@7.2.3, glob@8.1.0, inflight@1.0.6, move-concurrently@1.0.1, npmlog@5.0.1, resolve-url@0.2.1, rimraf@2.7.1, rimraf@3.0.2, source-map-resolve@0.5.3, source-map-url@0.4.1, source-map@0.8.0-beta.0, stable@0.1.8, urix@0.1.0, uuid-browser@3.1.0\n../..                                    |  +46   -6 +++++-\n../..                                    | Progress: resolved 1720, reused 1597, downloaded 15, added 0\n../..                                    | Progress: resolved 1720, reused 1597, downloaded 15, added 46, done\n../.. prepare$ husky install\n../.. prepare: husky - install command is DEPRECATED\n../.. prepare: Done\n../native postinstall$ husky\n../native postinstall: .git can't be found\n../native postinstall: Done\n../native prepare$ bob build\n../native prepare: â„¹ Building target commonjs\n../native prepare: â„¹ Cleaning up previous build at lib/commonjs\n../native prepare: â„¹ Compiling 56 files in src with babel\n../native prepare: âœ” Wrote files to lib/commonjs\n../native prepare: â„¹ Building target module\n../native prepare: â„¹ Cleaning up previous build at lib/module\n../native prepare: â„¹ Compiling 56 files in src with babel\n../native prepare: âœ” Wrote files to lib/module\n../native prepare: â„¹ Building target typescript\n../native prepare: â„¹ Cleaning up previous build at lib/typescript\n../native prepare: â„¹ Generating type definitions with tsc\n../native prepare: \u001b[96msrc/ui/badge.test.tsx\u001b[0m:\u001b[93m6\u001b[0m:\u001b[93m48\u001b[0m - \u001b[91merror\u001b[0m\u001b[90m TS2769: \u001b[0mNo overload matches this call.\n../native prepare:   The last overload gave the following error.\n../native prepare:     Argument of type '{}' is not assignable to parameter of type 'Attributes & BadgeProps'.\n../native prepare:       Property 'children' is missing in type '{}' but required in type 'BadgeProps'.\n../native prepare: \u001b[7m6\u001b[0m     const element = React.createElement(Badge, {}, 'Test Badge');\n../native prepare: \u001b[7m \u001b[0m \u001b[91m                                               ~~\u001b[0m\n../native prepare:   \u001b[96msrc/ui/badge.tsx\u001b[0m:\u001b[93m5\u001b[0m:\u001b[93m3\u001b[0m\n../native prepare:     \u001b[7m5\u001b[0m   children: React.ReactNode;\n../native prepare:     \u001b[7m \u001b[0m \u001b[96m  ~~~~~~~~\u001b[0m\n../native prepare:     'children' is declared here.\n../native prepare:   \u001b[96m../../node_modules/.pnpm/@types+react@18.3.23/node_modules/@types/react/index.d.ts\u001b[0m:\u001b[93m562\u001b[0m:\u001b[93m14\u001b[0m\n../native prepare:     \u001b[7m562\u001b[0m     function createElement<P extends {}>(\n../native prepare:     \u001b[7m   \u001b[0m \u001b[96m             ~~~~~~~~~~~~~\u001b[0m\n../native prepare:     The last overload is declared here.\n../native prepare: \u001b[96msrc/ui/badge.test.tsx\u001b[0m:\u001b[93m13\u001b[0m:\u001b[93m48\u001b[0m - \u001b[91merror\u001b[0m\u001b[90m TS2769: \u001b[0mNo overload matches this call.\n../native prepare:   The last overload gave the following error.\n../native prepare:     Argument of type '{ variant: \"default\"; testID: string; }' is not assignable to parameter of type 'Attributes & BadgeProps'.\n../native prepare:       Property 'children' is missing in type '{ variant: \"default\"; testID: string; }' but required in type 'BadgeProps'.\n../native prepare: \u001b[7m13\u001b[0m     const element = React.createElement(Badge, {\n../native prepare: \u001b[7m  \u001b[0m \u001b[91m                                               ~\u001b[0m\n../native prepare: \u001b[7m14\u001b[0m       variant: \"default\",\n../native prepare: \u001b[7m  \u001b[0m \u001b[91m~~~~~~~~~~~~~~~~~~~~~~~~~\u001b[0m\n../native prepare: \u001b[7m15\u001b[0m       testID: \"badge\"\n../native prepare: \u001b[7m  \u001b[0m \u001b[91m~~~~~~~~~~~~~~~~~~~~~\u001b[0m\n../native prepare: \u001b[7m16\u001b[0m     }, 'Default Badge');\n../native prepare: \u001b[7m  \u001b[0m \u001b[91m~~~~~\u001b[0m\n../native prepare:   \u001b[96msrc/ui/badge.tsx\u001b[0m:\u001b[93m5\u001b[0m:\u001b[93m3\u001b[0m\n../native prepare:     \u001b[7m5\u001b[0m   children: React.ReactNode;\n../native prepare:     \u001b[7m \u001b[0m \u001b[96m  ~~~~~~~~\u001b[0m\n../native prepare:     'children' is declared here.\n../native prepare:   \u001b[96m../../node_modules/.pnpm/@types+react@18.3.23/node_modules/@types/react/index.d.ts\u001b[0m:\u001b[93m562\u001b[0m:\u001b[93m14\u001b[0m\n../native prepare:     \u001b[7m562\u001b[0m     function createElement<P extends {}>(\n../native prepare:     \u001b[7m   \u001b[0m \u001b[96m             ~~~~~~~~~~~~~\u001b[0m\n../native prepare:     The last overload is declared here.\n../native prepare: \u001b[96msrc/ui/badge.test.tsx\u001b[0m:\u001b[93m19\u001b[0m:\u001b[93m26\u001b[0m - \u001b[91merror\u001b[0m\u001b[90m TS2339: \u001b[0mProperty 'variant' does not exist on type 'InputHTMLAttributes<HTMLInputElement>'.\n../native prepare: \u001b[7m19\u001b[0m     expect(element.props.variant).toBe(\"default\");\n../native prepare: \u001b[7m  \u001b[0m \u001b[91m                         ~~~~~~~\u001b[0m\n../native prepare: \u001b[96msrc/ui/badge.test.tsx\u001b[0m:\u001b[93m20\u001b[0m:\u001b[93m26\u001b[0m - \u001b[91merror\u001b[0m\u001b[90m TS2339: \u001b[0mProperty 'testID' does not exist on type 'InputHTMLAttributes<HTMLInputElement>'.\n../native prepare: \u001b[7m20\u001b[0m     expect(element.props.testID).toBe(\"badge\");\n../native prepare: \u001b[7m  \u001b[0m \u001b[91m                         ~~~~~~\u001b[0m\n../native prepare: \u001b[96msrc/ui/badge.test.tsx\u001b[0m:\u001b[93m25\u001b[0m:\u001b[93m48\u001b[0m - \u001b[91merror\u001b[0m\u001b[90m TS2769: \u001b[0mNo overload matches this call.\n../native prepare:   The last overload gave the following error.\n../native prepare:     Argument of type '{ variant: \"secondary\"; testID: string; }' is not assignable to parameter of type 'Attributes & BadgeProps'.\n../native prepare:       Property 'children' is missing in type '{ variant: \"secondary\"; testID: string; }' but required in type 'BadgeProps'.\n../native prepare: \u001b[7m25\u001b[0m     const element = React.createElement(Badge, {\n../native prepare: \u001b[7m  \u001b[0m \u001b[91m                                               ~\u001b[0m\n../native prepare: \u001b[7m26\u001b[0m       variant: \"secondary\",\n../native prepare: \u001b[7m  \u001b[0m \u001b[91m~~~~~~~~~~~~~~~~~~~~~~~~~~~\u001b[0m\n../native prepare: \u001b[7m27\u001b[0m       testID: \"badge\"\n../native prepare: \u001b[7m  \u001b[0m \u001b[91m~~~~~~~~~~~~~~~~~~~~~\u001b[0m\n../native prepare: \u001b[7m28\u001b[0m     }, 'Secondary Badge');\n../native prepare: \u001b[7m  \u001b[0m \u001b[91m~~~~~\u001b[0m\n../native prepare:   \u001b[96msrc/ui/badge.tsx\u001b[0m:\u001b[93m5\u001b[0m:\u001b[93m3\u001b[0m\n../native prepare:     \u001b[7m5\u001b[0m   children: React.ReactNode;\n../native prepare:     \u001b[7m \u001b[0m \u001b[96m  ~~~~~~~~\u001b[0m\n../native prepare:     'children' is declared here.\n../native prepare:   \u001b[96m../../node_modules/.pnpm/@types+react@18.3.23/node_modules/@types/react/index.d.ts\u001b[0m:\u001b[93m562\u001b[0m:\u001b[93m14\u001b[0m\n../native prepare:     \u001b[7m562\u001b[0m     function createElement<P extends {}>(\n../native prepare:     \u001b[7m   \u001b[0m \u001b[96m             ~~~~~~~~~~~~~\u001b[0m\n../native prepare:     The last overload is declared here.\n../native prepare: \u001b[96msrc/ui/badge.test.tsx\u001b[0m:\u001b[93m31\u001b[0m:\u001b[93m26\u001b[0m - \u001b[91merror\u001b[0m\u001b[90m TS2339: \u001b[0mProperty 'variant' does not exist on type 'InputHTMLAttributes<HTMLInputElement>'.\n../native prepare: \u001b[7m31\u001b[0m     expect(element.props.variant).toBe(\"secondary\");\n../native prepare: \u001b[7m  \u001b[0m \u001b[91m                         ~~~~~~~\u001b[0m\n../native prepare: \u001b[96msrc/ui/badge.test.tsx\u001b[0m:\u001b[93m32\u001b[0m:\u001b[93m26\u001b[0m - \u001b[91merror\u001b[0m\u001b[90m TS2339: \u001b[0mProperty 'testID' does not exist on type 'InputHTMLAttributes<HTMLInputElement>'.\n../native prepare: \u001b[7m32\u001b[0m     expect(element.props.testID).toBe(\"badge\");\n../native prepare: \u001b[7m  \u001b[0m \u001b[91m                         ~~~~~~\u001b[0m\n../native prepare: \u001b[96msrc/ui/badge.test.tsx\u001b[0m:\u001b[93m36\u001b[0m:\u001b[93m48\u001b[0m - \u001b[91merror\u001b[0m\u001b[90m TS2769: \u001b[0mNo overload matches this call.\n../native prepare:   The last overload gave the following error.\n../native prepare:     Argument of type '{ variant: \"outline\"; testID: string; }' is not assignable to parameter of type 'Attributes & BadgeProps'.\n../native prepare:       Property 'children' is missing in type '{ variant: \"outline\"; testID: string; }' but required in type 'BadgeProps'.\n../native prepare: \u001b[7m36\u001b[0m     const element = React.createElement(Badge, {\n../native prepare: \u001b[7m  \u001b[0m \u001b[91m                                               ~\u001b[0m\n../native prepare: \u001b[7m37\u001b[0m       variant: \"outline\",\n../native prepare: \u001b[7m  \u001b[0m \u001b[91m~~~~~~~~~~~~~~~~~~~~~~~~~\u001b[0m\n../native prepare: \u001b[7m38\u001b[0m       testID: \"badge\"\n../native prepare: \u001b[7m  \u001b[0m \u001b[91m~~~~~~~~~~~~~~~~~~~~~\u001b[0m\n../native prepare: \u001b[7m39\u001b[0m     }, 'Outline Badge');\n../native prepare: \u001b[7m  \u001b[0m \u001b[91m~~~~~\u001b[0m\n../native prepare:   \u001b[96msrc/ui/badge.tsx\u001b[0m:\u001b[93m5\u001b[0m:\u001b[93m3\u001b[0m\n../native prepare:     \u001b[7m5\u001b[0m   children: React.ReactNode;\n../native prepare:     \u001b[7m \u001b[0m \u001b[96m  ~~~~~~~~\u001b[0m\n../native prepare:     'children' is declared here.\n../native prepare:   \u001b[96m../../node_modules/.pnpm/@types+react@18.3.23/node_modules/@types/react/index.d.ts\u001b[0m:\u001b[93m562\u001b[0m:\u001b[93m14\u001b[0m\n../native prepare:     \u001b[7m562\u001b[0m     function createElement<P extends {}>(\n../native prepare:     \u001b[7m   \u001b[0m \u001b[96m             ~~~~~~~~~~~~~\u001b[0m\n../native prepare:     The last overload is declared here.\n../native prepare: \u001b[96msrc/ui/badge.test.tsx\u001b[0m:\u001b[93m42\u001b[0m:\u001b[93m26\u001b[0m - \u001b[91merror\u001b[0m\u001b[90m TS2339: \u001b[0mProperty 'variant' does not exist on type 'InputHTMLAttributes<HTMLInputElement>'.\n../native prepare: \u001b[7m42\u001b[0m     expect(element.props.variant).toBe(\"outline\");\n../native prepare: \u001b[7m  \u001b[0m \u001b[91m                         ~~~~~~~\u001b[0m\n../native prepare: \u001b[96msrc/ui/badge.test.tsx\u001b[0m:\u001b[93m43\u001b[0m:\u001b[93m26\u001b[0m - \u001b[91merror\u001b[0m\u001b[90m TS2339: \u001b[0mProperty 'testID' does not exist on type 'InputHTMLAttributes<HTMLInputElement>'.\n../native prepare: \u001b[7m43\u001b[0m     expect(element.props.testID).toBe(\"badge\");\n../native prepare: \u001b[7m  \u001b[0m \u001b[91m                         ~~~~~~\u001b[0m\n../native prepare: \u001b[96msrc/ui/badge.test.tsx\u001b[0m:\u001b[93m47\u001b[0m:\u001b[93m48\u001b[0m - \u001b[91merror\u001b[0m\u001b[90m TS2769: \u001b[0mNo overload matches this call.\n../native prepare:   The last overload gave the following error.\n../native prepare:     Argument of type '{ variant: \"destructive\"; testID: string; }' is not assignable to parameter of type 'Attributes & BadgeProps'.\n../native prepare:       Property 'children' is missing in type '{ variant: \"destructive\"; testID: string; }' but required in type 'BadgeProps'.\n../native prepare: \u001b[7m47\u001b[0m     const element = React.createElement(Badge, {\n../native prepare: \u001b[7m  \u001b[0m \u001b[91m                                               ~\u001b[0m\n../native prepare: \u001b[7m48\u001b[0m       variant: \"destructive\",\n../native prepare: \u001b[7m  \u001b[0m \u001b[91m~~~~~~~~~~~~~~~~~~~~~~~~~~~~~\u001b[0m\n../native prepare: \u001b[7m49\u001b[0m       testID: \"badge\"\n../native prepare: \u001b[7m  \u001b[0m \u001b[91m~~~~~~~~~~~~~~~~~~~~~\u001b[0m\n../native prepare: \u001b[7m50\u001b[0m     }, 'Destructive Badge');\n../native prepare: \u001b[7m  \u001b[0m \u001b[91m~~~~~\u001b[0m\n../native prepare:   \u001b[96msrc/ui/badge.tsx\u001b[0m:\u001b[93m5\u001b[0m:\u001b[93m3\u001b[0m\n../native prepare:     \u001b[7m5\u001b[0m   children: React.ReactNode;\n../native prepare:     \u001b[7m \u001b[0m \u001b[96m  ~~~~~~~~\u001b[0m\n../native prepare:     'children' is declared here.\n../native prepare:   \u001b[96m../../node_modules/.pnpm/@types+react@18.3.23/node_modules/@types/react/index.d.ts\u001b[0m:\u001b[93m562\u001b[0m:\u001b[93m14\u001b[0m\n../native prepare:     \u001b[7m562\u001b[0m     function createElement<P extends {}>(\n../native prepare:     \u001b[7m   \u001b[0m \u001b[96m             ~~~~~~~~~~~~~\u001b[0m\n../native prepare:     The last overload is declared here.\n../native prepare: \u001b[96msrc/ui/badge.test.tsx\u001b[0m:\u001b[93m53\u001b[0m:\u001b[93m26\u001b[0m - \u001b[91merror\u001b[0m\u001b[90m TS2339: \u001b[0mProperty 'variant' does not exist on type 'InputHTMLAttributes<HTMLInputElement>'.\n../native prepare: \u001b[7m53\u001b[0m     expect(element.props.variant).toBe(\"destructive\");\n../native prepare: \u001b[7m  \u001b[0m \u001b[91m                         ~~~~~~~\u001b[0m\n../native prepare: \u001b[96msrc/ui/badge.test.tsx\u001b[0m:\u001b[93m54\u001b[0m:\u001b[93m26\u001b[0m - \u001b[91merror\u001b[0m\u001b[90m TS2339: \u001b[0mProperty 'testID' does not exist on type 'InputHTMLAttributes<HTMLInputElement>'.\n../native prepare: \u001b[7m54\u001b[0m     expect(element.props.testID).toBe(\"badge\");\n../native prepare: \u001b[7m  \u001b[0m \u001b[91m                         ~~~~~~\u001b[0m\n../native prepare: \u001b[96msrc/ui/badge.test.tsx\u001b[0m:\u001b[93m59\u001b[0m:\u001b[93m48\u001b[0m - \u001b[91merror\u001b[0m\u001b[90m TS2769: \u001b[0mNo overload matches this call.\n../native prepare:   The last overload gave the following error.\n../native prepare:     Argument of type '{ onPress: jest.Mock<any, any, any>; testID: string; }' is not assignable to parameter of type 'Attributes & BadgeProps'.\n../native prepare:       Property 'children' is missing in type '{ onPress: jest.Mock<any, any, any>; testID: string; }' but required in type 'BadgeProps'.\n../native prepare: \u001b[7m59\u001b[0m     const element = React.createElement(Badge, {\n../native prepare: \u001b[7m  \u001b[0m \u001b[91m                                               ~\u001b[0m\n../native prepare: \u001b[7m60\u001b[0m       onPress: mockOnPress,\n../native prepare: \u001b[7m  \u001b[0m \u001b[91m~~~~~~~~~~~~~~~~~~~~~~~~~~~\u001b[0m\n../native prepare: \u001b[7m61\u001b[0m       testID: \"badge\"\n../native prepare: \u001b[7m  \u001b[0m \u001b[91m~~~~~~~~~~~~~~~~~~~~~\u001b[0m\n../native prepare: \u001b[7m62\u001b[0m     }, 'Clickable Badge');\n../native prepare: \u001b[7m  \u001b[0m \u001b[91m~~~~~\u001b[0m\n../native prepare:   \u001b[96msrc/ui/badge.tsx\u001b[0m:\u001b[93m5\u001b[0m:\u001b[93m3\u001b[0m\n../native prepare:     \u001b[7m5\u001b[0m   children: React.ReactNode;\n../native prepare:     \u001b[7m \u001b[0m \u001b[96m  ~~~~~~~~\u001b[0m\n../native prepare:     'children' is declared here.\n../native prepare:   \u001b[96m../../node_modules/.pnpm/@types+react@18.3.23/node_modules/@types/react/index.d.ts\u001b[0m:\u001b[93m562\u001b[0m:\u001b[93m14\u001b[0m\n../native prepare:     \u001b[7m562\u001b[0m     function createElement<P extends {}>(\n../native prepare:     \u001b[7m   \u001b[0m \u001b[96m             ~~~~~~~~~~~~~\u001b[0m\n../native prepare:     The last overload is declared here.\n../native prepare: \u001b[96msrc/ui/badge.test.tsx\u001b[0m:\u001b[93m65\u001b[0m:\u001b[93m26\u001b[0m - \u001b[91merror\u001b[0m\u001b[90m TS2339: \u001b[0mProperty 'onPress' does not exist on type 'InputHTMLAttributes<HTMLInputElement>'.\n../native prepare: \u001b[7m65\u001b[0m     expect(element.props.onPress).toBe(mockOnPress);\n../native prepare: \u001b[7m  \u001b[0m \u001b[91m                         ~~~~~~~\u001b[0m\n../native prepare: \u001b[96msrc/ui/badge.test.tsx\u001b[0m:\u001b[93m66\u001b[0m:\u001b[93m26\u001b[0m - \u001b[91merror\u001b[0m\u001b[90m TS2339: \u001b[0mProperty 'testID' does not exist on type 'InputHTMLAttributes<HTMLInputElement>'.\n../native prepare: \u001b[7m66\u001b[0m     expect(element.props.testID).toBe(\"badge\");\n../native prepare: \u001b[7m  \u001b[0m \u001b[91m                         ~~~~~~\u001b[0m\n../native prepare: \u001b[96msrc/ui/badge.test.tsx\u001b[0m:\u001b[93m71\u001b[0m:\u001b[93m48\u001b[0m - \u001b[91merror\u001b[0m\u001b[90m TS2769: \u001b[0mNo overload matches this call.\n../native prepare:   The last overload gave the following error.\n../native prepare:     Argument of type '{ onRemove: jest.Mock<any, any, any>; testID: string; }' is not assignable to parameter of type 'Attributes & BadgeProps'.\n../native prepare:       Property 'children' is missing in type '{ onRemove: jest.Mock<any, any, any>; testID: string; }' but required in type 'BadgeProps'.\n../native prepare: \u001b[7m71\u001b[0m     const element = React.createElement(Badge, {\n../native prepare: \u001b[7m  \u001b[0m \u001b[91m                                               ~\u001b[0m\n../native prepare: \u001b[7m72\u001b[0m       onRemove: mockOnRemove,\n../native prepare: \u001b[7m  \u001b[0m \u001b[91m~~~~~~~~~~~~~~~~~~~~~~~~~~~~~\u001b[0m\n../native prepare: \u001b[7m73\u001b[0m       testID: \"badge\"\n../native prepare: \u001b[7m  \u001b[0m \u001b[91m~~~~~~~~~~~~~~~~~~~~~\u001b[0m\n../native prepare: \u001b[7m74\u001b[0m     }, 'Removable Badge');\n../native prepare: \u001b[7m  \u001b[0m \u001b[91m~~~~~\u001b[0m\n../native prepare:   \u001b[96msrc/ui/badge.tsx\u001b[0m:\u001b[93m5\u001b[0m:\u001b[93m3\u001b[0m\n../native prepare:     \u001b[7m5\u001b[0m   children: React.ReactNode;\n../native prepare:     \u001b[7m \u001b[0m \u001b[96m  ~~~~~~~~\u001b[0m\n../native prepare:     'children' is declared here.\n../native prepare:   \u001b[96m../../node_modules/.pnpm/@types+react@18.3.23/node_modules/@types/react/index.d.ts\u001b[0m:\u001b[93m562\u001b[0m:\u001b[93m14\u001b[0m\n../native prepare:     \u001b[7m562\u001b[0m     function createElement<P extends {}>(\n../native prepare:     \u001b[7m   \u001b[0m \u001b[96m             ~~~~~~~~~~~~~\u001b[0m\n../native prepare:     The last overload is declared here.\n../native prepare: \u001b[96msrc/ui/badge.test.tsx\u001b[0m:\u001b[93m77\u001b[0m:\u001b[93m26\u001b[0m - \u001b[91merror\u001b[0m\u001b[90m TS2339: \u001b[0mProperty 'onRemove' does not exist on type 'InputHTMLAttributes<HTMLInputElement>'.\n../native prepare: \u001b[7m77\u001b[0m     expect(element.props.onRemove).toBe(mockOnRemove);\n../native prepare: \u001b[7m  \u001b[0m \u001b[91m                         ~~~~~~~~\u001b[0m\n../native prepare: \u001b[96msrc/ui/badge.test.tsx\u001b[0m:\u001b[93m78\u001b[0m:\u001b[93m26\u001b[0m - \u001b[91merror\u001b[0m\u001b[90m TS2339: \u001b[0mProperty 'testID' does not exist on type 'InputHTMLAttributes<HTMLInputElement>'.\n../native prepare: \u001b[7m78\u001b[0m     expect(element.props.testID).toBe(\"badge\");\n../native prepare: \u001b[7m  \u001b[0m \u001b[91m                         ~~~~~~\u001b[0m\n../native prepare: \u001b[96msrc/ui/badge.test.tsx\u001b[0m:\u001b[93m83\u001b[0m:\u001b[93m48\u001b[0m - \u001b[91merror\u001b[0m\u001b[90m TS2769: \u001b[0mNo overload matches this call.\n../native prepare:   The last overload gave the following error.\n../native prepare:     Argument of type '{ size: \"sm\"; testID: string; }' is not assignable to parameter of type 'Attributes & BadgeProps'.\n../native prepare:       Property 'children' is missing in type '{ size: \"sm\"; testID: string; }' but required in type 'BadgeProps'.\n../native prepare: \u001b[7m83\u001b[0m     const element = React.createElement(Badge, {\n../native prepare: \u001b[7m  \u001b[0m \u001b[91m                                               ~\u001b[0m\n../native prepare: \u001b[7m84\u001b[0m       size: \"sm\",\n../native prepare: \u001b[7m  \u001b[0m \u001b[91m~~~~~~~~~~~~~~~~~\u001b[0m\n../native prepare: \u001b[7m85\u001b[0m       testID: \"badge\"\n../native prepare: \u001b[7m  \u001b[0m \u001b[91m~~~~~~~~~~~~~~~~~~~~~\u001b[0m\n../native prepare: \u001b[7m86\u001b[0m     }, 'Small Badge');\n../native prepare: \u001b[7m  \u001b[0m \u001b[91m~~~~~\u001b[0m\n../native prepare:   \u001b[96msrc/ui/badge.tsx\u001b[0m:\u001b[93m5\u001b[0m:\u001b[93m3\u001b[0m\n../native prepare:     \u001b[7m5\u001b[0m   children: React.ReactNode;\n../native prepare:     \u001b[7m \u001b[0m \u001b[96m  ~~~~~~~~\u001b[0m\n../native prepare:     'children' is declared here.\n../native prepare:   \u001b[96m../../node_modules/.pnpm/@types+react@18.3.23/node_modules/@types/react/index.d.ts\u001b[0m:\u001b[93m562\u001b[0m:\u001b[93m14\u001b[0m\n../native prepare:     \u001b[7m562\u001b[0m     function createElement<P extends {}>(\n../native prepare:     \u001b[7m   \u001b[0m \u001b[96m             ~~~~~~~~~~~~~\u001b[0m\n../native prepare:     The last overload is declared here.\n../native prepare: \u001b[96msrc/ui/badge.test.tsx\u001b[0m:\u001b[93m90\u001b[0m:\u001b[93m26\u001b[0m - \u001b[91merror\u001b[0m\u001b[90m TS2339: \u001b[0mProperty 'testID' does not exist on type 'InputHTMLAttributes<HTMLInputElement>'.\n../native prepare: \u001b[7m90\u001b[0m     expect(element.props.testID).toBe(\"badge\");\n../native prepare: \u001b[7m  \u001b[0m \u001b[91m                         ~~~~~~\u001b[0m\n../native prepare: \u001b[96msrc/ui/badge.test.tsx\u001b[0m:\u001b[93m94\u001b[0m:\u001b[93m48\u001b[0m - \u001b[91merror\u001b[0m\u001b[90m TS2769: \u001b[0mNo overload matches this call.\n../native prepare:   The last overload gave the following error.\n../native prepare:     Argument of type '{ size: \"lg\"; testID: string; }' is not assignable to parameter of type 'Attributes & BadgeProps'.\n../native prepare:       Property 'children' is missing in type '{ size: \"lg\"; testID: string; }' but required in type 'BadgeProps'.\n../native prepare: \u001b[7m94\u001b[0m     const element = React.createElement(Badge, {\n../native prepare: \u001b[7m  \u001b[0m \u001b[91m                                               ~\u001b[0m\n../native prepare: \u001b[7m95\u001b[0m       size: \"lg\",\n../native prepare: \u001b[7m  \u001b[0m \u001b[91m~~~~~~~~~~~~~~~~~\u001b[0m\n../native prepare: \u001b[7m96\u001b[0m       testID: \"badge\"\n../native prepare: \u001b[7m  \u001b[0m \u001b[91m~~~~~~~~~~~~~~~~~~~~~\u001b[0m\n../native prepare: \u001b[7m97\u001b[0m     }, 'Large Badge');\n../native prepare: \u001b[7m  \u001b[0m \u001b[91m~~~~~\u001b[0m\n../native prepare:   \u001b[96msrc/ui/badge.tsx\u001b[0m:\u001b[93m5\u001b[0m:\u001b[93m3\u001b[0m\n../native prepare:     \u001b[7m5\u001b[0m   children: React.ReactNode;\n../native prepare:     \u001b[7m \u001b[0m \u001b[96m  ~~~~~~~~\u001b[0m\n../native prepare:     'children' is declared here.\n../native prepare:   \u001b[96m../../node_modules/.pnpm/@types+react@18.3.23/node_modules/@types/react/index.d.ts\u001b[0m:\u001b[93m562\u001b[0m:\u001b[93m14\u001b[0m\n../native prepare:     \u001b[7m562\u001b[0m     function createElement<P extends {}>(\n../native prepare:     \u001b[7m   \u001b[0m \u001b[96m             ~~~~~~~~~~~~~\u001b[0m\n../native prepare:     The last overload is declared here.\n../native prepare: \u001b[96msrc/ui/badge.test.tsx\u001b[0m:\u001b[93m101\u001b[0m:\u001b[93m26\u001b[0m - \u001b[91merror\u001b[0m\u001b[90m TS2339: \u001b[0mProperty 'testID' does not exist on type 'InputHTMLAttributes<HTMLInputElement>'.\n../native prepare: \u001b[7m101\u001b[0m     expect(element.props.testID).toBe(\"badge\");\n../native prepare: \u001b[7m   \u001b[0m \u001b[91m                         ~~~~~~\u001b[0m\n../native prepare: \u001b[96msrc/ui/badge.test.tsx\u001b[0m:\u001b[93m105\u001b[0m:\u001b[93m48\u001b[0m - \u001b[91merror\u001b[0m\u001b[90m TS2769: \u001b[0mNo overload matches this call.\n../native prepare:   The last overload gave the following error.\n../native prepare:     Argument of type '{ size: \"default\"; testID: string; }' is not assignable to parameter of type 'Attributes & BadgeProps'.\n../native prepare:       Property 'children' is missing in type '{ size: \"default\"; testID: string; }' but required in type 'BadgeProps'.\n../native prepare: \u001b[7m105\u001b[0m     const element = React.createElement(Badge, {\n../native prepare: \u001b[7m   \u001b[0m \u001b[91m                                               ~\u001b[0m\n../native prepare: \u001b[7m106\u001b[0m       size: \"default\",\n../native prepare: \u001b[7m   \u001b[0m \u001b[91m~~~~~~~~~~~~~~~~~~~~~~\u001b[0m\n../native prepare: \u001b[7m107\u001b[0m       testID: \"badge\"\n../native prepare: \u001b[7m   \u001b[0m \u001b[91m~~~~~~~~~~~~~~~~~~~~~\u001b[0m\n../native prepare: \u001b[7m108\u001b[0m     }, 'Default Size Badge');\n../native prepare: \u001b[7m   \u001b[0m \u001b[91m~~~~~\u001b[0m\n../native prepare:   \u001b[96msrc/ui/badge.tsx\u001b[0m:\u001b[93m5\u001b[0m:\u001b[93m3\u001b[0m\n../native prepare:     \u001b[7m5\u001b[0m   children: React.ReactNode;\n../native prepare:     \u001b[7m \u001b[0m \u001b[96m  ~~~~~~~~\u001b[0m\n../native prepare:     'children' is declared here.\n../native prepare:   \u001b[96m../../node_modules/.pnpm/@types+react@18.3.23/node_modules/@types/react/index.d.ts\u001b[0m:\u001b[93m562\u001b[0m:\u001b[93m14\u001b[0m\n../native prepare:     \u001b[7m562\u001b[0m     function createElement<P extends {}>(\n../native prepare:     \u001b[7m   \u001b[0m \u001b[96m             ~~~~~~~~~~~~~\u001b[0m\n../native prepare:     The last overload is declared here.\n../native prepare: \u001b[96msrc/ui/badge.test.tsx\u001b[0m:\u001b[93m112\u001b[0m:\u001b[93m26\u001b[0m - \u001b[91merror\u001b[0m\u001b[90m TS2339: \u001b[0mProperty 'testID' does not exist on type 'InputHTMLAttributes<HTMLInputElement>'.\n../native prepare: \u001b[7m112\u001b[0m     expect(element.props.testID).toBe(\"badge\");\n../native prepare: \u001b[7m   \u001b[0m \u001b[91m                         ~~~~~~\u001b[0m\n../native prepare: \u001b[96msrc/ui/button.test.tsx\u001b[0m:\u001b[93m59\u001b[0m:\u001b[93m7\u001b[0m - \u001b[91merror\u001b[0m\u001b[90m TS2769: \u001b[0mNo overload matches this call.\n../native prepare:   The last overload gave the following error.\n../native prepare:     Object literal may only specify known properties, and 'size' does not exist in type 'Attributes & ButtonProps'.\n../native prepare: \u001b[7m59\u001b[0m       size: \"sm\",\n../native prepare: \u001b[7m  \u001b[0m \u001b[91m      ~~~~\u001b[0m\n../native prepare:   \u001b[96m../../node_modules/.pnpm/@types+react@18.3.23/node_modules/@types/react/index.d.ts\u001b[0m:\u001b[93m562\u001b[0m:\u001b[93m14\u001b[0m\n../native prepare:     \u001b[7m562\u001b[0m     function createElement<P extends {}>(\n../native prepare:     \u001b[7m   \u001b[0m \u001b[96m             ~~~~~~~~~~~~~\u001b[0m\n../native prepare:     The last overload is declared here.\n../native prepare: \u001b[96msrc/ui/button.test.tsx\u001b[0m:\u001b[93m65\u001b[0m:\u001b[93m26\u001b[0m - \u001b[91merror\u001b[0m\u001b[90m TS2339: \u001b[0mProperty 'testID' does not exist on type 'InputHTMLAttributes<HTMLInputElement>'.\n../native prepare: \u001b[7m65\u001b[0m     expect(element.props.testID).toBe(\"button\");\n../native prepare: \u001b[7m  \u001b[0m \u001b[91m                         ~~~~~~\u001b[0m\n../native prepare: \u001b[96msrc/ui/button.test.tsx\u001b[0m:\u001b[93m70\u001b[0m:\u001b[93m7\u001b[0m - \u001b[91merror\u001b[0m\u001b[90m TS2769: \u001b[0mNo overload matches this call.\n../native prepare:   The last overload gave the following error.\n../native prepare:     Object literal may only specify known properties, and 'size' does not exist in type 'Attributes & ButtonProps'.\n../native prepare: \u001b[7m70\u001b[0m       size: \"md\",\n../native prepare: \u001b[7m  \u001b[0m \u001b[91m      ~~~~\u001b[0m\n../native prepare:   \u001b[96m../../node_modules/.pnpm/@types+react@18.3.23/node_modules/@types/react/index.d.ts\u001b[0m:\u001b[93m562\u001b[0m:\u001b[93m14\u001b[0m\n../native prepare:     \u001b[7m562\u001b[0m     function createElement<P extends {}>(\n../native prepare:     \u001b[7m   \u001b[0m \u001b[96m             ~~~~~~~~~~~~~\u001b[0m\n../native prepare:     The last overload is declared here.\n../native prepare: \u001b[96msrc/ui/button.test.tsx\u001b[0m:\u001b[93m76\u001b[0m:\u001b[93m26\u001b[0m - \u001b[91merror\u001b[0m\u001b[90m TS2339: \u001b[0mProperty 'testID' does not exist on type 'InputHTMLAttributes<HTMLInputElement>'.\n../native prepare: \u001b[7m76\u001b[0m     expect(element.props.testID).toBe(\"button\");\n../native prepare: \u001b[7m  \u001b[0m \u001b[91m                         ~~~~~~\u001b[0m\n../native prepare: \u001b[96msrc/ui/button.test.tsx\u001b[0m:\u001b[93m81\u001b[0m:\u001b[93m7\u001b[0m - \u001b[91merror\u001b[0m\u001b[90m TS2769: \u001b[0mNo overload matches this call.\n../native prepare:   The last overload gave the following error.\n../native prepare:     Object literal may only specify known properties, and 'size' does not exist in type 'Attributes & ButtonProps'.\n../native prepare: \u001b[7m81\u001b[0m       size: \"lg\",\n../native prepare: \u001b[7m  \u001b[0m \u001b[91m      ~~~~\u001b[0m\n../native prepare:   \u001b[96m../../node_modules/.pnpm/@types+react@18.3.23/node_modules/@types/react/index.d.ts\u001b[0m:\u001b[93m562\u001b[0m:\u001b[93m14\u001b[0m\n../native prepare:     \u001b[7m562\u001b[0m     function createElement<P extends {}>(\n../native prepare:     \u001b[7m   \u001b[0m \u001b[96m             ~~~~~~~~~~~~~\u001b[0m\n../native prepare:     The last overload is declared here.\n../native prepare: \u001b[96msrc/ui/button.test.tsx\u001b[0m:\u001b[93m87\u001b[0m:\u001b[93m26\u001b[0m - \u001b[91merror\u001b[0m\u001b[90m TS2339: \u001b[0mProperty 'testID' does not exist on type 'InputHTMLAttributes<HTMLInputElement>'.\n../native prepare: \u001b[7m87\u001b[0m     expect(element.props.testID).toBe(\"button\");\n../native prepare: \u001b[7m  \u001b[0m \u001b[91m                         ~~~~~~\u001b[0m\n../native prepare: \u001b[96msrc/ui/button.test.tsx\u001b[0m:\u001b[93m142\u001b[0m:\u001b[93m7\u001b[0m - \u001b[91merror\u001b[0m\u001b[90m TS2769: \u001b[0mNo overload matches this call.\n../native prepare:   The last overload gave the following error.\n../native prepare:     Object literal may only specify known properties, and 'accessibilityLabel' does not exist in type 'Attributes & ButtonProps'.\n../native prepare: \u001b[7m142\u001b[0m       accessibilityLabel: \"Test button\",\n../native prepare: \u001b[7m   \u001b[0m \u001b[91m      ~~~~~~~~~~~~~~~~~~\u001b[0m\n../native prepare:   \u001b[96m../../node_modules/.pnpm/@types+react@18.3.23/node_modules/@types/react/index.d.ts\u001b[0m:\u001b[93m562\u001b[0m:\u001b[93m14\u001b[0m\n../native prepare:     \u001b[7m562\u001b[0m     function createElement<P extends {}>(\n../native prepare:     \u001b[7m   \u001b[0m \u001b[96m             ~~~~~~~~~~~~~\u001b[0m\n../native prepare:     The last overload is declared here.\n../native prepare: \u001b[96msrc/ui/button.test.tsx\u001b[0m:\u001b[93m147\u001b[0m:\u001b[93m26\u001b[0m - \u001b[91merror\u001b[0m\u001b[90m TS2339: \u001b[0mProperty 'testID' does not exist on type 'InputHTMLAttributes<HTMLInputElement>'.\n../native prepare: \u001b[7m147\u001b[0m     expect(element.props.testID).toBe(\"button\");\n../native prepare: \u001b[7m   \u001b[0m \u001b[91m                         ~~~~~~\u001b[0m\n../native prepare: \u001b[96msrc/ui/button.test.tsx\u001b[0m:\u001b[93m148\u001b[0m:\u001b[93m26\u001b[0m - \u001b[91merror\u001b[0m\u001b[90m TS2339: \u001b[0mProperty 'accessibilityLabel' does not exist on type 'InputHTMLAttributes<HTMLInputElement>'.\n../native prepare: \u001b[7m148\u001b[0m     expect(element.props.accessibilityLabel).toBe(\"Test button\");\n../native prepare: \u001b[7m   \u001b[0m \u001b[91m                         ~~~~~~~~~~~~~~~~~~\u001b[0m\n../native prepare: \u001b[96msrc/ui/button.test.tsx\u001b[0m:\u001b[93m149\u001b[0m:\u001b[93m26\u001b[0m - \u001b[91merror\u001b[0m\u001b[90m TS2339: \u001b[0mProperty 'accessibilityHint' does not exist on type 'InputHTMLAttributes<HTMLInputElement>'.\n../native prepare: \u001b[7m149\u001b[0m     expect(element.props.accessibilityHint).toBe(\"Tap to test\");\n../native prepare: \u001b[7m   \u001b[0m \u001b[91m                         ~~~~~~~~~~~~~~~~~\u001b[0m\n../native prepare: \u001b[96msrc/ui/card.test.tsx\u001b[0m:\u001b[93m6\u001b[0m:\u001b[93m47\u001b[0m - \u001b[91merror\u001b[0m\u001b[90m TS2769: \u001b[0mNo overload matches this call.\n../native prepare:   The last overload gave the following error.\n../native prepare:     Argument of type '{}' is not assignable to parameter of type 'Attributes & CardProps'.\n../native prepare:       Property 'children' is missing in type '{}' but required in type 'CardProps'.\n../native prepare: \u001b[7m6\u001b[0m     const element = React.createElement(Card, {},\n../native prepare: \u001b[7m \u001b[0m \u001b[91m                                              ~~\u001b[0m\n../native prepare:   \u001b[96msrc/ui/card.tsx\u001b[0m:\u001b[93m6\u001b[0m:\u001b[93m3\u001b[0m\n../native prepare:     \u001b[7m6\u001b[0m   children: React.ReactNode;\n../native prepare:     \u001b[7m \u001b[0m \u001b[96m  ~~~~~~~~\u001b[0m\n../native prepare:     'children' is declared here.\n../native prepare:   \u001b[96m../../node_modules/.pnpm/@types+react@18.3.23/node_modules/@types/react/index.d.ts\u001b[0m:\u001b[93m562\u001b[0m:\u001b[93m14\u001b[0m\n../native prepare:     \u001b[7m562\u001b[0m     function createElement<P extends {}>(\n../native prepare:     \u001b[7m   \u001b[0m \u001b[96m             ~~~~~~~~~~~~~\u001b[0m\n../native prepare:     The last overload is declared here.\n../native prepare: \u001b[96msrc/ui/card.test.tsx\u001b[0m:\u001b[93m15\u001b[0m:\u001b[93m47\u001b[0m - \u001b[91merror\u001b[0m\u001b[90m TS2769: \u001b[0mNo overload matches this call.\n../native prepare:   The last overload gave the following error.\n../native prepare:     Argument of type '{ testID: string; }' is not assignable to parameter of type 'Attributes & CardProps'.\n../native prepare:       Property 'children' is missing in type '{ testID: string; }' but required in type 'CardProps'.\n../native prepare: \u001b[7m15\u001b[0m     const element = React.createElement(Card, {\n../native prepare: \u001b[7m  \u001b[0m \u001b[91m                                              ~\u001b[0m\n../native prepare: \u001b[7m16\u001b[0m       testID: \"test-card\"\n../native prepare: \u001b[7m  \u001b[0m \u001b[91m~~~~~~~~~~~~~~~~~~~~~~~~~\u001b[0m\n../native prepare: \u001b[7m17\u001b[0m     }, React.createElement('div', {}, 'Test Content'));\n../native prepare: \u001b[7m  \u001b[0m \u001b[91m~~~~~\u001b[0m\n../native prepare:   \u001b[96msrc/ui/card.tsx\u001b[0m:\u001b[93m6\u001b[0m:\u001b[93m3\u001b[0m\n../native prepare:     \u001b[7m6\u001b[0m   children: React.ReactNode;\n../native prepare:     \u001b[7m \u001b[0m \u001b[96m  ~~~~~~~~\u001b[0m\n../native prepare:     'children' is declared here.\n../native prepare:   \u001b[96m../../node_modules/.pnpm/@types+react@18.3.23/node_modules/@types/react/index.d.ts\u001b[0m:\u001b[93m562\u001b[0m:\u001b[93m14\u001b[0m\n../native prepare:     \u001b[7m562\u001b[0m     function createElement<P extends {}>(\n../native prepare:     \u001b[7m   \u001b[0m \u001b[96m             ~~~~~~~~~~~~~\u001b[0m\n../native prepare:     The last overload is declared here.\n../native prepare: \u001b[96msrc/ui/card.test.tsx\u001b[0m:\u001b[93m20\u001b[0m:\u001b[93m26\u001b[0m - \u001b[91merror\u001b[0m\u001b[90m TS2339: \u001b[0mProperty 'testID' does not exist on type 'InputHTMLAttributes<HTMLInputElement>'.\n../native prepare: \u001b[7m20\u001b[0m     expect(element.props.testID).toBe(\"test-card\");\n../native prepare: \u001b[7m  \u001b[0m \u001b[91m                         ~~~~~~\u001b[0m\n../native prepare: \u001b[96msrc/ui/card.test.tsx\u001b[0m:\u001b[93m24\u001b[0m:\u001b[93m47\u001b[0m - \u001b[91merror\u001b[0m\u001b[90m TS2769: \u001b[0mNo overload matches this call.\n../native prepare:   The last overload gave the following error.\n../native prepare:     Argument of type '{ padding: number; testID: string; }' is not assignable to parameter of type 'Attributes & CardProps'.\n../native prepare:       Property 'children' is missing in type '{ padding: number; testID: string; }' but required in type 'CardProps'.\n../native prepare: \u001b[7m24\u001b[0m     const element = React.createElement(Card, {\n../native prepare: \u001b[7m  \u001b[0m \u001b[91m                                              ~\u001b[0m\n../native prepare: \u001b[7m25\u001b[0m       padding: 20,\n../native prepare: \u001b[7m  \u001b[0m \u001b[91m~~~~~~~~~~~~~~~~~~\u001b[0m\n../native prepare: \u001b[7m26\u001b[0m       testID: \"test-card\"\n../native prepare: \u001b[7m  \u001b[0m \u001b[91m~~~~~~~~~~~~~~~~~~~~~~~~~\u001b[0m\n../native prepare: \u001b[7m27\u001b[0m     }, React.createElement('div', {}, 'Test Content'));\n../native prepare: \u001b[7m  \u001b[0m \u001b[91m~~~~~\u001b[0m\n../native prepare:   \u001b[96msrc/ui/card.tsx\u001b[0m:\u001b[93m6\u001b[0m:\u001b[93m3\u001b[0m\n../native prepare:     \u001b[7m6\u001b[0m   children: React.ReactNode;\n../native prepare:     \u001b[7m \u001b[0m \u001b[96m  ~~~~~~~~\u001b[0m\n../native prepare:     'children' is declared here.\n../native prepare:   \u001b[96m../../node_modules/.pnpm/@types+react@18.3.23/node_modules/@types/react/index.d.ts\u001b[0m:\u001b[93m562\u001b[0m:\u001b[93m14\u001b[0m\n../native prepare:     \u001b[7m562\u001b[0m     function createElement<P extends {}>(\n../native prepare:     \u001b[7m   \u001b[0m \u001b[96m             ~~~~~~~~~~~~~\u001b[0m\n../native prepare:     The last overload is declared here.\n../native prepare: \u001b[96msrc/ui/card.test.tsx\u001b[0m:\u001b[93m30\u001b[0m:\u001b[93m26\u001b[0m - \u001b[91merror\u001b[0m\u001b[90m TS2339: \u001b[0mProperty 'padding' does not exist on type 'InputHTMLAttributes<HTMLInputElement>'.\n../native prepare: \u001b[7m30\u001b[0m     expect(element.props.padding).toBe(20);\n../native prepare: \u001b[7m  \u001b[0m \u001b[91m                         ~~~~~~~\u001b[0m\n../native prepare: \u001b[96msrc/ui/card.test.tsx\u001b[0m:\u001b[93m31\u001b[0m:\u001b[93m26\u001b[0m - \u001b[91merror\u001b[0m\u001b[90m TS2339: \u001b[0mProperty 'testID' does not exist on type 'InputHTMLAttributes<HTMLInputElement>'.\n../native prepare: \u001b[7m31\u001b[0m     expect(element.props.testID).toBe(\"test-card\");\n../native prepare: \u001b[7m  \u001b[0m \u001b[91m                         ~~~~~~\u001b[0m\n../native prepare: \u001b[96msrc/ui/card.test.tsx\u001b[0m:\u001b[93m35\u001b[0m:\u001b[93m47\u001b[0m - \u001b[91merror\u001b[0m\u001b[90m TS2769: \u001b[0mNo overload matches this call.\n../native prepare:   The last overload gave the following error.\n../native prepare:     Argument of type '{ margin: number; testID: string; }' is not assignable to parameter of type 'Attributes & CardProps'.\n../native prepare:       Property 'children' is missing in type '{ margin: number; testID: string; }' but required in type 'CardProps'.\n../native prepare: \u001b[7m35\u001b[0m     const element = React.createElement(Card, {\n../native prepare: \u001b[7m  \u001b[0m \u001b[91m                                              ~\u001b[0m\n../native prepare: \u001b[7m36\u001b[0m       margin: 10,\n../native prepare: \u001b[7m  \u001b[0m \u001b[91m~~~~~~~~~~~~~~~~~\u001b[0m\n../native prepare: \u001b[7m37\u001b[0m       testID: \"test-card\"\n../native prepare: \u001b[7m  \u001b[0m \u001b[91m~~~~~~~~~~~~~~~~~~~~~~~~~\u001b[0m\n../native prepare: \u001b[7m38\u001b[0m     }, React.createElement('div', {}, 'Test Content'));\n../native prepare: \u001b[7m  \u001b[0m \u001b[91m~~~~~\u001b[0m\n../native prepare:   \u001b[96msrc/ui/card.tsx\u001b[0m:\u001b[93m6\u001b[0m:\u001b[93m3\u001b[0m\n../native prepare:     \u001b[7m6\u001b[0m   children: React.ReactNode;\n../native prepare:     \u001b[7m \u001b[0m \u001b[96m  ~~~~~~~~\u001b[0m\n../native prepare:     'children' is declared here.\n../native prepare:   \u001b[96m../../node_modules/.pnpm/@types+react@18.3.23/node_modules/@types/react/index.d.ts\u001b[0m:\u001b[93m562\u001b[0m:\u001b[93m14\u001b[0m\n../native prepare:     \u001b[7m562\u001b[0m     function createElement<P extends {}>(\n../native prepare:     \u001b[7m   \u001b[0m \u001b[96m             ~~~~~~~~~~~~~\u001b[0m\n../native prepare:     The last overload is declared here.\n../native prepare: \u001b[96msrc/ui/card.test.tsx\u001b[0m:\u001b[93m41\u001b[0m:\u001b[93m26\u001b[0m - \u001b[91merror\u001b[0m\u001b[90m TS2339: \u001b[0mProperty 'margin' does not exist on type 'InputHTMLAttributes<HTMLInputElement>'.\n../native prepare: \u001b[7m41\u001b[0m     expect(element.props.margin\n    at makeError (/Users/joaovictordesousa/.npm/_npx/16dafa95d7229539/node_modules/storybook/dist/common/index.cjs:24553:67)\n    at handlePromise (/Users/joaovictordesousa/.npm/_npx/16dafa95d7229539/node_modules/storybook/dist/common/index.cjs:25171:15)\n    at process.processTicksAndRejections (node:internal/process/task_queues:95:5)\n    at async Object.executeTask (/Users/joaovictordesousa/.npm/_npx/16dafa95d7229539/node_modules/storybook/dist/node-logger/index.cjs:9094:11)\n    at async ko.installDependencies (/Users/joaovictordesousa/.npm/_npx/16dafa95d7229539/node_modules/storybook/dist/common/index.cjs:25473:5)\n    at async /Users/joaovictordesousa/.npm/_npx/16dafa95d7229539/node_modules/@storybook/cli/dist/bin/index.cjs:290:825\n    at async withTelemetry (/Users/joaovictordesousa/.npm/_npx/16dafa95d7229539/node_modules/storybook/dist/core-server/index.cjs:42279:12)\n    at async upgrade (/Users/joaovictordesousa/.npm/_npx/16dafa95d7229539/node_modules/@storybook/cli/dist/bin/index.cjs:285:1349)\n    at async Command.<anonymous> (/Users/joaovictordesousa/.npm/_npx/16dafa95d7229539/node_modules/@storybook/cli/dist/bin/index.cjs:291:3312)"}
[10:13:29.231] [ERROR] install-dependencies-task-error: An error occurred while installing dependencies.
[10:13:29.232] [ERROR] Error: Command failed with exit code 1: pnpm install
Scope: all 4 workspace projects
../..                                    | Progress: resolved 0, reused 1, downloaded 0, added 0
../..                                    | â€‰WARNâ€‰ deprecated @storybook/testing-library@0.2.2
../native                                | â€‰WARNâ€‰ deprecated @testing-library/jest-native@5.4.3
../native                                | â€‰WARNâ€‰ deprecated @types/react-native@0.73.0
../native                                | â€‰WARNâ€‰ deprecated eslint@8.57.1
../..                                    | Progress: resolved 761, reused 706, downloaded 2, added 0
../..                                    | Progress: resolved 1699, reused 1576, downloaded 15, added 0
â€‰WARNâ€‰ 30 deprecated subdependencies found: @babel/plugin-proposal-class-properties@7.18.6, @babel/plugin-proposal-nullish-coalescing-operator@7.18.6, @babel/plugin-proposal-object-rest-spread@7.20.7, @babel/plugin-proposal-optional-chaining@7.21.0, @babel/plugin-proposal-private-methods@7.18.6, @babel/plugin-proposal-private-property-in-object@7.21.11, @humanwhocodes/config-array@0.13.0, @humanwhocodes/object-schema@2.0.3, abab@2.0.6, are-we-there-yet@2.0.0, copy-concurrently@1.0.5, domexception@4.0.0, figgy-pudding@3.5.2, fs-write-stream-atomic@1.0.10, fsevents@1.2.13, gauge@3.0.2, glob@7.2.3, glob@8.1.0, inflight@1.0.6, move-concurrently@1.0.1, npmlog@5.0.1, resolve-url@0.2.1, rimraf@2.7.1, rimraf@3.0.2, source-map-resolve@0.5.3, source-map-url@0.4.1, source-map@0.8.0-beta.0, stable@0.1.8, urix@0.1.0, uuid-browser@3.1.0
../..                                    |  +46   -6 +++++-
../..                                    | Progress: resolved 1720, reused 1597, downloaded 15, added 0
../..                                    | Progress: resolved 1720, reused 1597, downloaded 15, added 46, done
../.. prepare$ husky install
../.. prepare: husky - install command is DEPRECATED
../.. prepare: Done
../native postinstall$ husky
../native postinstall: .git can't be found
../native postinstall: Done
../native prepare$ bob build
../native prepare: â„¹ Building target commonjs
../native prepare: â„¹ Cleaning up previous build at lib/commonjs
../native prepare: â„¹ Compiling 56 files in src with babel
../native prepare: âœ” Wrote files to lib/commonjs
../native prepare: â„¹ Building target module
../native prepare: â„¹ Cleaning up previous build at lib/module
../native prepare: â„¹ Compiling 56 files in src with babel
../native prepare: âœ” Wrote files to lib/module
../native prepare: â„¹ Building target typescript
../native prepare: â„¹ Cleaning up previous build at lib/typescript
../native prepare: â„¹ Generating type definitions with tsc
../native prepare: src/ui/badge.test.tsx:6:48 - error TS2769: No overload matches this call.
../native prepare:   The last overload gave the following error.
../native prepare:     Argument of type '{}' is not assignable to parameter of type 'Attributes & BadgeProps'.
../native prepare:       Property 'children' is missing in type '{}' but required in type 'BadgeProps'.
../native prepare: 6     const element = React.createElement(Badge, {}, 'Test Badge');
../native prepare:                                                  ~~
../native prepare:   src/ui/badge.tsx:5:3
../native prepare:     5   children: React.ReactNode;
../native prepare:         ~~~~~~~~
../native prepare:     'children' is declared here.
../native prepare:   ../../node_modules/.pnpm/@types+react@18.3.23/node_modules/@types/react/index.d.ts:562:14
../native prepare:     562     function createElement<P extends {}>(
../native prepare:                      ~~~~~~~~~~~~~
../native prepare:     The last overload is declared here.
../native prepare: src/ui/badge.test.tsx:13:48 - error TS2769: No overload matches this call.
../native prepare:   The last overload gave the following error.
../native prepare:     Argument of type '{ variant: "default"; testID: string; }' is not assignable to parameter of type 'Attributes & BadgeProps'.
../native prepare:       Property 'children' is missing in type '{ variant: "default"; testID: string; }' but required in type 'BadgeProps'.
../native prepare: 13     const element = React.createElement(Badge, {
../native prepare:                                                   ~
../native prepare: 14       variant: "default",
../native prepare:    ~~~~~~~~~~~~~~~~~~~~~~~~~
../native prepare: 15       testID: "badge"
../native prepare:    ~~~~~~~~~~~~~~~~~~~~~
../native prepare: 16     }, 'Default Badge');
../native prepare:    ~~~~~
../native prepare:   src/ui/badge.tsx:5:3
../native prepare:     5   children: React.ReactNode;
../native prepare:         ~~~~~~~~
../native prepare:     'children' is declared here.
../native prepare:   ../../node_modules/.pnpm/@types+react@18.3.23/node_modules/@types/react/index.d.ts:562:14
../native prepare:     562     function createElement<P extends {}>(
../native prepare:                      ~~~~~~~~~~~~~
../native prepare:     The last overload is declared here.
../native prepare: src/ui/badge.test.tsx:19:26 - error TS2339: Property 'variant' does not exist on type 'InputHTMLAttributes<HTMLInputElement>'.
../native prepare: 19     expect(element.props.variant).toBe("default");
../native prepare:                             ~~~~~~~
../native prepare: src/ui/badge.test.tsx:20:26 - error TS2339: Property 'testID' does not exist on type 'InputHTMLAttributes<HTMLInputElement>'.
../native prepare: 20     expect(element.props.testID).toBe("badge");
../native prepare:                             ~~~~~~
../native prepare: src/ui/badge.test.tsx:25:48 - error TS2769: No overload matches this call.
../native prepare:   The last overload gave the following error.
../native prepare:     Argument of type '{ variant: "secondary"; testID: string; }' is not assignable to parameter of type 'Attributes & BadgeProps'.
../native prepare:       Property 'children' is missing in type '{ variant: "secondary"; testID: string; }' but required in type 'BadgeProps'.
../native prepare: 25     const element = React.createElement(Badge, {
../native prepare:                                                   ~
../native prepare: 26       variant: "secondary",
../native prepare:    ~~~~~~~~~~~~~~~~~~~~~~~~~~~
../native prepare: 27       testID: "badge"
../native prepare:    ~~~~~~~~~~~~~~~~~~~~~
../native prepare: 28     }, 'Secondary Badge');
../native prepare:    ~~~~~
../native prepare:   src/ui/badge.tsx:5:3
../native prepare:     5   children: React.ReactNode;
../native prepare:         ~~~~~~~~
../native prepare:     'children' is declared here.
../native prepare:   ../../node_modules/.pnpm/@types+react@18.3.23/node_modules/@types/react/index.d.ts:562:14
../native prepare:     562     function createElement<P extends {}>(
../native prepare:                      ~~~~~~~~~~~~~
../native prepare:     The last overload is declared here.
../native prepare: src/ui/badge.test.tsx:31:26 - error TS2339: Property 'variant' does not exist on type 'InputHTMLAttributes<HTMLInputElement>'.
../native prepare: 31     expect(element.props.variant).toBe("secondary");
../native prepare:                             ~~~~~~~
../native prepare: src/ui/badge.test.tsx:32:26 - error TS2339: Property 'testID' does not exist on type 'InputHTMLAttributes<HTMLInputElement>'.
../native prepare: 32     expect(element.props.testID).toBe("badge");
../native prepare:                             ~~~~~~
../native prepare: src/ui/badge.test.tsx:36:48 - error TS2769: No overload matches this call.
../native prepare:   The last overload gave the following error.
../native prepare:     Argument of type '{ variant: "outline"; testID: string; }' is not assignable to parameter of type 'Attributes & BadgeProps'.
../native prepare:       Property 'children' is missing in type '{ variant: "outline"; testID: string; }' but required in type 'BadgeProps'.
../native prepare: 36     const element = React.createElement(Badge, {
../native prepare:                                                   ~
../native prepare: 37       variant: "outline",
../native prepare:    ~~~~~~~~~~~~~~~~~~~~~~~~~
../native prepare: 38       testID: "badge"
../native prepare:    ~~~~~~~~~~~~~~~~~~~~~
../native prepare: 39     }, 'Outline Badge');
../native prepare:    ~~~~~
../native prepare:   src/ui/badge.tsx:5:3
../native prepare:     5   children: React.ReactNode;
../native prepare:         ~~~~~~~~
../native prepare:     'children' is declared here.
../native prepare:   ../../node_modules/.pnpm/@types+react@18.3.23/node_modules/@types/react/index.d.ts:562:14
../native prepare:     562     function createElement<P extends {}>(
../native prepare:                      ~~~~~~~~~~~~~
../native prepare:     The last overload is declared here.
../native prepare: src/ui/badge.test.tsx:42:26 - error TS2339: Property 'variant' does not exist on type 'InputHTMLAttributes<HTMLInputElement>'.
../native prepare: 42     expect(element.props.variant).toBe("outline");
../native prepare:                             ~~~~~~~
../native prepare: src/ui/badge.test.tsx:43:26 - error TS2339: Property 'testID' does not exist on type 'InputHTMLAttributes<HTMLInputElement>'.
../native prepare: 43     expect(element.props.testID).toBe("badge");
../native prepare:                             ~~~~~~
../native prepare: src/ui/badge.test.tsx:47:48 - error TS2769: No overload matches this call.
../native prepare:   The last overload gave the following error.
../native prepare:     Argument of type '{ variant: "destructive"; testID: string; }' is not assignable to parameter of type 'Attributes & BadgeProps'.
../native prepare:       Property 'children' is missing in type '{ variant: "destructive"; testID: string; }' but required in type 'BadgeProps'.
../native prepare: 47     const element = React.createElement(Badge, {
../native prepare:                                                   ~
../native prepare: 48       variant: "destructive",
../native prepare:    ~~~~~~~~~~~~~~~~~~~~~~~~~~~~~
../native prepare: 49       testID: "badge"
../native prepare:    ~~~~~~~~~~~~~~~~~~~~~
../native prepare: 50     }, 'Destructive Badge');
../native prepare:    ~~~~~
../native prepare:   src/ui/badge.tsx:5:3
../native prepare:     5   children: React.ReactNode;
../native prepare:         ~~~~~~~~
../native prepare:     'children' is declared here.
../native prepare:   ../../node_modules/.pnpm/@types+react@18.3.23/node_modules/@types/react/index.d.ts:562:14
../native prepare:     562     function createElement<P extends {}>(
../native prepare:                      ~~~~~~~~~~~~~
../native prepare:     The last overload is declared here.
../native prepare: src/ui/badge.test.tsx:53:26 - error TS2339: Property 'variant' does not exist on type 'InputHTMLAttributes<HTMLInputElement>'.
../native prepare: 53     expect(element.props.variant).toBe("destructive");
../native prepare:                             ~~~~~~~
../native prepare: src/ui/badge.test.tsx:54:26 - error TS2339: Property 'testID' does not exist on type 'InputHTMLAttributes<HTMLInputElement>'.
../native prepare: 54     expect(element.props.testID).toBe("badge");
../native prepare:                             ~~~~~~
../native prepare: src/ui/badge.test.tsx:59:48 - error TS2769: No overload matches this call.
../native prepare:   The last overload gave the following error.
../native prepare:     Argument of type '{ onPress: jest.Mock<any, any, any>; testID: string; }' is not assignable to parameter of type 'Attributes & BadgeProps'.
../native prepare:       Property 'children' is missing in type '{ onPress: jest.Mock<any, any, any>; testID: string; }' but required in type 'BadgeProps'.
../native prepare: 59     const element = React.createElement(Badge, {
../native prepare:                                                   ~
../native prepare: 60       onPress: mockOnPress,
../native prepare:    ~~~~~~~~~~~~~~~~~~~~~~~~~~~
../native prepare: 61       testID: "badge"
../native prepare:    ~~~~~~~~~~~~~~~~~~~~~
../native prepare: 62     }, 'Clickable Badge');
../native prepare:    ~~~~~
../native prepare:   src/ui/badge.tsx:5:3
../native prepare:     5   children: React.ReactNode;
../native prepare:         ~~~~~~~~
../native prepare:     'children' is declared here.
../native prepare:   ../../node_modules/.pnpm/@types+react@18.3.23/node_modules/@types/react/index.d.ts:562:14
../native prepare:     562     function createElement<P extends {}>(
../native prepare:                      ~~~~~~~~~~~~~
../native prepare:     The last overload is declared here.
../native prepare: src/ui/badge.test.tsx:65:26 - error TS2339: Property 'onPress' does not exist on type 'InputHTMLAttributes<HTMLInputElement>'.
../native prepare: 65     expect(element.props.onPress).toBe(mockOnPress);
../native prepare:                             ~~~~~~~
../native prepare: src/ui/badge.test.tsx:66:26 - error TS2339: Property 'testID' does not exist on type 'InputHTMLAttributes<HTMLInputElement>'.
../native prepare: 66     expect(element.props.testID).toBe("badge");
../native prepare:                             ~~~~~~
../native prepare: src/ui/badge.test.tsx:71:48 - error TS2769: No overload matches this call.
../native prepare:   The last overload gave the following error.
../native prepare:     Argument of type '{ onRemove: jest.Mock<any, any, any>; testID: string; }' is not assignable to parameter of type 'Attributes & BadgeProps'.
../native prepare:       Property 'children' is missing in type '{ onRemove: jest.Mock<any, any, any>; testID: string; }' but required in type 'BadgeProps'.
../native prepare: 71     const element = React.createElement(Badge, {
../native prepare:                                                   ~
../native prepare: 72       onRemove: mockOnRemove,
../native prepare:    ~~~~~~~~~~~~~~~~~~~~~~~~~~~~~
../native prepare: 73       testID: "badge"
../native prepare:    ~~~~~~~~~~~~~~~~~~~~~
../native prepare: 74     }, 'Removable Badge');
../native prepare:    ~~~~~
../native prepare:   src/ui/badge.tsx:5:3
../native prepare:     5   children: React.ReactNode;
../native prepare:         ~~~~~~~~
../native prepare:     'children' is declared here.
../native prepare:   ../../node_modules/.pnpm/@types+react@18.3.23/node_modules/@types/react/index.d.ts:562:14
../native prepare:     562     function createElement<P extends {}>(
../native prepare:                      ~~~~~~~~~~~~~
../native prepare:     The last overload is declared here.
../native prepare: src/ui/badge.test.tsx:77:26 - error TS2339: Property 'onRemove' does not exist on type 'InputHTMLAttributes<HTMLInputElement>'.
../native prepare: 77     expect(element.props.onRemove).toBe(mockOnRemove);
../native prepare:                             ~~~~~~~~
../native prepare: src/ui/badge.test.tsx:78:26 - error TS2339: Property 'testID' does not exist on type 'InputHTMLAttributes<HTMLInputElement>'.
../native prepare: 78     expect(element.props.testID).toBe("badge");
../native prepare:                             ~~~~~~
../native prepare: src/ui/badge.test.tsx:83:48 - error TS2769: No overload matches this call.
../native prepare:   The last overload gave the following error.
../native prepare:     Argument of type '{ size: "sm"; testID: string; }' is not assignable to parameter of type 'Attributes & BadgeProps'.
../native prepare:       Property 'children' is missing in type '{ size: "sm"; testID: string; }' but required in type 'BadgeProps'.
../native prepare: 83     const element = React.createElement(Badge, {
../native prepare:                                                   ~
../native prepare: 84       size: "sm",
../native prepare:    ~~~~~~~~~~~~~~~~~
../native prepare: 85       testID: "badge"
../native prepare:    ~~~~~~~~~~~~~~~~~~~~~
../native prepare: 86     }, 'Small Badge');
../native prepare:    ~~~~~
../native prepare:   src/ui/badge.tsx:5:3
../native prepare:     5   children: React.ReactNode;
../native prepare:         ~~~~~~~~
../native prepare:     'children' is declared here.
../native prepare:   ../../node_modules/.pnpm/@types+react@18.3.23/node_modules/@types/react/index.d.ts:562:14
../native prepare:     562     function createElement<P extends {}>(
../native prepare:                      ~~~~~~~~~~~~~
../native prepare:     The last overload is declared here.
../native prepare: src/ui/badge.test.tsx:90:26 - error TS2339: Property 'testID' does not exist on type 'InputHTMLAttributes<HTMLInputElement>'.
../native prepare: 90     expect(element.props.testID).toBe("badge");
../native prepare:                             ~~~~~~
../native prepare: src/ui/badge.test.tsx:94:48 - error TS2769: No overload matches this call.
../native prepare:   The last overload gave the following error.
../native prepare:     Argument of type '{ size: "lg"; testID: string; }' is not assignable to parameter of type 'Attributes & BadgeProps'.
../native prepare:       Property 'children' is missing in type '{ size: "lg"; testID: string; }' but required in type 'BadgeProps'.
../native prepare: 94     const element = React.createElement(Badge, {
../native prepare:                                                   ~
../native prepare: 95       size: "lg",
../native prepare:    ~~~~~~~~~~~~~~~~~
../native prepare: 96       testID: "badge"
../native prepare:    ~~~~~~~~~~~~~~~~~~~~~
../native prepare: 97     }, 'Large Badge');
../native prepare:    ~~~~~
../native prepare:   src/ui/badge.tsx:5:3
../native prepare:     5   children: React.ReactNode;
../native prepare:         ~~~~~~~~
../native prepare:     'children' is declared here.
../native prepare:   ../../node_modules/.pnpm/@types+react@18.3.23/node_modules/@types/react/index.d.ts:562:14
../native prepare:     562     function createElement<P extends {}>(
../native prepare:                      ~~~~~~~~~~~~~
../native prepare:     The last overload is declared here.
../native prepare: src/ui/badge.test.tsx:101:26 - error TS2339: Property 'testID' does not exist on type 'InputHTMLAttributes<HTMLInputElement>'.
../native prepare: 101     expect(element.props.testID).toBe("badge");
../native prepare:                              ~~~~~~
../native prepare: src/ui/badge.test.tsx:105:48 - error TS2769: No overload matches this call.
../native prepare:   The last overload gave the following error.
../native prepare:     Argument of type '{ size: "default"; testID: string; }' is not assignable to parameter of type 'Attributes & BadgeProps'.
../native prepare:       Property 'children' is missing in type '{ size: "default"; testID: string; }' but required in type 'BadgeProps'.
../native prepare: 105     const element = React.createElement(Badge, {
../native prepare:                                                    ~
../native prepare: 106       size: "default",
../native prepare:     ~~~~~~~~~~~~~~~~~~~~~~
../native prepare: 107       testID: "badge"
../native prepare:     ~~~~~~~~~~~~~~~~~~~~~
../native prepare: 108     }, 'Default Size Badge');
../native prepare:     ~~~~~
../native prepare:   src/ui/badge.tsx:5:3
../native prepare:     5   children: React.ReactNode;
../native prepare:         ~~~~~~~~
../native prepare:     'children' is declared here.
../native prepare:   ../../node_modules/.pnpm/@types+react@18.3.23/node_modules/@types/react/index.d.ts:562:14
../native prepare:     562     function createElement<P extends {}>(
../native prepare:                      ~~~~~~~~~~~~~
../native prepare:     The last overload is declared here.
../native prepare: src/ui/badge.test.tsx:112:26 - error TS2339: Property 'testID' does not exist on type 'InputHTMLAttributes<HTMLInputElement>'.
../native prepare: 112     expect(element.props.testID).toBe("badge");
../native prepare:                              ~~~~~~
../native prepare: src/ui/button.test.tsx:59:7 - error TS2769: No overload matches this call.
../native prepare:   The last overload gave the following error.
../native prepare:     Object literal may only specify known properties, and 'size' does not exist in type 'Attributes & ButtonProps'.
../native prepare: 59       size: "sm",
../native prepare:          ~~~~
../native prepare:   ../../node_modules/.pnpm/@types+react@18.3.23/node_modules/@types/react/index.d.ts:562:14
../native prepare:     562     function createElement<P extends {}>(
../native prepare:                      ~~~~~~~~~~~~~
../native prepare:     The last overload is declared here.
../native prepare: src/ui/button.test.tsx:65:26 - error TS2339: Property 'testID' does not exist on type 'InputHTMLAttributes<HTMLInputElement>'.
../native prepare: 65     expect(element.props.testID).toBe("button");
../native prepare:                             ~~~~~~
../native prepare: src/ui/button.test.tsx:70:7 - error TS2769: No overload matches this call.
../native prepare:   The last overload gave the following error.
../native prepare:     Object literal may only specify known properties, and 'size' does not exist in type 'Attributes & ButtonProps'.
../native prepare: 70       size: "md",
../native prepare:          ~~~~
../native prepare:   ../../node_modules/.pnpm/@types+react@18.3.23/node_modules/@types/react/index.d.ts:562:14
../native prepare:     562     function createElement<P extends {}>(
../native prepare:                      ~~~~~~~~~~~~~
../native prepare:     The last overload is declared here.
../native prepare: src/ui/button.test.tsx:76:26 - error TS2339: Property 'testID' does not exist on type 'InputHTMLAttributes<HTMLInputElement>'.
../native prepare: 76     expect(element.props.testID).toBe("button");
../native prepare:                             ~~~~~~
../native prepare: src/ui/button.test.tsx:81:7 - error TS2769: No overload matches this call.
../native prepare:   The last overload gave the following error.
../native prepare:     Object literal may only specify known properties, and 'size' does not exist in type 'Attributes & ButtonProps'.
../native prepare: 81       size: "lg",
../native prepare:          ~~~~
../native prepare:   ../../node_modules/.pnpm/@types+react@18.3.23/node_modules/@types/react/index.d.ts:562:14
../native prepare:     562     function createElement<P extends {}>(
../native prepare:                      ~~~~~~~~~~~~~
../native prepare:     The last overload is declared here.
../native prepare: src/ui/button.test.tsx:87:26 - error TS2339: Property 'testID' does not exist on type 'InputHTMLAttributes<HTMLInputElement>'.
../native prepare: 87     expect(element.props.testID).toBe("button");
../native prepare:                             ~~~~~~
../native prepare: src/ui/button.test.tsx:142:7 - error TS2769: No overload matches this call.
../native prepare:   The last overload gave the following error.
../native prepare:     Object literal may only specify known properties, and 'accessibilityLabel' does not exist in type 'Attributes & ButtonProps'.
../native prepare: 142       accessibilityLabel: "Test button",
../native prepare:           ~~~~~~~~~~~~~~~~~~
../native prepare:   ../../node_modules/.pnpm/@types+react@18.3.23/node_modules/@types/react/index.d.ts:562:14
../native prepare:     562     function createElement<P extends {}>(
../native prepare:                      ~~~~~~~~~~~~~
../native prepare:     The last overload is declared here.
../native prepare: src/ui/button.test.tsx:147:26 - error TS2339: Property 'testID' does not exist on type 'InputHTMLAttributes<HTMLInputElement>'.
../native prepare: 147     expect(element.props.testID).toBe("button");
../native prepare:                              ~~~~~~
../native prepare: src/ui/button.test.tsx:148:26 - error TS2339: Property 'accessibilityLabel' does not exist on type 'InputHTMLAttributes<HTMLInputElement>'.
../native prepare: 148     expect(element.props.accessibilityLabel).toBe("Test button");
../native prepare:                              ~~~~~~~~~~~~~~~~~~
../native prepare: src/ui/button.test.tsx:149:26 - error TS2339: Property 'accessibilityHint' does not exist on type 'InputHTMLAttributes<HTMLInputElement>'.
../native prepare: 149     expect(element.props.accessibilityHint).toBe("Tap to test");
../native prepare:                              ~~~~~~~~~~~~~~~~~
../native prepare: src/ui/card.test.tsx:6:47 - error TS2769: No overload matches this call.
../native prepare:   The last overload gave the following error.
../native prepare:     Argument of type '{}' is not assignable to parameter of type 'Attributes & CardProps'.
../native prepare:       Property 'children' is missing in type '{}' but required in type 'CardProps'.
../native prepare: 6     const element = React.createElement(Card, {},
../native prepare:                                                 ~~
../native prepare:   src/ui/card.tsx:6:3
../native prepare:     6   children: React.ReactNode;
../native prepare:         ~~~~~~~~
../native prepare:     'children' is declared here.
../native prepare:   ../../node_modules/.pnpm/@types+react@18.3.23/node_modules/@types/react/index.d.ts:562:14
../native prepare:     562     function createElement<P extends {}>(
../native prepare:                      ~~~~~~~~~~~~~
../native prepare:     The last overload is declared here.
../native prepare: src/ui/card.test.tsx:15:47 - error TS2769: No overload matches this call.
../native prepare:   The last overload gave the following error.
../native prepare:     Argument of type '{ testID: string; }' is not assignable to parameter of type 'Attributes & CardProps'.
../native prepare:       Property 'children' is missing in type '{ testID: string; }' but required in type 'CardProps'.
../native prepare: 15     const element = React.createElement(Card, {
../native prepare:                                                  ~
../native prepare: 16       testID: "test-card"
../native prepare:    ~~~~~~~~~~~~~~~~~~~~~~~~~
../native prepare: 17     }, React.createElement('div', {}, 'Test Content'));
../native prepare:    ~~~~~
../native prepare:   src/ui/card.tsx:6:3
../native prepare:     6   children: React.ReactNode;
../native prepare:         ~~~~~~~~
../native prepare:     'children' is declared here.
../native prepare:   ../../node_modules/.pnpm/@types+react@18.3.23/node_modules/@types/react/index.d.ts:562:14
../native prepare:     562     function createElement<P extends {}>(
../native prepare:                      ~~~~~~~~~~~~~
../native prepare:     The last overload is declared here.
../native prepare: src/ui/card.test.tsx:20:26 - error TS2339: Property 'testID' does not exist on type 'InputHTMLAttributes<HTMLInputElement>'.
../native prepare: 20     expect(element.props.testID).toBe("test-card");
../native prepare:                             ~~~~~~
../native prepare: src/ui/card.test.tsx:24:47 - error TS2769: No overload matches this call.
../native prepare:   The last overload gave the following error.
../native prepare:     Argument of type '{ padding: number; testID: string; }' is not assignable to parameter of type 'Attributes & CardProps'.
../native prepare:       Property 'children' is missing in type '{ padding: number; testID: string; }' but required in type 'CardProps'.
../native prepare: 24     const element = React.createElement(Card, {
../native prepare:                                                  ~
../native prepare: 25       padding: 20,
../native prepare:    ~~~~~~~~~~~~~~~~~~
../native prepare: 26       testID: "test-card"
../native prepare:    ~~~~~~~~~~~~~~~~~~~~~~~~~
../native prepare: 27     }, React.createElement('div', {}, 'Test Content'));
../native prepare:    ~~~~~
../native prepare:   src/ui/card.tsx:6:3
../native prepare:     6   children: React.ReactNode;
../native prepare:         ~~~~~~~~
../native prepare:     'children' is declared here.
../native prepare:   ../../node_modules/.pnpm/@types+react@18.3.23/node_modules/@types/react/index.d.ts:562:14
../native prepare:     562     function createElement<P extends {}>(
../native prepare:                      ~~~~~~~~~~~~~
../native prepare:     The last overload is declared here.
../native prepare: src/ui/card.test.tsx:30:26 - error TS2339: Property 'padding' does not exist on type 'InputHTMLAttributes<HTMLInputElement>'.
../native prepare: 30     expect(element.props.padding).toBe(20);
../native prepare:                             ~~~~~~~
../native prepare: src/ui/card.test.tsx:31:26 - error TS2339: Property 'testID' does not exist on type 'InputHTMLAttributes<HTMLInputElement>'.
../native prepare: 31     expect(element.props.testID).toBe("test-card");
../native prepare:                             ~~~~~~
../native prepare: src/ui/card.test.tsx:35:47 - error TS2769: No overload matches this call.
../native prepare:   The last overload gave the following error.
../native prepare:     Argument of type '{ margin: number; testID: string; }' is not assignable to parameter of type 'Attributes & CardProps'.
../native prepare:       Property 'children' is missing in type '{ margin: number; testID: string; }' but required in type 'CardProps'.
../native prepare: 35     const element = React.createElement(Card, {
../native prepare:                                                  ~
../native prepare: 36       margin: 10,
../native prepare:    ~~~~~~~~~~~~~~~~~
../native prepare: 37       testID: "test-card"
../native prepare:    ~~~~~~~~~~~~~~~~~~~~~~~~~
../native prepare: 38     }, React.createElement('div', {}, 'Test Content'));
../native prepare:    ~~~~~
../native prepare:   src/ui/card.tsx:6:3
../native prepare:     6   children: React.ReactNode;
../native prepare:         ~~~~~~~~
../native prepare:     'children' is declared here.
../native prepare:   ../../node_modules/.pnpm/@types+react@18.3.23/node_modules/@types/react/index.d.ts:562:14
../native prepare:     562     function createElement<P extends {}>(
../native prepare:                      ~~~~~~~~~~~~~
../native prepare:     The last overload is declared here.
../native prepare: src/ui/card.test.tsx:41:26 - error TS2339: Property 'margin' does not exist on type 'InputHTMLAttributes<HTMLInputElement>'.
../native prepare: 41     expect(element.props.margin
    at makeError (/Users/joaovictordesousa/.npm/_npx/16dafa95d7229539/node_modules/storybook/dist/common/index.cjs:24553:67)
    at handlePromise (/Users/joaovictordesousa/.npm/_npx/16dafa95d7229539/node_modules/storybook/dist/common/index.cjs:25171:15)
    at process.processTicksAndRejections (node:internal/process/task_queues:95:5)
    at async Object.executeTask (/Users/joaovictordesousa/.npm/_npx/16dafa95d7229539/node_modules/storybook/dist/node-logger/index.cjs:9094:11)
    at async ko.installDependencies (/Users/joaovictordesousa/.npm/_npx/16dafa95d7229539/node_modules/storybook/dist/common/index.cjs:25473:5)
    at async /Users/joaovictordesousa/.npm/_npx/16dafa95d7229539/node_modules/@storybook/cli/dist/bin/index.cjs:290:825
    at async withTelemetry (/Users/joaovictordesousa/.npm/_npx/16dafa95d7229539/node_modules/storybook/dist/core-server/index.cjs:42279:12)
    at async upgrade (/Users/joaovictordesousa/.npm/_npx/16dafa95d7229539/node_modules/@storybook/cli/dist/bin/index.cjs:285:1349)
    at async Command.<anonymous> (/Users/joaovictordesousa/.npm/_npx/16dafa95d7229539/node_modules/@storybook/cli/dist/bin/index.cjs:291:3312)
[10:13:29.300] [INFO] Attention: Storybook now collects completely anonymous telemetry regarding usage. This information is used to shape Storybook's roadmap and prioritize features.
[10:13:29.325] [INFO] You can learn more, including how to opt-out if you'd not like to participate in this anonymous program, by visiting the following URL:
[10:13:29.351] [INFO] https://storybook.js.org/telemetry
[10:13:29.376] [INFO] 
[10:13:30.633] [ERROR] Error: Command failed with exit code 1: pnpm install
Scope: all 4 workspace projects
../..                                    | Progress: resolved 0, reused 1, downloaded 0, added 0
../..                                    | â€‰WARNâ€‰ deprecated @storybook/testing-library@0.2.2
../native                                | â€‰WARNâ€‰ deprecated @testing-library/jest-native@5.4.3
../native                                | â€‰WARNâ€‰ deprecated @types/react-native@0.73.0
../native                                | â€‰WARNâ€‰ deprecated eslint@8.57.1
../..                                    | Progress: resolved 761, reused 706, downloaded 2, added 0
../..                                    | Progress: resolved 1699, reused 1576, downloaded 15, added 0
â€‰WARNâ€‰ 30 deprecated subdependencies found: @babel/plugin-proposal-class-properties@7.18.6, @babel/plugin-proposal-nullish-coalescing-operator@7.18.6, @babel/plugin-proposal-object-rest-spread@7.20.7, @babel/plugin-proposal-optional-chaining@7.21.0, @babel/plugin-proposal-private-methods@7.18.6, @babel/plugin-proposal-private-property-in-object@7.21.11, @humanwhocodes/config-array@0.13.0, @humanwhocodes/object-schema@2.0.3, abab@2.0.6, are-we-there-yet@2.0.0, copy-concurrently@1.0.5, domexception@4.0.0, figgy-pudding@3.5.2, fs-write-stream-atomic@1.0.10, fsevents@1.2.13, gauge@3.0.2, glob@7.2.3, glob@8.1.0, inflight@1.0.6, move-concurrently@1.0.1, npmlog@5.0.1, resolve-url@0.2.1, rimraf@2.7.1, rimraf@3.0.2, source-map-resolve@0.5.3, source-map-url@0.4.1, source-map@0.8.0-beta.0, stable@0.1.8, urix@0.1.0, uuid-browser@3.1.0
../..                                    |  +46   -6 +++++-
../..                                    | Progress: resolved 1720, reused 1597, downloaded 15, added 0
../..                                    | Progress: resolved 1720, reused 1597, downloaded 15, added 46, done
../.. prepare$ husky install
../.. prepare: husky - install command is DEPRECATED
../.. prepare: Done
../native postinstall$ husky
../native postinstall: .git can't be found
../native postinstall: Done
../native prepare$ bob build
../native prepare: â„¹ Building target commonjs
../native prepare: â„¹ Cleaning up previous build at lib/commonjs
../native prepare: â„¹ Compiling 56 files in src with babel
../native prepare: âœ” Wrote files to lib/commonjs
../native prepare: â„¹ Building target module
../native prepare: â„¹ Cleaning up previous build at lib/module
../native prepare: â„¹ Compiling 56 files in src with babel
../native prepare: âœ” Wrote files to lib/module
../native prepare: â„¹ Building target typescript
../native prepare: â„¹ Cleaning up previous build at lib/typescript
../native prepare: â„¹ Generating type definitions with tsc
../native prepare: src/ui/badge.test.tsx:6:48 - error TS2769: No overload matches this call.
../native prepare:   The last overload gave the following error.
../native prepare:     Argument of type '{}' is not assignable to parameter of type 'Attributes & BadgeProps'.
../native prepare:       Property 'children' is missing in type '{}' but required in type 'BadgeProps'.
../native prepare: 6     const element = React.createElement(Badge, {}, 'Test Badge');
../native prepare:                                                  ~~
../native prepare:   src/ui/badge.tsx:5:3
../native prepare:     5   children: React.ReactNode;
../native prepare:         ~~~~~~~~
../native prepare:     'children' is declared here.
../native prepare:   ../../node_modules/.pnpm/@types+react@18.3.23/node_modules/@types/react/index.d.ts:562:14
../native prepare:     562     function createElement<P extends {}>(
../native prepare:                      ~~~~~~~~~~~~~
../native prepare:     The last overload is declared here.
../native prepare: src/ui/badge.test.tsx:13:48 - error TS2769: No overload matches this call.
../native prepare:   The last overload gave the following error.
../native prepare:     Argument of type '{ variant: "default"; testID: string; }' is not assignable to parameter of type 'Attributes & BadgeProps'.
../native prepare:       Property 'children' is missing in type '{ variant: "default"; testID: string; }' but required in type 'BadgeProps'.
../native prepare: 13     const element = React.createElement(Badge, {
../native prepare:                                                   ~
../native prepare: 14       variant: "default",
../native prepare:    ~~~~~~~~~~~~~~~~~~~~~~~~~
../native prepare: 15       testID: "badge"
../native prepare:    ~~~~~~~~~~~~~~~~~~~~~
../native prepare: 16     }, 'Default Badge');
../native prepare:    ~~~~~
../native prepare:   src/ui/badge.tsx:5:3
../native prepare:     5   children: React.ReactNode;
../native prepare:         ~~~~~~~~
../native prepare:     'children' is declared here.
../native prepare:   ../../node_modules/.pnpm/@types+react@18.3.23/node_modules/@types/react/index.d.ts:562:14
../native prepare:     562     function createElement<P extends {}>(
../native prepare:                      ~~~~~~~~~~~~~
../native prepare:     The last overload is declared here.
../native prepare: src/ui/badge.test.tsx:19:26 - error TS2339: Property 'variant' does not exist on type 'InputHTMLAttributes<HTMLInputElement>'.
../native prepare: 19     expect(element.props.variant).toBe("default");
../native prepare:                             ~~~~~~~
../native prepare: src/ui/badge.test.tsx:20:26 - error TS2339: Property 'testID' does not exist on type 'InputHTMLAttributes<HTMLInputElement>'.
../native prepare: 20     expect(element.props.testID).toBe("badge");
../native prepare:                             ~~~~~~
../native prepare: src/ui/badge.test.tsx:25:48 - error TS2769: No overload matches this call.
../native prepare:   The last overload gave the following error.
../native prepare:     Argument of type '{ variant: "secondary"; testID: string; }' is not assignable to parameter of type 'Attributes & BadgeProps'.
../native prepare:       Property 'children' is missing in type '{ variant: "secondary"; testID: string; }' but required in type 'BadgeProps'.
../native prepare: 25     const element = React.createElement(Badge, {
../native prepare:                                                   ~
../native prepare: 26       variant: "secondary",
../native prepare:    ~~~~~~~~~~~~~~~~~~~~~~~~~~~
../native prepare: 27       testID: "badge"
../native prepare:    ~~~~~~~~~~~~~~~~~~~~~
../native prepare: 28     }, 'Secondary Badge');
../native prepare:    ~~~~~
../native prepare:   src/ui/badge.tsx:5:3
../native prepare:     5   children: React.ReactNode;
../native prepare:         ~~~~~~~~
../native prepare:     'children' is declared here.
../native prepare:   ../../node_modules/.pnpm/@types+react@18.3.23/node_modules/@types/react/index.d.ts:562:14
../native prepare:     562     function createElement<P extends {}>(
../native prepare:                      ~~~~~~~~~~~~~
../native prepare:     The last overload is declared here.
../native prepare: src/ui/badge.test.tsx:31:26 - error TS2339: Property 'variant' does not exist on type 'InputHTMLAttributes<HTMLInputElement>'.
../native prepare: 31     expect(element.props.variant).toBe("secondary");
../native prepare:                             ~~~~~~~
../native prepare: src/ui/badge.test.tsx:32:26 - error TS2339: Property 'testID' does not exist on type 'InputHTMLAttributes<HTMLInputElement>'.
../native prepare: 32     expect(element.props.testID).toBe("badge");
../native prepare:                             ~~~~~~
../native prepare: src/ui/badge.test.tsx:36:48 - error TS2769: No overload matches this call.
../native prepare:   The last overload gave the following error.
../native prepare:     Argument of type '{ variant: "outline"; testID: string; }' is not assignable to parameter of type 'Attributes & BadgeProps'.
../native prepare:       Property 'children' is missing in type '{ variant: "outline"; testID: string; }' but required in type 'BadgeProps'.
../native prepare: 36     const element = React.createElement(Badge, {
../native prepare:                                                   ~
../native prepare: 37       variant: "outline",
../native prepare:    ~~~~~~~~~~~~~~~~~~~~~~~~~
../native prepare: 38       testID: "badge"
../native prepare:    ~~~~~~~~~~~~~~~~~~~~~
../native prepare: 39     }, 'Outline Badge');
../native prepare:    ~~~~~
../native prepare:   src/ui/badge.tsx:5:3
../native prepare:     5   children: React.ReactNode;
../native prepare:         ~~~~~~~~
../native prepare:     'children' is declared here.
../native prepare:   ../../node_modules/.pnpm/@types+react@18.3.23/node_modules/@types/react/index.d.ts:562:14
../native prepare:     562     function createElement<P extends {}>(
../native prepare:                      ~~~~~~~~~~~~~
../native prepare:     The last overload is declared here.
../native prepare: src/ui/badge.test.tsx:42:26 - error TS2339: Property 'variant' does not exist on type 'InputHTMLAttributes<HTMLInputElement>'.
../native prepare: 42     expect(element.props.variant).toBe("outline");
../native prepare:                             ~~~~~~~
../native prepare: src/ui/badge.test.tsx:43:26 - error TS2339: Property 'testID' does not exist on type 'InputHTMLAttributes<HTMLInputElement>'.
../native prepare: 43     expect(element.props.testID).toBe("badge");
../native prepare:                             ~~~~~~
../native prepare: src/ui/badge.test.tsx:47:48 - error TS2769: No overload matches this call.
../native prepare:   The last overload gave the following error.
../native prepare:     Argument of type '{ variant: "destructive"; testID: string; }' is not assignable to parameter of type 'Attributes & BadgeProps'.
../native prepare:       Property 'children' is missing in type '{ variant: "destructive"; testID: string; }' but required in type 'BadgeProps'.
../native prepare: 47     const element = React.createElement(Badge, {
../native prepare:                                                   ~
../native prepare: 48       variant: "destructive",
../native prepare:    ~~~~~~~~~~~~~~~~~~~~~~~~~~~~~
../native prepare: 49       testID: "badge"
../native prepare:    ~~~~~~~~~~~~~~~~~~~~~
../native prepare: 50     }, 'Destructive Badge');
../native prepare:    ~~~~~
../native prepare:   src/ui/badge.tsx:5:3
../native prepare:     5   children: React.ReactNode;
../native prepare:         ~~~~~~~~
../native prepare:     'children' is declared here.
../native prepare:   ../../node_modules/.pnpm/@types+react@18.3.23/node_modules/@types/react/index.d.ts:562:14
../native prepare:     562     function createElement<P extends {}>(
../native prepare:                      ~~~~~~~~~~~~~
../native prepare:     The last overload is declared here.
../native prepare: src/ui/badge.test.tsx:53:26 - error TS2339: Property 'variant' does not exist on type 'InputHTMLAttributes<HTMLInputElement>'.
../native prepare: 53     expect(element.props.variant).toBe("destructive");
../native prepare:                             ~~~~~~~
../native prepare: src/ui/badge.test.tsx:54:26 - error TS2339: Property 'testID' does not exist on type 'InputHTMLAttributes<HTMLInputElement>'.
../native prepare: 54     expect(element.props.testID).toBe("badge");
../native prepare:                             ~~~~~~
../native prepare: src/ui/badge.test.tsx:59:48 - error TS2769: No overload matches this call.
../native prepare:   The last overload gave the following error.
../native prepare:     Argument of type '{ onPress: jest.Mock<any, any, any>; testID: string; }' is not assignable to parameter of type 'Attributes & BadgeProps'.
../native prepare:       Property 'children' is missing in type '{ onPress: jest.Mock<any, any, any>; testID: string; }' but required in type 'BadgeProps'.
../native prepare: 59     const element = React.createElement(Badge, {
../native prepare:                                                   ~
../native prepare: 60       onPress: mockOnPress,
../native prepare:    ~~~~~~~~~~~~~~~~~~~~~~~~~~~
../native prepare: 61       testID: "badge"
../native prepare:    ~~~~~~~~~~~~~~~~~~~~~
../native prepare: 62     }, 'Clickable Badge');
../native prepare:    ~~~~~
../native prepare:   src/ui/badge.tsx:5:3
../native prepare:     5   children: React.ReactNode;
../native prepare:         ~~~~~~~~
../native prepare:     'children' is declared here.
../native prepare:   ../../node_modules/.pnpm/@types+react@18.3.23/node_modules/@types/react/index.d.ts:562:14
../native prepare:     562     function createElement<P extends {}>(
../native prepare:                      ~~~~~~~~~~~~~
../native prepare:     The last overload is declared here.
../native prepare: src/ui/badge.test.tsx:65:26 - error TS2339: Property 'onPress' does not exist on type 'InputHTMLAttributes<HTMLInputElement>'.
../native prepare: 65     expect(element.props.onPress).toBe(mockOnPress);
../native prepare:                             ~~~~~~~
../native prepare: src/ui/badge.test.tsx:66:26 - error TS2339: Property 'testID' does not exist on type 'InputHTMLAttributes<HTMLInputElement>'.
../native prepare: 66     expect(element.props.testID).toBe("badge");
../native prepare:                             ~~~~~~
../native prepare: src/ui/badge.test.tsx:71:48 - error TS2769: No overload matches this call.
../native prepare:   The last overload gave the following error.
../native prepare:     Argument of type '{ onRemove: jest.Mock<any, any, any>; testID: string; }' is not assignable to parameter of type 'Attributes & BadgeProps'.
../native prepare:       Property 'children' is missing in type '{ onRemove: jest.Mock<any, any, any>; testID: string; }' but required in type 'BadgeProps'.
../native prepare: 71     const element = React.createElement(Badge, {
../native prepare:                                                   ~
../native prepare: 72       onRemove: mockOnRemove,
../native prepare:    ~~~~~~~~~~~~~~~~~~~~~~~~~~~~~
../native prepare: 73       testID: "badge"
../native prepare:    ~~~~~~~~~~~~~~~~~~~~~
../native prepare: 74     }, 'Removable Badge');
../native prepare:    ~~~~~
../native prepare:   src/ui/badge.tsx:5:3
../native prepare:     5   children: React.ReactNode;
../native prepare:         ~~~~~~~~
../native prepare:     'children' is declared here.
../native prepare:   ../../node_modules/.pnpm/@types+react@18.3.23/node_modules/@types/react/index.d.ts:562:14
../native prepare:     562     function createElement<P extends {}>(
../native prepare:                      ~~~~~~~~~~~~~
../native prepare:     The last overload is declared here.
../native prepare: src/ui/badge.test.tsx:77:26 - error TS2339: Property 'onRemove' does not exist on type 'InputHTMLAttributes<HTMLInputElement>'.
../native prepare: 77     expect(element.props.onRemove).toBe(mockOnRemove);
../native prepare:                             ~~~~~~~~
../native prepare: src/ui/badge.test.tsx:78:26 - error TS2339: Property 'testID' does not exist on type 'InputHTMLAttributes<HTMLInputElement>'.
../native prepare: 78     expect(element.props.testID).toBe("badge");
../native prepare:                             ~~~~~~
../native prepare: src/ui/badge.test.tsx:83:48 - error TS2769: No overload matches this call.
../native prepare:   The last overload gave the following error.
../native prepare:     Argument of type '{ size: "sm"; testID: string; }' is not assignable to parameter of type 'Attributes & BadgeProps'.
../native prepare:       Property 'children' is missing in type '{ size: "sm"; testID: string; }' but required in type 'BadgeProps'.
../native prepare: 83     const element = React.createElement(Badge, {
../native prepare:                                                   ~
../native prepare: 84       size: "sm",
../native prepare:    ~~~~~~~~~~~~~~~~~
../native prepare: 85       testID: "badge"
../native prepare:    ~~~~~~~~~~~~~~~~~~~~~
../native prepare: 86     }, 'Small Badge');
../native prepare:    ~~~~~
../native prepare:   src/ui/badge.tsx:5:3
../native prepare:     5   children: React.ReactNode;
../native prepare:         ~~~~~~~~
../native prepare:     'children' is declared here.
../native prepare:   ../../node_modules/.pnpm/@types+react@18.3.23/node_modules/@types/react/index.d.ts:562:14
../native prepare:     562     function createElement<P extends {}>(
../native prepare:                      ~~~~~~~~~~~~~
../native prepare:     The last overload is declared here.
../native prepare: src/ui/badge.test.tsx:90:26 - error TS2339: Property 'testID' does not exist on type 'InputHTMLAttributes<HTMLInputElement>'.
../native prepare: 90     expect(element.props.testID).toBe("badge");
../native prepare:                             ~~~~~~
../native prepare: src/ui/badge.test.tsx:94:48 - error TS2769: No overload matches this call.
../native prepare:   The last overload gave the following error.
../native prepare:     Argument of type '{ size: "lg"; testID: string; }' is not assignable to parameter of type 'Attributes & BadgeProps'.
../native prepare:       Property 'children' is missing in type '{ size: "lg"; testID: string; }' but required in type 'BadgeProps'.
../native prepare: 94     const element = React.createElement(Badge, {
../native prepare:                                                   ~
../native prepare: 95       size: "lg",
../native prepare:    ~~~~~~~~~~~~~~~~~
../native prepare: 96       testID: "badge"
../native prepare:    ~~~~~~~~~~~~~~~~~~~~~
../native prepare: 97     }, 'Large Badge');
../native prepare:    ~~~~~
../native prepare:   src/ui/badge.tsx:5:3
../native prepare:     5   children: React.ReactNode;
../native prepare:         ~~~~~~~~
../native prepare:     'children' is declared here.
../native prepare:   ../../node_modules/.pnpm/@types+react@18.3.23/node_modules/@types/react/index.d.ts:562:14
../native prepare:     562     function createElement<P extends {}>(
../native prepare:                      ~~~~~~~~~~~~~
../native prepare:     The last overload is declared here.
../native prepare: src/ui/badge.test.tsx:101:26 - error TS2339: Property 'testID' does not exist on type 'InputHTMLAttributes<HTMLInputElement>'.
../native prepare: 101     expect(element.props.testID).toBe("badge");
../native prepare:                              ~~~~~~
../native prepare: src/ui/badge.test.tsx:105:48 - error TS2769: No overload matches this call.
../native prepare:   The last overload gave the following error.
../native prepare:     Argument of type '{ size: "default"; testID: string; }' is not assignable to parameter of type 'Attributes & BadgeProps'.
../native prepare:       Property 'children' is missing in type '{ size: "default"; testID: string; }' but required in type 'BadgeProps'.
../native prepare: 105     const element = React.createElement(Badge, {
../native prepare:                                                    ~
../native prepare: 106       size: "default",
../native prepare:     ~~~~~~~~~~~~~~~~~~~~~~
../native prepare: 107       testID: "badge"
../native prepare:     ~~~~~~~~~~~~~~~~~~~~~
../native prepare: 108     }, 'Default Size Badge');
../native prepare:     ~~~~~
../native prepare:   src/ui/badge.tsx:5:3
../native prepare:     5   children: React.ReactNode;
../native prepare:         ~~~~~~~~
../native prepare:     'children' is declared here.
../native prepare:   ../../node_modules/.pnpm/@types+react@18.3.23/node_modules/@types/react/index.d.ts:562:14
../native prepare:     562     function createElement<P extends {}>(
../native prepare:                      ~~~~~~~~~~~~~
../native prepare:     The last overload is declared here.
../native prepare: src/ui/badge.test.tsx:112:26 - error TS2339: Property 'testID' does not exist on type 'InputHTMLAttributes<HTMLInputElement>'.
../native prepare: 112     expect(element.props.testID).toBe("badge");
../native prepare:                              ~~~~~~
../native prepare: src/ui/button.test.tsx:59:7 - error TS2769: No overload matches this call.
../native prepare:   The last overload gave the following error.
../native prepare:     Object literal may only specify known properties, and 'size' does not exist in type 'Attributes & ButtonProps'.
../native prepare: 59       size: "sm",
../native prepare:          ~~~~
../native prepare:   ../../node_modules/.pnpm/@types+react@18.3.23/node_modules/@types/react/index.d.ts:562:14
../native prepare:     562     function createElement<P extends {}>(
../native prepare:                      ~~~~~~~~~~~~~
../native prepare:     The last overload is declared here.
../native prepare: src/ui/button.test.tsx:65:26 - error TS2339: Property 'testID' does not exist on type 'InputHTMLAttributes<HTMLInputElement>'.
../native prepare: 65     expect(element.props.testID).toBe("button");
../native prepare:                             ~~~~~~
../native prepare: src/ui/button.test.tsx:70:7 - error TS2769: No overload matches this call.
../native prepare:   The last overload gave the following error.
../native prepare:     Object literal may only specify known properties, and 'size' does not exist in type 'Attributes & ButtonProps'.
../native prepare: 70       size: "md",
../native prepare:          ~~~~
../native prepare:   ../../node_modules/.pnpm/@types+react@18.3.23/node_modules/@types/react/index.d.ts:562:14
../native prepare:     562     function createElement<P extends {}>(
../native prepare:                      ~~~~~~~~~~~~~
../native prepare:     The last overload is declared here.
../native prepare: src/ui/button.test.tsx:76:26 - error TS2339: Property 'testID' does not exist on type 'InputHTMLAttributes<HTMLInputElement>'.
../native prepare: 76     expect(element.props.testID).toBe("button");
../native prepare:                             ~~~~~~
../native prepare: src/ui/button.test.tsx:81:7 - error TS2769: No overload matches this call.
../native prepare:   The last overload gave the following error.
../native prepare:     Object literal may only specify known properties, and 'size' does not exist in type 'Attributes & ButtonProps'.
../native prepare: 81       size: "lg",
../native prepare:          ~~~~
../native prepare:   ../../node_modules/.pnpm/@types+react@18.3.23/node_modules/@types/react/index.d.ts:562:14
../native prepare:     562     function createElement<P extends {}>(
../native prepare:                      ~~~~~~~~~~~~~
../native prepare:     The last overload is declared here.
../native prepare: src/ui/button.test.tsx:87:26 - error TS2339: Property 'testID' does not exist on type 'InputHTMLAttributes<HTMLInputElement>'.
../native prepare: 87     expect(element.props.testID).toBe("button");
../native prepare:                             ~~~~~~
../native prepare: src/ui/button.test.tsx:142:7 - error TS2769: No overload matches this call.
../native prepare:   The last overload gave the following error.
../native prepare:     Object literal may only specify known properties, and 'accessibilityLabel' does not exist in type 'Attributes & ButtonProps'.
../native prepare: 142       accessibilityLabel: "Test button",
../native prepare:           ~~~~~~~~~~~~~~~~~~
../native prepare:   ../../node_modules/.pnpm/@types+react@18.3.23/node_modules/@types/react/index.d.ts:562:14
../native prepare:     562     function createElement<P extends {}>(
../native prepare:                      ~~~~~~~~~~~~~
../native prepare:     The last overload is declared here.
../native prepare: src/ui/button.test.tsx:147:26 - error TS2339: Property 'testID' does not exist on type 'InputHTMLAttributes<HTMLInputElement>'.
../native prepare: 147     expect(element.props.testID).toBe("button");
../native prepare:                              ~~~~~~
../native prepare: src/ui/button.test.tsx:148:26 - error TS2339: Property 'accessibilityLabel' does not exist on type 'InputHTMLAttributes<HTMLInputElement>'.
../native prepare: 148     expect(element.props.accessibilityLabel).toBe("Test button");
../native prepare:                              ~~~~~~~~~~~~~~~~~~
../native prepare: src/ui/button.test.tsx:149:26 - error TS2339: Property 'accessibilityHint' does not exist on type 'InputHTMLAttributes<HTMLInputElement>'.
../native prepare: 149     expect(element.props.accessibilityHint).toBe("Tap to test");
../native prepare:                              ~~~~~~~~~~~~~~~~~
../native prepare: src/ui/card.test.tsx:6:47 - error TS2769: No overload matches this call.
../native prepare:   The last overload gave the following error.
../native prepare:     Argument of type '{}' is not assignable to parameter of type 'Attributes & CardProps'.
../native prepare:       Property 'children' is missing in type '{}' but required in type 'CardProps'.
../native prepare: 6     const element = React.createElement(Card, {},
../native prepare:                                                 ~~
../native prepare:   src/ui/card.tsx:6:3
../native prepare:     6   children: React.ReactNode;
../native prepare:         ~~~~~~~~
../native prepare:     'children' is declared here.
../native prepare:   ../../node_modules/.pnpm/@types+react@18.3.23/node_modules/@types/react/index.d.ts:562:14
../native prepare:     562     function createElement<P extends {}>(
../native prepare:                      ~~~~~~~~~~~~~
../native prepare:     The last overload is declared here.
../native prepare: src/ui/card.test.tsx:15:47 - error TS2769: No overload matches this call.
../native prepare:   The last overload gave the following error.
../native prepare:     Argument of type '{ testID: string; }' is not assignable to parameter of type 'Attributes & CardProps'.
../native prepare:       Property 'children' is missing in type '{ testID: string; }' but required in type 'CardProps'.
../native prepare: 15     const element = React.createElement(Card, {
../native prepare:                                                  ~
../native prepare: 16       testID: "test-card"
../native prepare:    ~~~~~~~~~~~~~~~~~~~~~~~~~
../native prepare: 17     }, React.createElement('div', {}, 'Test Content'));
../native prepare:    ~~~~~
../native prepare:   src/ui/card.tsx:6:3
../native prepare:     6   children: React.ReactNode;
../native prepare:         ~~~~~~~~
../native prepare:     'children' is declared here.
../native prepare:   ../../node_modules/.pnpm/@types+react@18.3.23/node_modules/@types/react/index.d.ts:562:14
../native prepare:     562     function createElement<P extends {}>(
../native prepare:                      ~~~~~~~~~~~~~
../native prepare:     The last overload is declared here.
../native prepare: src/ui/card.test.tsx:20:26 - error TS2339: Property 'testID' does not exist on type 'InputHTMLAttributes<HTMLInputElement>'.
../native prepare: 20     expect(element.props.testID).toBe("test-card");
../native prepare:                             ~~~~~~
../native prepare: src/ui/card.test.tsx:24:47 - error TS2769: No overload matches this call.
../native prepare:   The last overload gave the following error.
../native prepare:     Argument of type '{ padding: number; testID: string; }' is not assignable to parameter of type 'Attributes & CardProps'.
../native prepare:       Property 'children' is missing in type '{ padding: number; testID: string; }' but required in type 'CardProps'.
../native prepare: 24     const element = React.createElement(Card, {
../native prepare:                                                  ~
../native prepare: 25       padding: 20,
../native prepare:    ~~~~~~~~~~~~~~~~~~
../native prepare: 26       testID: "test-card"
../native prepare:    ~~~~~~~~~~~~~~~~~~~~~~~~~
../native prepare: 27     }, React.createElement('div', {}, 'Test Content'));
../native prepare:    ~~~~~
../native prepare:   src/ui/card.tsx:6:3
../native prepare:     6   children: React.ReactNode;
../native prepare:         ~~~~~~~~
../native prepare:     'children' is declared here.
../native prepare:   ../../node_modules/.pnpm/@types+react@18.3.23/node_modules/@types/react/index.d.ts:562:14
../native prepare:     562     function createElement<P extends {}>(
../native prepare:                      ~~~~~~~~~~~~~
../native prepare:     The last overload is declared here.
../native prepare: src/ui/card.test.tsx:30:26 - error TS2339: Property 'padding' does not exist on type 'InputHTMLAttributes<HTMLInputElement>'.
../native prepare: 30     expect(element.props.padding).toBe(20);
../native prepare:                             ~~~~~~~
../native prepare: src/ui/card.test.tsx:31:26 - error TS2339: Property 'testID' does not exist on type 'InputHTMLAttributes<HTMLInputElement>'.
../native prepare: 31     expect(element.props.testID).toBe("test-card");
../native prepare:                             ~~~~~~
../native prepare: src/ui/card.test.tsx:35:47 - error TS2769: No overload matches this call.
../native prepare:   The last overload gave the following error.
../native prepare:     Argument of type '{ margin: number; testID: string; }' is not assignable to parameter of type 'Attributes & CardProps'.
../native prepare:       Property 'children' is missing in type '{ margin: number; testID: string; }' but required in type 'CardProps'.
../native prepare: 35     const element = React.createElement(Card, {
../native prepare:                                                  ~
../native prepare: 36       margin: 10,
../native prepare:    ~~~~~~~~~~~~~~~~~
../native prepare: 37       testID: "test-card"
../native prepare:    ~~~~~~~~~~~~~~~~~~~~~~~~~
../native prepare: 38     }, React.createElement('div', {}, 'Test Content'));
../native prepare:    ~~~~~
../native prepare:   src/ui/card.tsx:6:3
../native prepare:     6   children: React.ReactNode;
../native prepare:         ~~~~~~~~
../native prepare:     'children' is declared here.
../native prepare:   ../../node_modules/.pnpm/@types+react@18.3.23/node_modules/@types/react/index.d.ts:562:14
../native prepare:     562     function createElement<P extends {}>(
../native prepare:                      ~~~~~~~~~~~~~
../native prepare:     The last overload is declared here.
../native prepare: src/ui/card.test.tsx:41:26 - error TS2339: Property 'margin' does not exist on type 'InputHTMLAttributes<HTMLInputElement>'.
../native prepare: 41     expect(element.props.margin